BLOCK00/SES002/SA002S12	SES002	0.659972	-7.11705	-7.77702
BLOCK00/SES002/SA002S13	SES002	1.31062	-7.23029	-8.54092
BLOCK00/SES002/SA002S23	SES002	0.285027	-7.64606	-7.93109
BLOCK00/SES002/SA002S26	SES002	0.340765	-8.35296	-8.69373
BLOCK00/SES002/SA002S28	SES002	0.4487	-7.54129	-7.98999
BLOCK00/SES007/SA007S14	SES007	0.462319	-6.07294	-6.53526
BLOCK00/SES007/SA007S15	SES007	0.345428	-6.9215	-7.26693
BLOCK00/SES007/SA007S24	SES007	0.352401	-6.46343	-6.81583
BLOCK00/SES007/SA007S27	SES007	0.0839176	-7.83429	-7.9182
BLOCK00/SES007/SA007S29	SES007	-0.0184855	-6.75429	-6.73581
BLOCK00/SES008/SA008S11	SES008	1.17341	-6.30043	-7.47383
BLOCK00/SES008/SA008S12	SES008	-0.292629	-7.50625	-7.21362
BLOCK00/SES008/SA008S19	SES008	1.00848	-6.62629	-7.63477
BLOCK00/SES008/SA008S22	SES008	0.389131	-7.43848	-7.82761
BLOCK00/SES008/SA008S29	SES008	1.01483	-6.39918	-7.41401
BLOCK01/SES014/SA014S10	SES014	0.519719	-7.01891	-7.53863
BLOCK01/SES014/SA014S12	SES014	1.39206	-6.12221	-7.51427
BLOCK01/SES014/SA014S24	SES014	0.573153	-7.11429	-7.68744
BLOCK01/SES014/SA014S26	SES014	1.17321	-6.03692	-7.21014
BLOCK01/SES014/SA014S28	SES014	1.58578	-5.52745	-7.11322
BLOCK01/SES016/SA016S12	SES016	1.18564	-8.20786	-9.3935
BLOCK01/SES016/SA016S13	SES016	0.52183	-6.92014	-7.44197
BLOCK01/SES016/SA016S22	SES016	0.940126	-6.39766	-7.33779
BLOCK01/SES016/SA016S25	SES016	0.929791	-5.16177	-6.09156
BLOCK01/SES016/SA016S27	SES016	0.889876	-6.29356	-7.18344
BLOCK01/SES019/SA019S13	SES019	3.17452	-5.85087	-9.0254
BLOCK01/SES019/SA019S14	SES019	0.904847	-7.94621	-8.85106
BLOCK01/SES019/SA019S22	SES019	1.82655	-6.54292	-8.36947
BLOCK01/SES019/SA019S25	SES019	1.87247	-6.62431	-8.49679
BLOCK01/SES019/SA019S29	SES019	3.49958	-6.65041	-10.15
BLOCK02/SES029/SA029S11	SES029	0.445051	-6.03175	-6.4768
BLOCK02/SES029/SA029S12	SES029	-0.00690794	-6.66895	-6.66205
BLOCK02/SES029/SA029S20	SES029	0.11744	-6.39954	-6.51698
BLOCK02/SES029/SA029S25	SES029	0.243469	-6.80476	-7.04823
BLOCK02/SES029/SA029S28	SES029	0.153029	-6.48948	-6.6425
BLOCK04/SES042/SA042S12	SES042	0.847324	-6.45588	-7.30321
BLOCK04/SES042/SA042S15	SES042	1.03302	-5.62034	-6.65335
BLOCK04/SES042/SA042S22	SES042	1.47638	-6.74135	-8.21774
BLOCK04/SES042/SA042S25	SES042	0.765962	-7.95362	-8.71958
BLOCK04/SES042/SA042S27	SES042	1.43749	-6.64311	-8.0806
BLOCK04/SES048/SA048S11	SES048	0.385721	-5.96602	-6.35174
BLOCK04/SES048/SA048S12	SES048	0.141718	-7.53643	-7.67815
BLOCK04/SES048/SA048S20	SES048	0.161468	-6.21396	-6.37543
BLOCK04/SES048/SA048S23	SES048	0.905153	-6.23564	-7.14079
BLOCK04/SES048/SA048S27	SES048	0.250761	-7.11512	-7.36589
BLOCK06/SES060/SA060S11	SES060	0.729031	-6.62981	-7.35884
BLOCK06/SES060/SA060S12	SES060	0.792809	-7.44021	-8.23302
BLOCK06/SES060/SA060S22	SES060	-1.32409	-9.10078	-7.77668
BLOCK06/SES060/SA060S24	SES060	0.981812	-5.53398	-6.51579
BLOCK06/SES060/SA060S28	SES060	0.781707	-5.44296	-6.22467
BLOCK06/SES062/SA062S10	SES062	-0.375778	-7.16051	-6.78473
BLOCK06/SES062/SA062S11	SES062	-0.0544634	-8.03619	-7.98172
BLOCK06/SES062/SA062S21	SES062	0.531243	-5.20677	-5.73802
BLOCK06/SES062/SA062S26	SES062	-0.219263	-7.37224	-7.15298
BLOCK06/SES062/SA062S29	SES062	0.438304	-6.13268	-6.57098
BLOCK06/SES068/SA068S14	SES068	0.297186	-7.12735	-7.42453
BLOCK06/SES068/SA068S15	SES068	0.691802	-6.69746	-7.38926
BLOCK06/SES068/SA068S23	SES068	0.041183	-7.30813	-7.34931
BLOCK06/SES068/SA068S27	SES068	1.43665	-5.93915	-7.3758
BLOCK06/SES068/SA068S29	SES068	0.370731	-7.11233	-7.48306
BLOCK08/SES082/SA082S12	SES082	-0.603574	-8.62232	-8.01874
BLOCK08/SES082/SA082S14	SES082	-0.478515	-8.42196	-7.94345
BLOCK08/SES082/SA082S21	SES082	0.213311	-7.13111	-7.34442
BLOCK08/SES082/SA082S24	SES082	-0.173727	-7.94036	-7.76663
BLOCK08/SES082/SA082S28	SES082	0.391148	-7.48266	-7.8738
BLOCK08/SES083/SA083S14	SES083	-0.123287	-6.88449	-6.7612
BLOCK08/SES083/SA083S15	SES083	0.359344	-6.59936	-6.95871
BLOCK08/SES083/SA083S24	SES083	0.135884	-7.12778	-7.26366
BLOCK08/SES083/SA083S26	SES083	-0.0401125	-8.13659	-8.09648
BLOCK08/SES083/SA083S29	SES083	-0.0665336	-7.45089	-7.38435
BLOCK08/SES085/SA085S10	SES085	0.77936	-5.9963	-6.77566
BLOCK08/SES085/SA085S13	SES085	-0.455028	-8.1521	-7.69707
BLOCK08/SES085/SA085S22	SES085	0.523615	-6.62011	-7.14373
BLOCK08/SES085/SA085S26	SES085	-0.161881	-7.37491	-7.21303
BLOCK08/SES085/SA085S28	SES085	0.203825	-7.12156	-7.32539
BLOCK08/SES087/SA087S15	SES087	0.566964	-7.7315	-8.29847
BLOCK08/SES087/SA087S16	SES087	1.21387	-7.24247	-8.45634
BLOCK08/SES087/SA087S24	SES087	0.889943	-7.21981	-8.10976
BLOCK08/SES087/SA087S26	SES087	0.646144	-6.53341	-7.17955
BLOCK08/SES087/SA087S29	SES087	1.207	-6.27391	-7.4809
BLOCK09/SES099/SA099S15	SES099	0.499488	-7.57813	-8.07762
BLOCK09/SES099/SA099S16	SES099	0.854663	-6.85475	-7.70941
BLOCK09/SES099/SA099S24	SES099	0.670154	-7.26218	-7.93233
BLOCK09/SES099/SA099S26	SES099	0.634136	-6.79887	-7.433
BLOCK09/SES099/SA099S29	SES099	0.285504	-7.73698	-8.02249
BLOCK10/SES101/SA101S11	SES101	0.475375	-6.04705	-6.52242
BLOCK10/SES101/SA101S13	SES101	0.517422	-5.15739	-5.67481
BLOCK10/SES101/SA101S22	SES101	0.324798	-7.4541	-7.7789
BLOCK10/SES101/SA101S24	SES101	0.629969	-6.42917	-7.05914
BLOCK10/SES101/SA101S28	SES101	0.597527	-6.68318	-7.28071
BLOCK10/SES104/SA104S11	SES104	0.444872	-6.49465	-6.93953
BLOCK10/SES104/SA104S12	SES104	0.494327	-7.25843	-7.75275
BLOCK10/SES104/SA104S21	SES104	0.50854	-7.2804	-7.78894
BLOCK10/SES104/SA104S24	SES104	-0.287528	-8.07432	-7.78679
BLOCK10/SES104/SA104S28	SES104	0.866455	-6.77269	-7.63915
BLOCK10/SES105/SA105S12	SES105	0.687729	-7.47248	-8.16021
BLOCK10/SES105/SA105S13	SES105	-0.0295982	-7.28547	-7.25587
BLOCK10/SES105/SA105S22	SES105	0.653127	-7.80898	-8.4621
BLOCK10/SES105/SA105S26	SES105	0.851867	-7.44209	-8.29395
BLOCK10/SES105/SA105S29	SES105	0.939346	-6.01447	-6.95382
BLOCK10/SES106/SA106S09	SES106	0.436677	-7.56969	-8.00636
BLOCK10/SES106/SA106S11	SES106	0.515214	-6.64993	-7.16514
BLOCK10/SES106/SA106S22	SES106	1.19378	-7.16277	-8.35655
BLOCK10/SES106/SA106S27	SES106	0.257065	-6.88261	-7.13968
BLOCK10/SES106/SA106S29	SES106	0.613376	-6.1442	-6.75758
BLOCK11/SES117/SA117S12	SES117	0.71835	-7.12986	-7.84821
BLOCK11/SES117/SA117S13	SES117	0.00814819	-7.73856	-7.74671
BLOCK11/SES117/SA117S23	SES117	0.647007	-8.23224	-8.87925
BLOCK11/SES117/SA117S25	SES117	0.57559	-7.52342	-8.09901
BLOCK11/SES117/SA117S28	SES117	0.937088	-7.13154	-8.06863
BLOCK12/SES120/SA120S08	SES120	0.342403	-7.35383	-7.69624
BLOCK12/SES120/SA120S11	SES120	0.115045	-9.7046	-9.81965
BLOCK12/SES120/SA120S22	SES120	0.0687566	-6.79722	-6.86597
BLOCK12/SES120/SA120S24	SES120	-0.0396318	-7.85989	-7.82026
BLOCK12/SES120/SA120S28	SES120	-0.108454	-7.99575	-7.88729
BLOCK12/SES125/SA125S13	SES125	0.850426	-6.75295	-7.60338
BLOCK12/SES125/SA125S14	SES125	0.442032	-7.46204	-7.90408
BLOCK12/SES125/SA125S25	SES125	1.02513	-7.11636	-8.14149
BLOCK12/SES125/SA125S27	SES125	0.94437	-6.55109	-7.49546
BLOCK12/SES125/SA125S29	SES125	0.46154	-6.83601	-7.29755
BLOCK12/SES127/SA127S11	SES127	0.170882	-7.40895	-7.57983
BLOCK12/SES127/SA127S12	SES127	0.274887	-5.80186	-6.07675
BLOCK12/SES127/SA127S23	SES127	0.134228	-6.51879	-6.65302
BLOCK12/SES127/SA127S25	SES127	0.320836	-6.38529	-6.70612
BLOCK12/SES127/SA127S27	SES127	0.815939	-6.45981	-7.27574
BLOCK12/SES129/SA129S11	SES129	1.02779	-5.72826	-6.75604
BLOCK12/SES129/SA129S12	SES129	0.673985	-5.78028	-6.45427
BLOCK12/SES129/SA129S22	SES129	0.646075	-6.59891	-7.24499
BLOCK12/SES129/SA129S27	SES129	1.07445	-6.37358	-7.44804
BLOCK12/SES129/SA129S29	SES129	0.0847421	-7.80196	-7.8867
BLOCK14/SES142/SA142S11	SES142	0.918802	-6.18992	-7.10872
BLOCK14/SES142/SA142S12	SES142	0.431261	-7.20441	-7.63567
BLOCK14/SES142/SA142S24	SES142	0.869886	-6.25803	-7.12791
BLOCK14/SES142/SA142S27	SES142	1.00774	-6.10912	-7.11686
BLOCK14/SES142/SA142S29	SES142	1.16248	-5.92237	-7.08485
BLOCK14/SES143/SA143S12	SES143	0.65167	-6.87433	-7.526
BLOCK14/SES143/SA143S13	SES143	0.673649	-6.90962	-7.58327
BLOCK14/SES143/SA143S23	SES143	0.140843	-6.99064	-7.13148
BLOCK14/SES143/SA143S25	SES143	0.377964	-7.20116	-7.57913
BLOCK14/SES143/SA143S28	SES143	0.534208	-6.7861	-7.32031
BLOCK14/SES144/SA144S09	SES144	0.190067	-7.31622	-7.50628
BLOCK14/SES144/SA144S11	SES144	0.00920391	-6.94093	-6.95013
BLOCK14/SES144/SA144S21	SES144	-0.316241	-7.88014	-7.5639
BLOCK14/SES144/SA144S25	SES144	0.332307	-7.45685	-7.78916
BLOCK14/SES144/SA144S29	SES144	-0.51813	-8.06467	-7.54654
BLOCK14/SES146/SA146S14	SES146	0.409425	-7.41051	-7.81994
BLOCK14/SES146/SA146S15	SES146	-0.104928	-7.71092	-7.60599
BLOCK14/SES146/SA146S24	SES146	0.239986	-7.1925	-7.43249
BLOCK14/SES146/SA146S26	SES146	0.38185	-7.22684	-7.60869
BLOCK14/SES146/SA146S29	SES146	0.393504	-7.71227	-8.10578
BLOCK14/SES147/SA147S11	SES147	0.0895247	-7.195	-7.28452
BLOCK14/SES147/SA147S13	SES147	0.333135	-6.28648	-6.61961
BLOCK14/SES147/SA147S23	SES147	0.380004	-7.20213	-7.58213
BLOCK14/SES147/SA147S26	SES147	0.899615	-6.83363	-7.73324
BLOCK14/SES147/SA147S28	SES147	0.914991	-6.22909	-7.14408
BLOCK14/SES148/SA148S10	SES148	0.603758	-6.18305	-6.78681
BLOCK14/SES148/SA148S12	SES148	-0.330623	-7.80198	-7.47136
BLOCK14/SES148/SA148S22	SES148	0.479288	-6.4337	-6.91299
BLOCK14/SES148/SA148S26	SES148	-0.0514708	-6.11924	-6.06777
BLOCK14/SES148/SA148S29	SES148	0.0247884	-7.3677	-7.39249
BLOCK14/SES149/SA149S13	SES149	-0.322898	-6.90499	-6.58209
BLOCK14/SES149/SA149S14	SES149	-0.00139713	-6.3243	-6.3229
BLOCK14/SES149/SA149S24	SES149	0.450793	-6.63351	-7.0843
BLOCK14/SES149/SA149S26	SES149	0.59538	-5.83951	-6.43489
BLOCK14/SES149/SA149S28	SES149	1.10637	-5.07013	-6.1765
BLOCK15/SES158/SA158S13	SES158	0.646252	-6.69466	-7.34092
BLOCK15/SES158/SA158S14	SES158	0.659055	-7.5031	-8.16216
BLOCK15/SES158/SA158S23	SES158	0.509551	-6.03937	-6.54892
BLOCK15/SES158/SA158S26	SES158	1.04514	-7.11411	-8.15925
BLOCK15/SES158/SA158S28	SES158	0.0905738	-7.63167	-7.72224
BLOCK16/SES162/SA162S10	SES162	0.203277	-8.10704	-8.31032
BLOCK16/SES162/SA162S11	SES162	0.447481	-6.34871	-6.79619
BLOCK16/SES162/SA162S21	SES162	0.834945	-6.52484	-7.35979
BLOCK16/SES162/SA162S24	SES162	0.239724	-6.91891	-7.15863
BLOCK16/SES162/SA162S27	SES162	0.924855	-7.52672	-8.45157
BLOCK16/SES167/SA167S14	SES167	1.06419	-5.99897	-7.06315
BLOCK16/SES167/SA167S15	SES167	1.24887	-6.0533	-7.30216
BLOCK16/SES167/SA167S21	SES167	1.13862	-5.84486	-6.98348
BLOCK16/SES167/SA167S25	SES167	1.63756	-6.0814	-7.71896
BLOCK16/SES167/SA167S29	SES167	1.55669	-5.42783	-6.98452
BLOCK17/SES172/SA172S12	SES172	0.845975	-7.47314	-8.31912
BLOCK17/SES172/SA172S13	SES172	1.01705	-7.34733	-8.36438
BLOCK17/SES172/SA172S23	SES172	0.898032	-6.62758	-7.52562
BLOCK17/SES172/SA172S27	SES172	0.712933	-7.98216	-8.69509
BLOCK17/SES172/SA172S29	SES172	1.17215	-6.78104	-7.95319
BLOCK17/SES175/SA175S11	SES175	0.0171642	-7.29333	-7.31049
BLOCK17/SES175/SA175S13	SES175	0.271079	-5.32301	-5.59409
BLOCK17/SES175/SA175S23	SES175	0.419133	-6.19051	-6.60965
BLOCK17/SES175/SA175S25	SES175	-0.266132	-8.06182	-7.79569
BLOCK17/SES175/SA175S28	SES175	0.0668831	-6.55348	-6.62036
BLOCK17/SES177/SA177S15	SES177	0.148019	-7.97615	-8.12417
BLOCK17/SES177/SA177S17	SES177	0.361356	-7.46554	-7.8269
BLOCK17/SES177/SA177S23	SES177	0.0873499	-7.76388	-7.85122
BLOCK17/SES177/SA177S26	SES177	0.660895	-5.26417	-5.92507
BLOCK17/SES177/SA177S28	SES177	0.832501	-7.11189	-7.94439
BLOCK18/SES180/SA180S13	SES180	-0.253305	-8.16698	-7.91368
BLOCK18/SES180/SA180S15	SES180	0.210175	-6.92606	-7.13624
BLOCK18/SES180/SA180S24	SES180	0.518071	-5.94929	-6.46736
BLOCK18/SES180/SA180S26	SES180	0.338001	-6.4144	-6.7524
BLOCK18/SES180/SA180S29	SES180	-0.416367	-7.87014	-7.45377
BLOCK18/SES183/SA183S13	SES183	1.14851	-6.53594	-7.68445
BLOCK18/SES183/SA183S14	SES183	-0.304061	-7.33742	-7.03335
BLOCK18/SES183/SA183S24	SES183	0.991375	-7.23342	-8.22479
BLOCK18/SES183/SA183S27	SES183	1.06747	-7.53123	-8.59871
BLOCK18/SES183/SA183S29	SES183	0.93503	-6.69119	-7.62622
BLOCK18/SES187/SA187S13	SES187	-0.00482082	-8.28103	-8.27621
BLOCK18/SES187/SA187S14	SES187	-0.21694	-8.25223	-8.03529
BLOCK18/SES187/SA187S24	SES187	0.493495	-7.85038	-8.34387
BLOCK18/SES187/SA187S27	SES187	0.282753	-7.91101	-8.19376
BLOCK18/SES187/SA187S29	SES187	-0.177817	-8.47945	-8.30163
BLOCK18/SES189/SA189S10	SES189	0.886567	-7.48708	-8.37364
BLOCK18/SES189/SA189S13	SES189	0.81073	-8.27325	-9.08398
BLOCK18/SES189/SA189S24	SES189	0.827443	-6.40849	-7.23594
BLOCK18/SES189/SA189S26	SES189	1.07143	-6.66459	-7.73602
BLOCK18/SES189/SA189S29	SES189	0.8719	-6.52545	-7.39735
BLOCK20/SES202/SA202S12	SES202	0.477189	-7.0062	-7.48339
BLOCK20/SES202/SA202S14	SES202	0.898993	-6.65448	-7.55347
BLOCK20/SES202/SA202S24	SES202	-0.0748005	-8.10365	-8.02885
BLOCK20/SES202/SA202S27	SES202	0.645656	-6.44449	-7.09015
BLOCK20/SES202/SA202S29	SES202	0.913993	-6.50533	-7.41932
BLOCK20/SES206/SA206S15	SES206	-0.674397	-7.13017	-6.45577
BLOCK20/SES206/SA206S17	SES206	0.369451	-7.38067	-7.75012
BLOCK20/SES206/SA206S24	SES206	0.895425	-5.90127	-6.7967
BLOCK20/SES206/SA206S27	SES206	0.772319	-7.24209	-8.01441
BLOCK20/SES206/SA206S29	SES206	0.773852	-5.94273	-6.71658
BLOCK22/SES226/SA226S12	SES226	0.431451	-7.311	-7.74245
BLOCK22/SES226/SA226S13	SES226	-0.146664	-7.94535	-7.79869
BLOCK22/SES226/SA226S20	SES226	0.325994	-7.36972	-7.69571
BLOCK22/SES226/SA226S23	SES226	0.525974	-6.68218	-7.20815
BLOCK22/SES226/SA226S28	SES226	0.888649	-6.53347	-7.42212
BLOCK25/SES259/SA259S13	SES259	1.54372	-6.27366	-7.81738
BLOCK25/SES259/SA259S14	SES259	0.969713	-6.2597	-7.22941
BLOCK25/SES259/SA259S22	SES259	1.35578	-5.82272	-7.1785
BLOCK25/SES259/SA259S24	SES259	0.584536	-6.80381	-7.38835
BLOCK25/SES259/SA259S28	SES259	0.742274	-6.49238	-7.23465
BLOCK27/SES270/SA270S14	SES270	1.44463	-6.99532	-8.43995
BLOCK27/SES270/SA270S16	SES270	-0.207152	-7.40662	-7.19947
BLOCK27/SES270/SA270S22	SES270	1.85738	-6.26422	-8.1216
BLOCK27/SES270/SA270S26	SES270	0.265356	-7.51175	-7.7771
BLOCK27/SES270/SA270S28	SES270	0.884369	-6.87554	-7.75991
BLOCK27/SES275/SA275S17	SES275	0.46478	-6.58362	-7.0484
BLOCK27/SES275/SA275S18	SES275	0.233109	-6.8807	-7.1138
BLOCK27/SES275/SA275S24	SES275	0.396693	-7.41658	-7.81328
BLOCK27/SES275/SA275S26	SES275	0.535467	-6.90438	-7.43985
BLOCK27/SES275/SA275S28	SES275	0.410024	-7.04987	-7.4599
BLOCK29/SES292/SA292S10	SES292	-0.464462	-6.88708	-6.42262
BLOCK29/SES292/SA292S12	SES292	0.00639153	-8.01672	-8.02311
BLOCK29/SES292/SA292S22	SES292	0.0528226	-7.29577	-7.34859
BLOCK29/SES292/SA292S24	SES292	-0.154356	-7.31773	-7.16337
BLOCK29/SES292/SA292S27	SES292	-0.443712	-7.13134	-6.68763
BLOCK00/SES001/SA001S14	SES062	-2.40995	-10.4135	-8.00357
BLOCK00/SES001/SA001S14	SES082	-0.679028	-8.68259	-8.00357
BLOCK00/SES001/SA001S14	SES106	-1.62482	-9.62838	-8.00357
BLOCK00/SES001/SA001S14	SES206	-1.81904	-9.82261	-8.00357
BLOCK00/SES001/SA001S15	SES062	-1.68399	-8.89038	-7.20639
BLOCK00/SES001/SA001S15	SES104	-1.35984	-8.56623	-7.20639
BLOCK00/SES001/SA001S15	SES106	-1.8174	-9.02379	-7.20639
BLOCK00/SES001/SA001S15	SES206	-2.27087	-9.47725	-7.20639
BLOCK00/SES001/SA001S24	SES062	-0.597365	-7.96913	-7.37177
BLOCK00/SES001/SA001S24	SES082	-0.774077	-8.14585	-7.37177
BLOCK00/SES001/SA001S24	SES087	-1.10937	-8.48114	-7.37177
BLOCK00/SES001/SA001S24	SES206	-0.429982	-7.80175	-7.37177
BLOCK00/SES001/SA001S27	SES062	-1.03638	-6.86562	-5.82924
BLOCK00/SES001/SA001S27	SES082	-0.869777	-6.69901	-5.82924
BLOCK00/SES001/SA001S27	SES087	-1.02965	-6.85888	-5.82924
BLOCK00/SES001/SA001S27	SES206	-1.34116	-7.17039	-5.82924
BLOCK00/SES001/SA001S29	SES062	-1.77494	-9.32786	-7.55292
BLOCK00/SES001/SA001S29	SES082	-0.876742	-8.42966	-7.55292
BLOCK00/SES001/SA001S29	SES158	-0.876948	-8.42987	-7.55292
BLOCK00/SES001/SA001S29	SES206	-1.19882	-8.75174	-7.55292
BLOCK00/SES003/SA003S11	SES002	-0.573329	-8.42736	-7.85403
BLOCK00/SES003/SA003S11	SES019	-1.64693	-9.50097	-7.85403
BLOCK00/SES003/SA003S11	SES082	-0.907514	-8.76155	-7.85403
BLOCK00/SES003/SA003S11	SES125	-1.02877	-8.88281	-7.85403
BLOCK00/SES003/SA003S15	SES016	-1.72293	-8.61234	-6.88941
BLOCK00/SES003/SA003S15	SES019	-4.52946	-11.4189	-6.88941
BLOCK00/SES003/SA003S15	SES062	-0.390836	-7.28024	-6.88941
BLOCK00/SES003/SA003S15	SES206	-0.846449	-7.73585	-6.88941
BLOCK00/SES003/SA003S22	SES002	-0.719839	-7.9882	-7.26836
BLOCK00/SES003/SA003S22	SES062	-0.249624	-7.51799	-7.26836
BLOCK00/SES003/SA003S22	SES082	-0.786954	-8.05532	-7.26836
BLOCK00/SES003/SA003S22	SES087	-0.504732	-7.7731	-7.26836
BLOCK00/SES003/SA003S25	SES062	-1.61782	-10.2469	-8.62907
BLOCK00/SES003/SA003S25	SES082	-2.19778	-10.8268	-8.62907
BLOCK00/SES003/SA003S25	SES087	-1.19162	-9.82069	-8.62907
BLOCK00/SES003/SA003S25	SES206	-1.46415	-10.0932	-8.62907
BLOCK00/SES003/SA003S29	SES002	-1.41013	-9.45928	-8.04914
BLOCK00/SES003/SA003S29	SES062	-2.21668	-10.2658	-8.04914
BLOCK00/SES003/SA003S29	SES082	-1.63921	-9.68836	-8.04914
BLOCK00/SES003/SA003S29	SES087	-1.87871	-9.92785	-8.04914
BLOCK00/SES004/SA004S12	SES083	-1.22009	-7.89251	-6.67243
BLOCK00/SES004/SA004S12	SES148	-0.700656	-7.37308	-6.67243
BLOCK00/SES004/SA004S12	SES172	-0.108556	-6.78098	-6.67243
BLOCK00/SES004/SA004S12	SES292	-1.06982	-7.74224	-6.67243
BLOCK00/SES004/SA004S17	SES083	-0.977772	-7.93055	-6.95277
BLOCK00/SES004/SA004S17	SES162	-1.00568	-7.95846	-6.95277
BLOCK00/SES004/SA004S17	SES172	-0.685901	-7.63867	-6.95277
BLOCK00/SES004/SA004S17	SES292	-1.48353	-8.4363	-6.95277
BLOCK00/SES004/SA004S24	SES083	-1.07275	-7.65106	-6.57831
BLOCK00/SES004/SA004S24	SES148	-1.37254	-7.95085	-6.57831
BLOCK00/SES004/SA004S24	SES172	-0.335294	-6.9136	-6.57831
BLOCK00/SES004/SA004S24	SES292	-0.95827	-7.53658	-6.57831
BLOCK00/SES004/SA004S26	SES083	-1.83392	-9.00361	-7.1697
BLOCK00/SES004/SA004S26	SES127	-1.03111	-8.20081	-7.1697
BLOCK00/SES004/SA004S26	SES148	-2.56893	-9.73862	-7.1697
BLOCK00/SES004/SA004S26	SES292	-1.76164	-8.93134	-7.1697
BLOCK00/SES004/SA004S28	SES083	-1.48367	-8.24707	-6.7634
BLOCK00/SES004/SA004S28	SES127	-0.343366	-7.10677	-6.7634
BLOCK00/SES004/SA004S28	SES187	-0.135843	-6.89924	-6.7634
BLOCK00/SES004/SA004S28	SES292	-1.47831	-8.24171	-6.7634
BLOCK00/SES006/SA006S10	SES014	-1.5329	-10.7146	-9.18172
BLOCK00/SES006/SA006S10	SES158	-1.3004	-10.4821	-9.18172
BLOCK00/SES006/SA006S10	SES226	-2.62851	-11.8102	-9.18172
BLOCK00/SES006/SA006S10	SES270	0.166921	-9.0148	-9.18172
BLOCK00/SES006/SA006S11	SES158	-1.76501	-10.4074	-8.64241
BLOCK00/SES006/SA006S11	SES226	-1.40472	-10.0471	-8.64241
BLOCK00/SES006/SA006S11	SES270	-0.260375	-8.90279	-8.64241
BLOCK00/SES006/SA006S11	SES275	-1.79989	-10.4423	-8.64241
BLOCK00/SES006/SA006S23	SES062	-4.76527	-13.168	-8.40277
BLOCK00/SES006/SA006S23	SES105	-3.57961	-11.9824	-8.40277
BLOCK00/SES006/SA006S23	SES158	-2.23127	-10.634	-8.40277
BLOCK00/SES006/SA006S23	SES275	-3.01601	-11.4188	-8.40277
BLOCK00/SES006/SA006S26	SES104	-3.50845	-12.1595	-8.65101
BLOCK00/SES006/SA006S26	SES158	-2.33684	-10.9878	-8.65101
BLOCK00/SES006/SA006S26	SES270	-0.438391	-9.0894	-8.65101
BLOCK00/SES006/SA006S26	SES275	-2.56341	-11.2144	-8.65101
BLOCK00/SES006/SA006S28	SES007	-2.81596	-11.926	-9.11001
BLOCK00/SES006/SA006S28	SES105	-2.47937	-11.5894	-9.11001
BLOCK00/SES006/SA006S28	SES158	-0.952047	-10.0621	-9.11001
BLOCK00/SES006/SA006S28	SES275	-2.35971	-11.4697	-9.11001
BLOCK00/SES009/SA009S12	SES083	-2.47958	-9.62481	-7.14523
BLOCK00/SES009/SA009S12	SES148	-1.62101	-8.76624	-7.14523
BLOCK00/SES009/SA009S12	SES177	-0.793114	-7.93835	-7.14523
BLOCK00/SES009/SA009S12	SES292	-1.15951	-8.30474	-7.14523
BLOCK00/SES009/SA009S15	SES007	-0.341944	-6.94325	-6.6013
BLOCK00/SES009/SA009S15	SES099	-3.24474	-9.84604	-6.6013
BLOCK00/SES009/SA009S15	SES148	-1.72239	-8.32369	-6.6013
BLOCK00/SES009/SA009S15	SES172	-0.912313	-7.51362	-6.6013
BLOCK00/SES009/SA009S24	SES146	-0.625043	-8.00025	-7.3752
BLOCK00/SES009/SA009S24	SES148	-2.15438	-9.52959	-7.3752
BLOCK00/SES009/SA009S24	SES177	-0.606276	-7.98148	-7.3752
BLOCK00/SES009/SA009S24	SES292	-1.19057	-8.56577	-7.3752
BLOCK00/SES009/SA009S26	SES083	-2.45994	-9.68973	-7.22979
BLOCK00/SES009/SA009S26	SES101	-2.17905	-9.40884	-7.22979
BLOCK00/SES009/SA009S26	SES120	-0.883358	-8.11315	-7.22979
BLOCK00/SES009/SA009S26	SES177	-1.04497	-8.27477	-7.22979
BLOCK00/SES009/SA009S29	SES083	-1.53177	-8.82416	-7.29239
BLOCK00/SES009/SA009S29	SES101	-1.52669	-8.81909	-7.29239
BLOCK00/SES009/SA009S29	SES177	-0.661118	-7.95351	-7.29239
BLOCK00/SES009/SA009S29	SES292	-1.25044	-8.54284	-7.29239
BLOCK01/SES011/SA011S10	SES019	-4.47523	-13.029	-8.5538
BLOCK01/SES011/SA011S10	SES042	0.523633	-8.03017	-8.5538
BLOCK01/SES011/SA011S10	SES082	-0.791142	-9.34494	-8.5538
BLOCK01/SES011/SA011S10	SES206	-0.205324	-8.75912	-8.5538
BLOCK01/SES011/SA011S11	SES019	-3.23015	-11.5489	-8.31877
BLOCK01/SES011/SA011S11	SES042	0.269562	-8.04921	-8.31877
BLOCK01/SES011/SA011S11	SES082	-0.6752	-8.99397	-8.31877
BLOCK01/SES011/SA011S11	SES206	-0.952967	-9.27174	-8.31877
BLOCK01/SES011/SA011S22	SES019	-3.60901	-11.8422	-8.23323
BLOCK01/SES011/SA011S22	SES042	0.271296	-7.96194	-8.23323
BLOCK01/SES011/SA011S22	SES082	-1.34932	-9.58255	-8.23323
BLOCK01/SES011/SA011S22	SES206	-1.25366	-9.4869	-8.23323
BLOCK01/SES011/SA011S24	SES019	-3.44955	-11.1089	-7.65931
BLOCK01/SES011/SA011S24	SES042	0.849057	-6.81025	-7.65931
BLOCK01/SES011/SA011S24	SES104	-0.390151	-8.04946	-7.65931
BLOCK01/SES011/SA011S24	SES206	-0.38207	-8.04138	-7.65931
BLOCK01/SES011/SA011S27	SES082	-0.212088	-8.06254	-7.85045
BLOCK01/SES011/SA011S27	SES087	-1.7317	-9.58216	-7.85045
BLOCK01/SES011/SA011S27	SES125	-0.201918	-8.05237	-7.85045
BLOCK01/SES011/SA011S27	SES206	-0.399711	-8.25016	-7.85045
BLOCK01/SES012/SA012S11	SES007	-0.0870543	-6.76634	-6.67928
BLOCK01/SES012/SA012S11	SES082	-0.109143	-6.78842	-6.67928
BLOCK01/SES012/SA012S11	SES083	-1.52176	-8.20104	-6.67928
BLOCK01/SES012/SA012S11	SES206	-0.665587	-7.34487	-6.67928
BLOCK01/SES012/SA012S14	SES082	-0.500325	-8.06682	-7.5665
BLOCK01/SES012/SA012S14	SES087	-1.69373	-9.26022	-7.5665
BLOCK01/SES012/SA012S14	SES206	-0.787728	-8.35422	-7.5665
BLOCK01/SES012/SA012S14	SES292	-1.46814	-9.03463	-7.5665
BLOCK01/SES012/SA012S24	SES082	-0.63589	-9.06763	-8.43174
BLOCK01/SES012/SA012S24	SES087	-2.11785	-10.5496	-8.43174
BLOCK01/SES012/SA012S24	SES120	-1.58262	-10.0144	-8.43174
BLOCK01/SES012/SA012S24	SES206	-1.37479	-9.80653	-8.43174
BLOCK01/SES012/SA012S26	SES019	-7.04632	-15.1335	-8.08719
BLOCK01/SES012/SA012S26	SES082	-1.66762	-9.75482	-8.08719
BLOCK01/SES012/SA012S26	SES206	-0.411677	-8.49887	-8.08719
BLOCK01/SES012/SA012S26	SES292	-1.36537	-9.45257	-8.08719
BLOCK01/SES012/SA012S29	SES062	-1.22214	-7.66191	-6.43978
BLOCK01/SES012/SA012S29	SES082	0.143939	-6.29584	-6.43978
BLOCK01/SES012/SA012S29	SES083	-1.63833	-8.07811	-6.43978
BLOCK01/SES012/SA012S29	SES206	-0.140846	-6.58062	-6.43978
BLOCK01/SES013/SA013S16	SES062	-3.81805	-12.3281	-8.51008
BLOCK01/SES013/SA013S16	SES106	-1.34035	-9.85044	-8.51008
BLOCK01/SES013/SA013S16	SES206	-1.63981	-10.1499	-8.51008
BLOCK01/SES013/SA013S16	SES226	-1.33776	-9.84785	-8.51008
BLOCK01/SES013/SA013S17	SES062	-1.88523	-9.5156	-7.63037
BLOCK01/SES013/SA013S17	SES106	-1.31553	-8.9459	-7.63037
BLOCK01/SES013/SA013S17	SES206	-0.628935	-8.2593	-7.63037
BLOCK01/SES013/SA013S17	SES226	-0.431264	-8.06163	-7.63037
BLOCK01/SES013/SA013S23	SES104	-1.35133	-10.1833	-8.83197
BLOCK01/SES013/SA013S23	SES106	-0.400562	-9.23254	-8.83197
BLOCK01/SES013/SA013S23	SES206	-2.15636	-10.9883	-8.83197
BLOCK01/SES013/SA013S23	SES270	-0.910333	-9.74231	-8.83197
BLOCK01/SES013/SA013S25	SES042	-3.11022	-11.1544	-8.04415
BLOCK01/SES013/SA013S25	SES104	-0.880322	-8.92447	-8.04415
BLOCK01/SES013/SA013S25	SES106	-0.20738	-8.25153	-8.04415
BLOCK01/SES013/SA013S25	SES206	-1.84126	-9.88541	-8.04415
BLOCK01/SES013/SA013S29	SES062	-3.60608	-11.8961	-8.29004
BLOCK01/SES013/SA013S29	SES104	-1.77208	-10.0621	-8.29004
BLOCK01/SES013/SA013S29	SES106	-0.539043	-8.82908	-8.29004
BLOCK01/SES013/SA013S29	SES206	-2.45898	-10.749	-8.29004
BLOCK02/SES021/SA021S13	SES016	-2.70442	-10.1428	-7.43842
BLOCK02/SES021/SA021S13	SES029	-1.12496	-8.56339	-7.43842
BLOCK02/SES021/SA021S13	SES087	-2.64673	-10.0851	-7.43842
BLOCK02/SES021/SA021S13	SES206	-1.81451	-9.25293	-7.43842
BLOCK02/SES021/SA021S15	SES087	-0.817499	-8.07149	-7.25399
BLOCK02/SES021/SA021S15	SES125	-1.11184	-8.36583	-7.25399
BLOCK02/SES021/SA021S15	SES206	-1.26934	-8.52333	-7.25399
BLOCK02/SES021/SA021S15	SES226	-1.23339	-8.48738	-7.25399
BLOCK02/SES021/SA021S23	SES062	-2.7249	-11.2099	-8.485
BLOCK02/SES021/SA021S23	SES087	-1.15123	-9.63622	-8.485
BLOCK02/SES021/SA021S23	SES206	-1.34752	-9.83251	-8.485
BLOCK02/SES021/SA021S23	SES226	-1.22909	-9.71408	-8.485
BLOCK02/SES021/SA021S27	SES002	-0.914467	-7.8909	-6.97643
BLOCK02/SES021/SA021S27	SES016	-3.68588	-10.6623	-6.97643
BLOCK02/SES021/SA021S27	SES019	-2.02666	-9.0031	-6.97643
BLOCK02/SES021/SA021S27	SES062	-1.1666	-8.14303	-6.97643
BLOCK02/SES021/SA021S29	SES087	-1.72363	-9.39157	-7.66795
BLOCK02/SES021/SA021S29	SES125	-2.25059	-9.91854	-7.66795
BLOCK02/SES021/SA021S29	SES206	-0.814652	-8.4826	-7.66795
BLOCK02/SES021/SA021S29	SES226	-1.54468	-9.21263	-7.66795
BLOCK04/SES043/SA043S09	SES083	-0.565843	-8.61288	-8.04704
BLOCK04/SES043/SA043S09	SES101	-0.662935	-8.70997	-8.04704
BLOCK04/SES043/SA043S09	SES144	-0.244541	-8.29158	-8.04704
BLOCK04/SES043/SA043S09	SES172	-1.63894	-9.68598	-8.04704
BLOCK04/SES043/SA043S11	SES083	-0.391292	-7.3321	-6.94081
BLOCK04/SES043/SA043S11	SES101	-0.57444	-7.51525	-6.94081
BLOCK04/SES043/SA043S11	SES144	0.0931654	-6.84764	-6.94081
BLOCK04/SES043/SA043S11	SES172	-0.6544	-7.59521	-6.94081
BLOCK04/SES043/SA043S23	SES083	-0.481029	-8.01088	-7.52985
BLOCK04/SES043/SA043S23	SES144	-0.215718	-7.74557	-7.52985
BLOCK04/SES043/SA043S23	SES177	-1.11173	-8.64158	-7.52985
BLOCK04/SES043/SA043S23	SES275	-0.838985	-8.36883	-7.52985
BLOCK04/SES043/SA043S26	SES083	-0.730834	-9.47008	-8.73925
BLOCK04/SES043/SA043S26	SES101	-0.450066	-9.18932	-8.73925
BLOCK04/SES043/SA043S26	SES144	0.145308	-8.59394	-8.73925
BLOCK04/SES043/SA043S26	SES177	-1.00711	-9.74636	-8.73925
BLOCK04/SES043/SA043S28	SES016	-2.3301	-9.8712	-7.54109
BLOCK04/SES043/SA043S28	SES083	-0.405074	-7.94617	-7.54109
BLOCK04/SES043/SA043S28	SES101	-0.578032	-8.11913	-7.54109
BLOCK04/SES043/SA043S28	SES144	-0.465933	-8.00703	-7.54109
BLOCK04/SES044/SA044S10	SES127	-3.09484	-11.1253	-8.03041
BLOCK04/SES044/SA044S10	SES144	-0.71591	-8.74632	-8.03041
BLOCK04/SES044/SA044S10	SES147	-5.6503	-13.6807	-8.03041
BLOCK04/SES044/SA044S10	SES148	-3.56657	-11.597	-8.03041
BLOCK04/SES044/SA044S11	SES101	-0.430019	-7.916	-7.48598
BLOCK04/SES044/SA044S11	SES144	-0.197214	-7.68319	-7.48598
BLOCK04/SES044/SA044S11	SES147	-2.37208	-9.85805	-7.48598
BLOCK04/SES044/SA044S11	SES177	-1.24631	-8.73229	-7.48598
BLOCK04/SES044/SA044S24	SES007	-2.79149	-10.4235	-7.63201
BLOCK04/SES044/SA044S24	SES101	-0.459374	-8.09139	-7.63201
BLOCK04/SES044/SA044S24	SES147	-2.44093	-10.0729	-7.63201
BLOCK04/SES044/SA044S24	SES177	-0.531054	-8.16307	-7.63201
BLOCK04/SES044/SA044S26	SES007	-1.65485	-8.74357	-7.08873
BLOCK04/SES044/SA044S26	SES016	-0.544148	-7.63288	-7.08873
BLOCK04/SES044/SA044S26	SES101	-0.02493	-7.11366	-7.08873
BLOCK04/SES044/SA044S26	SES147	-0.867726	-7.95645	-7.08873
BLOCK04/SES044/SA044S29	SES007	-2.34148	-9.3259	-6.98442
BLOCK04/SES044/SA044S29	SES101	0.148224	-6.8362	-6.98442
BLOCK04/SES044/SA044S29	SES147	-1.37073	-8.35515	-6.98442
BLOCK04/SES044/SA044S29	SES177	-2.36156	-9.34598	-6.98442
BLOCK04/SES046/SA046S13	SES101	-0.621881	-9.17535	-8.55347
BLOCK04/SES046/SA046S13	SES144	-0.442257	-8.99573	-8.55347
BLOCK04/SES046/SA046S13	SES147	-2.81081	-11.3643	-8.55347
BLOCK04/SES046/SA046S13	SES177	-1.51273	-10.0662	-8.55347
BLOCK04/SES046/SA046S15	SES048	-0.304922	-6.31799	-6.01307
BLOCK04/SES046/SA046S15	SES083	-1.35353	-7.3666	-6.01307
BLOCK04/SES046/SA046S15	SES120	-2.86786	-8.88093	-6.01307
BLOCK04/SES046/SA046S15	SES148	-0.986949	-7.00002	-6.01307
BLOCK04/SES046/SA046S22	SES101	-0.421075	-8.28044	-7.85936
BLOCK04/SES046/SA046S22	SES144	-0.264927	-8.12429	-7.85936
BLOCK04/SES046/SA046S22	SES147	-2.85006	-10.7094	-7.85936
BLOCK04/SES046/SA046S22	SES172	-0.441852	-8.30121	-7.85936
BLOCK04/SES046/SA046S25	SES083	-0.791021	-7.90127	-7.11025
BLOCK04/SES046/SA046S25	SES127	-1.52443	-8.63467	-7.11025
BLOCK04/SES046/SA046S25	SES144	-0.48616	-7.59641	-7.11025
BLOCK04/SES046/SA046S25	SES148	-1.62234	-8.73259	-7.11025
BLOCK04/SES046/SA046S28	SES007	-1.95273	-9.17537	-7.22263
BLOCK04/SES046/SA046S28	SES105	-1.37259	-8.59523	-7.22263
BLOCK04/SES046/SA046S28	SES147	-1.49074	-8.71338	-7.22263
BLOCK04/SES046/SA046S28	SES148	-1.69178	-8.91442	-7.22263
BLOCK04/SES049/SA049S16	SES104	-1.13739	-10.011	-8.87366
BLOCK04/SES049/SA049S16	SES106	-2.46484	-11.3385	-8.87366
BLOCK04/SES049/SA049S16	SES120	-1.77411	-10.6478	-8.87366
BLOCK04/SES049/SA049S16	SES206	-2.01878	-10.8924	-8.87366
BLOCK04/SES049/SA049S18	SES099	-0.498881	-8.86438	-8.3655
BLOCK04/SES049/SA049S18	SES104	-1.70851	-10.074	-8.3655
BLOCK04/SES049/SA049S18	SES125	-1.61076	-9.97625	-8.3655
BLOCK04/SES049/SA049S18	SES206	-2.42688	-10.7924	-8.3655
BLOCK04/SES049/SA049S25	SES087	-2.70067	-11.6706	-8.96996
BLOCK04/SES049/SA049S25	SES104	-0.961467	-9.93143	-8.96996
BLOCK04/SES049/SA049S25	SES125	-1.9308	-10.9008	-8.96996
BLOCK04/SES049/SA049S25	SES206	-1.403	-10.373	-8.96996
BLOCK04/SES049/SA049S27	SES099	-0.84855	-8.56007	-7.71152
BLOCK04/SES049/SA049S27	SES104	-0.0945153	-7.80604	-7.71152
BLOCK04/SES049/SA049S27	SES125	-1.67175	-9.38327	-7.71152
BLOCK04/SES049/SA049S27	SES206	-2.00646	-9.71798	-7.71152
BLOCK04/SES049/SA049S29	SES099	-0.738339	-8.30068	-7.56234
BLOCK04/SES049/SA049S29	SES104	0.0736265	-7.48872	-7.56234
BLOCK04/SES049/SA049S29	SES125	-0.629601	-8.19194	-7.56234
BLOCK04/SES049/SA049S29	SES206	-1.68441	-9.24676	-7.56234
BLOCK06/SES063/SA063S09	SES068	-2.30492	-11.2677	-8.96277
BLOCK06/SES063/SA063S09	SES083	-0.481308	-9.44408	-8.96277
BLOCK06/SES063/SA063S09	SES177	-0.863303	-9.82607	-8.96277
BLOCK06/SES063/SA063S09	SES187	-1.06741	-10.0302	-8.96277
BLOCK06/SES063/SA063S10	SES068	-2.08275	-10.4778	-8.39504
BLOCK06/SES063/SA063S10	SES083	-1.01398	-9.40902	-8.39504
BLOCK06/SES063/SA063S10	SES172	-1.02361	-9.41865	-8.39504
BLOCK06/SES063/SA063S10	SES187	-1.04564	-9.44068	-8.39504
BLOCK06/SES063/SA063S20	SES068	-3.40153	-11.7637	-8.36222
BLOCK06/SES063/SA063S20	SES083	-1.27443	-9.63665	-8.36222
BLOCK06/SES063/SA063S20	SES172	-1.15714	-9.51936	-8.36222
BLOCK06/SES063/SA063S20	SES187	-1.29179	-9.65401	-8.36222
BLOCK06/SES063/SA063S24	SES029	-2.60228	-11.7446	-9.14228
BLOCK06/SES063/SA063S24	SES083	-0.982694	-10.125	-9.14228
BLOCK06/SES063/SA063S24	SES177	-1.15342	-10.2957	-9.14228
BLOCK06/SES063/SA063S24	SES189	0.199888	-8.94239	-9.14228
BLOCK06/SES063/SA063S27	SES083	-0.680378	-8.96523	-8.28486
BLOCK06/SES063/SA063S27	SES172	-1.40778	-9.69263	-8.28486
BLOCK06/SES063/SA063S27	SES187	-1.07505	-9.35991	-8.28486
BLOCK06/SES063/SA063S27	SES292	-1.46951	-9.75437	-8.28486
BLOCK06/SES067/SA067S12	SES083	-0.945108	-7.90549	-6.96038
BLOCK06/SES067/SA067S12	SES172	-1.39661	-8.35699	-6.96038
BLOCK06/SES067/SA067S12	SES202	-0.687004	-7.64739	-6.96038
BLOCK06/SES067/SA067S12	SES292	-1.29698	-8.25737	-6.96038
BLOCK06/SES067/SA067S14	SES085	-1.19867	-7.21968	-6.02101
BLOCK06/SES067/SA067S14	SES177	-1.52274	-7.54375	-6.02101
BLOCK06/SES067/SA067S14	SES183	0.434775	-5.58624	-6.02101
BLOCK06/SES067/SA067S14	SES202	0.0642123	-5.9568	-6.02101
BLOCK06/SES067/SA067S21	SES144	-1.04249	-8.54799	-7.5055
BLOCK06/SES067/SA067S21	SES177	-1.5563	-9.0618	-7.5055
BLOCK06/SES067/SA067S21	SES183	-1.31744	-8.82295	-7.5055
BLOCK06/SES067/SA067S21	SES189	-1.20061	-8.70611	-7.5055
BLOCK06/SES067/SA067S25	SES085	-2.45237	-9.12928	-6.6769
BLOCK06/SES067/SA067S25	SES177	-1.05396	-7.73087	-6.6769
BLOCK06/SES067/SA067S25	SES183	-0.83853	-7.51543	-6.6769
BLOCK06/SES067/SA067S25	SES202	-1.55937	-8.23627	-6.6769
BLOCK06/SES067/SA067S29	SES085	-3.681	-11.433	-7.75198
BLOCK06/SES067/SA067S29	SES177	-1.87621	-9.62819	-7.75198
BLOCK06/SES067/SA067S29	SES183	-0.889669	-8.64165	-7.75198
BLOCK06/SES067/SA067S29	SES202	-0.480181	-8.23216	-7.75198
BLOCK06/SES069/SA069S12	SES029	-1.54336	-8.70473	-7.16137
BLOCK06/SES069/SA069S12	SES082	-1.02245	-8.18382	-7.16137
BLOCK06/SES069/SA069S12	SES087	-1.33782	-8.49919	-7.16137
BLOCK06/SES069/SA069S12	SES206	-0.774276	-7.93564	-7.16137
BLOCK06/SES069/SA069S13	SES029	-2.11836	-9.20626	-7.0879
BLOCK06/SES069/SA069S13	SES087	-1.45976	-8.54766	-7.0879
BLOCK06/SES069/SA069S13	SES206	-1.62296	-8.71086	-7.0879
BLOCK06/SES069/SA069S13	SES226	0.133634	-6.95426	-7.0879
BLOCK06/SES069/SA069S23	SES029	-0.864747	-7.47378	-6.60904
BLOCK06/SES069/SA069S23	SES087	-0.66145	-7.27049	-6.60904
BLOCK06/SES069/SA069S23	SES206	-1.45227	-8.0613	-6.60904
BLOCK06/SES069/SA069S23	SES226	-0.0626221	-6.67166	-6.60904
BLOCK06/SES069/SA069S25	SES087	-1.14587	-8.20825	-7.06239
BLOCK06/SES069/SA069S25	SES206	-1.83233	-8.89472	-7.06239
BLOCK06/SES069/SA069S25	SES226	-0.310431	-7.37282	-7.06239
BLOCK06/SES069/SA069S25	SES270	-1.61209	-8.67448	-7.06239
BLOCK06/SES069/SA069S27	SES087	-1.62547	-9.15066	-7.52519
BLOCK06/SES069/SA069S27	SES206	-1.07146	-8.59665	-7.52519
BLOCK06/SES069/SA069S27	SES226	-0.0606837	-7.58587	-7.52519
BLOCK06/SES069/SA069S27	SES270	-1.31064	-8.83583	-7.52519
BLOCK08/SES081/SA081S11	SES060	-1.7355	-9.54089	-7.80539
BLOCK08/SES081/SA081S11	SES062	-0.837377	-8.64277	-7.80539
BLOCK08/SES081/SA081S11	SES117	-2.31131	-10.1167	-7.80539
BLOCK08/SES081/SA081S11	SES162	-1.97156	-9.77695	-7.80539
BLOCK08/SES081/SA081S13	SES016	-0.656388	-7.29746	-6.64107
BLOCK08/SES081/SA081S13	SES060	-0.364704	-7.00578	-6.64107
BLOCK08/SES081/SA081S13	SES068	-0.331074	-6.97215	-6.64107
BLOCK08/SES081/SA081S13	SES129	-1.31186	-7.95293	-6.64107
BLOCK08/SES081/SA081S24	SES060	-0.760798	-7.97633	-7.21553
BLOCK08/SES081/SA081S24	SES068	-0.99637	-8.2119	-7.21553
BLOCK08/SES081/SA081S24	SES117	-1.6995	-8.91503	-7.21553
BLOCK08/SES081/SA081S24	SES275	-1.16055	-8.37608	-7.21553
BLOCK08/SES081/SA081S27	SES007	-0.468603	-8.3825	-7.9139
BLOCK08/SES081/SA081S27	SES060	-1.00883	-8.92273	-7.9139
BLOCK08/SES081/SA081S27	SES117	-0.983471	-8.89737	-7.9139
BLOCK08/SES081/SA081S27	SES275	-1.74798	-9.66188	-7.9139
BLOCK08/SES081/SA081S29	SES007	-0.317792	-8.71678	-8.39899
BLOCK08/SES081/SA081S29	SES060	-0.5058	-8.90479	-8.39899
BLOCK08/SES081/SA081S29	SES117	-0.93883	-9.33782	-8.39899
BLOCK08/SES081/SA081S29	SES275	-1.69932	-10.0983	-8.39899
BLOCK08/SES086/SA086S11	SES029	-2.86579	-12.0056	-9.13983
BLOCK08/SES086/SA086S11	SES082	-2.41372	-11.5535	-9.13983
BLOCK08/SES086/SA086S11	SES087	-0.526174	-9.666	-9.13983
BLOCK08/SES086/SA086S11	SES206	-1.70786	-10.8477	-9.13983
BLOCK08/SES086/SA086S12	SES029	-1.85813	-10.2073	-8.34916
BLOCK08/SES086/SA086S12	SES082	-1.99437	-10.3435	-8.34916
BLOCK08/SES086/SA086S12	SES087	0.257202	-8.09196	-8.34916
BLOCK08/SES086/SA086S12	SES206	-1.12735	-9.47651	-8.34916
BLOCK08/SES086/SA086S20	SES029	-2.10992	-9.91617	-7.80626
BLOCK08/SES086/SA086S20	SES082	-1.2692	-9.07545	-7.80626
BLOCK08/SES086/SA086S20	SES087	0.0158215	-7.79044	-7.80626
BLOCK08/SES086/SA086S20	SES206	-0.800081	-8.60634	-7.80626
BLOCK08/SES086/SA086S24	SES087	0.067647	-8.93422	-9.00186
BLOCK08/SES086/SA086S24	SES104	-1.45568	-10.4575	-9.00186
BLOCK08/SES086/SA086S24	SES120	-1.14256	-10.1444	-9.00186
BLOCK08/SES086/SA086S24	SES206	-0.966491	-9.96835	-9.00186
BLOCK08/SES086/SA086S28	SES029	-2.12066	-9.67564	-7.55498
BLOCK08/SES086/SA086S28	SES082	-2.10607	-9.66105	-7.55498
BLOCK08/SES086/SA086S28	SES087	-0.111135	-7.66612	-7.55498
BLOCK08/SES086/SA086S28	SES206	-1.3812	-8.93618	-7.55498
BLOCK08/SES089/SA089S13	SES087	-1.15056	-9.59646	-8.4459
BLOCK08/SES089/SA089S13	SES206	-1.96446	-10.4104	-8.4459
BLOCK08/SES089/SA089S13	SES226	-1.20031	-9.64621	-8.4459
BLOCK08/SES089/SA089S13	SES270	-2.10536	-10.5513	-8.4459
BLOCK08/SES089/SA089S14	SES062	-1.80631	-9.76202	-7.9557
BLOCK08/SES089/SA089S14	SES087	-0.36514	-8.32084	-7.9557
BLOCK08/SES089/SA089S14	SES206	-1.8254	-9.7811	-7.9557
BLOCK08/SES089/SA089S14	SES226	-1.72718	-9.68289	-7.9557
BLOCK08/SES089/SA089S23	SES087	-0.949252	-10.5942	-9.64493
BLOCK08/SES089/SA089S23	SES206	-2.36512	-12.01	-9.64493
BLOCK08/SES089/SA089S23	SES226	-1.87619	-11.5211	-9.64493
BLOCK08/SES089/SA089S23	SES270	-4.42312	-14.068	-9.64493
BLOCK08/SES089/SA089S25	SES062	-1.1106	-9.66256	-8.55196
BLOCK08/SES089/SA089S25	SES087	-0.622416	-9.17437	-8.55196
BLOCK08/SES089/SA089S25	SES206	-2.16559	-10.7175	-8.55196
BLOCK08/SES089/SA089S25	SES226	-1.23378	-9.78574	-8.55196
BLOCK08/SES089/SA089S28	SES062	-0.724554	-9.19221	-8.46765
BLOCK08/SES089/SA089S28	SES087	-0.0253944	-8.49305	-8.46765
BLOCK08/SES089/SA089S28	SES206	-1.54891	-10.0166	-8.46765
BLOCK08/SES089/SA089S28	SES226	-0.551842	-9.0195	-8.46765
BLOCK09/SES097/SA097S11	SES099	-0.565745	-9.21042	-8.64467
BLOCK09/SES097/SA097S11	SES125	-2.18856	-10.8332	-8.64467
BLOCK09/SES097/SA097S11	SES206	-1.49322	-10.1379	-8.64467
BLOCK09/SES097/SA097S11	SES226	0.100866	-8.54381	-8.64467
BLOCK09/SES097/SA097S14	SES062	-3.17681	-11.1279	-7.9511
BLOCK09/SES097/SA097S14	SES099	-1.09595	-9.04705	-7.9511
BLOCK09/SES097/SA097S14	SES104	-0.978131	-8.92923	-7.9511
BLOCK09/SES097/SA097S14	SES206	-2.11787	-10.069	-7.9511
BLOCK09/SES097/SA097S22	SES099	-0.103792	-8.60094	-8.49714
BLOCK09/SES097/SA097S22	SES206	-1.62791	-10.1251	-8.49714
BLOCK09/SES097/SA097S22	SES226	-0.931389	-9.42853	-8.49714
BLOCK09/SES097/SA097S22	SES270	-1.05447	-9.55162	-8.49714
BLOCK09/SES097/SA097S26	SES099	0.0887842	-8.80196	-8.89074
BLOCK09/SES097/SA097S26	SES120	-0.702309	-9.59305	-8.89074
BLOCK09/SES097/SA097S26	SES206	-2.28944	-11.1802	-8.89074
BLOCK09/SES097/SA097S26	SES226	-0.273289	-9.16403	-8.89074
BLOCK09/SES097/SA097S28	SES099	-0.362138	-7.96718	-7.60504
BLOCK09/SES097/SA097S28	SES120	-1.15828	-8.76332	-7.60504
BLOCK09/SES097/SA097S28	SES206	-1.73105	-9.33609	-7.60504
BLOCK09/SES097/SA097S28	SES226	-1.07859	-8.68363	-7.60504
BLOCK09/SES098/SA098S11	SES127	-1.11247	-8.06097	-6.9485
BLOCK09/SES098/SA098S11	SES144	-0.610403	-7.5589	-6.9485
BLOCK09/SES098/SA098S11	SES147	-0.710501	-7.659	-6.9485
BLOCK09/SES098/SA098S11	SES148	-2.04509	-8.99359	-6.9485
BLOCK09/SES098/SA098S12	SES127	-1.91669	-10.2832	-8.36655
BLOCK09/SES098/SA098S12	SES144	-1.59915	-9.9657	-8.36655
BLOCK09/SES098/SA098S12	SES147	-1.82032	-10.1869	-8.36655
BLOCK09/SES098/SA098S12	SES189	-1.60858	-9.97513	-8.36655
BLOCK09/SES098/SA098S20	SES127	-3.28564	-11.217	-7.93138
BLOCK09/SES098/SA098S20	SES147	-2.19637	-10.1277	-7.93138
BLOCK09/SES098/SA098S20	SES148	-3.13988	-11.0713	-7.93138
BLOCK09/SES098/SA098S20	SES292	-1.42272	-9.3541	-7.93138
BLOCK09/SES098/SA098S23	SES127	-1.86452	-9.59171	-7.72719
BLOCK09/SES098/SA098S23	SES147	-1.5225	-9.24969	-7.72719
BLOCK09/SES098/SA098S23	SES187	-1.14276	-8.86996	-7.72719
BLOCK09/SES098/SA098S23	SES292	-0.90637	-8.63356	-7.72719
BLOCK09/SES098/SA098S27	SES127	-2.55622	-10.195	-7.63875
BLOCK09/SES098/SA098S27	SES147	-2.14349	-9.78224	-7.63875
BLOCK09/SES098/SA098S27	SES148	-2.96401	-10.6028	-7.63875
BLOCK09/SES098/SA098S27	SES292	-0.74677	-8.38552	-7.63875
BLOCK10/SES102/SA102S13	SES101	-0.571717	-9.26903	-8.69731
BLOCK10/SES102/SA102S13	SES105	-1.06633	-9.76364	-8.69731
BLOCK10/SES102/SA102S13	SES120	-2.66992	-11.3672	-8.69731
BLOCK10/SES102/SA102S13	SES158	-2.95357	-11.6509	-8.69731
BLOCK10/SES102/SA102S14	SES007	0.134783	-6.02142	-6.1562
BLOCK10/SES102/SA102S14	SES101	-0.456181	-6.61238	-6.1562
BLOCK10/SES102/SA102S14	SES105	-0.88764	-7.04384	-6.1562
BLOCK10/SES102/SA102S14	SES147	-2.41746	-8.57366	-6.1562
BLOCK10/SES102/SA102S22	SES007	-1.50679	-8.4745	-6.9677
BLOCK10/SES102/SA102S22	SES101	-0.570472	-7.53817	-6.9677
BLOCK10/SES102/SA102S22	SES105	-0.782238	-7.74994	-6.9677
BLOCK10/SES102/SA102S22	SES158	-2.25088	-9.21858	-6.9677
BLOCK10/SES102/SA102S25	SES007	-0.576108	-7.48383	-6.90772
BLOCK10/SES102/SA102S25	SES101	-0.306351	-7.21407	-6.90772
BLOCK10/SES102/SA102S25	SES105	-1.35726	-8.26498	-6.90772
BLOCK10/SES102/SA102S25	SES147	-3.03046	-9.93818	-6.90772
BLOCK10/SES102/SA102S27	SES007	-0.701982	-8.06555	-7.36357
BLOCK10/SES102/SA102S27	SES101	-0.0107183	-7.37428	-7.36357
BLOCK10/SES102/SA102S27	SES105	-1.63603	-8.99959	-7.36357
BLOCK10/SES102/SA102S27	SES147	-2.86531	-10.2289	-7.36357
BLOCK10/SES103/SA103S14	SES105	-2.37533	-10.7379	-8.36253
BLOCK10/SES103/SA103S14	SES106	-1.43109	-9.79362	-8.36253
BLOCK10/SES103/SA103S14	SES120	-2.07918	-10.4417	-8.36253
BLOCK10/SES103/SA103S14	SES206	-2.01817	-10.3807	-8.36253
BLOCK10/SES103/SA103S15	SES099	-2.35517	-11.7206	-9.36543
BLOCK10/SES103/SA103S15	SES101	-4.31781	-13.6832	-9.36543
BLOCK10/SES103/SA103S15	SES104	-1.5489	-10.9143	-9.36543
BLOCK10/SES103/SA103S15	SES125	-2.21291	-11.5783	-9.36543
BLOCK10/SES103/SA103S24	SES104	-1.25245	-9.53958	-8.28712
BLOCK10/SES103/SA103S24	SES125	-3.39232	-11.6794	-8.28712
BLOCK10/SES103/SA103S24	SES148	-2.62191	-10.909	-8.28712
BLOCK10/SES103/SA103S24	SES158	-1.95295	-10.2401	-8.28712
BLOCK10/SES103/SA103S26	SES104	-1.30578	-9.36719	-8.06141
BLOCK10/SES103/SA103S26	SES106	-1.76894	-9.83035	-8.06141
BLOCK10/SES103/SA103S26	SES125	-1.51656	-9.57797	-8.06141
BLOCK10/SES103/SA103S26	SES148	-2.63454	-10.696	-8.06141
BLOCK10/SES103/SA103S28	SES104	-1.29366	-9.64825	-8.35459
BLOCK10/SES103/SA103S28	SES106	-1.46836	-9.82295	-8.35459
BLOCK10/SES103/SA103S28	SES125	-2.82162	-11.1762	-8.35459
BLOCK10/SES103/SA103S28	SES206	-2.52055	-10.8751	-8.35459
BLOCK12/SES121/SA121S12	SES042	-1.71738	-10.1448	-8.42744
BLOCK12/SES121/SA121S12	SES087	-2.15381	-10.5813	-8.42744
BLOCK12/SES121/SA121S12	SES105	-0.721411	-9.14885	-8.42744
BLOCK12/SES121/SA121S12	SES206	-0.836676	-9.26412	-8.42744
BLOCK12/SES121/SA121S14	SES007	-2.74907	-13.0568	-10.3077
BLOCK12/SES121/SA121S14	SES105	-2.02867	-12.3364	-10.3077
BLOCK12/SES121/SA121S14	SES106	-1.70291	-12.0106	-10.3077
BLOCK12/SES121/SA121S14	SES206	-2.75967	-13.0674	-10.3077
BLOCK12/SES121/SA121S23	SES105	-1.84783	-11.4947	-9.64689
BLOCK12/SES121/SA121S23	SES106	-1.38444	-11.0313	-9.64689
BLOCK12/SES121/SA121S23	SES120	-1.97843	-11.6253	-9.64689
BLOCK12/SES121/SA121S23	SES206	-1.67852	-11.3254	-9.64689
BLOCK12/SES121/SA121S25	SES007	-1.90215	-12.2179	-10.3158
BLOCK12/SES121/SA121S25	SES105	-2.24756	-12.5633	-10.3158
BLOCK12/SES121/SA121S25	SES106	-0.905103	-11.2209	-10.3158
BLOCK12/SES121/SA121S25	SES206	-2.23635	-12.5521	-10.3158
BLOCK12/SES121/SA121S27	SES087	0.083868	-9.71358	-9.79745
BLOCK12/SES121/SA121S27	SES105	-3.18325	-12.9807	-9.79745
BLOCK12/SES121/SA121S27	SES120	-0.805685	-10.6031	-9.79745
BLOCK12/SES121/SA121S27	SES206	-2.34703	-12.1445	-9.79745
BLOCK12/SES124/SA124S16	SES042	0.0982428	-6.74836	-6.84661
BLOCK12/SES124/SA124S16	SES082	-0.333634	-7.18024	-6.84661
BLOCK12/SES124/SA124S16	SES183	-1.15997	-8.00657	-6.84661
BLOCK12/SES124/SA124S16	SES206	-0.700069	-7.54667	-6.84661
BLOCK12/SES124/SA124S17	SES105	-1.86178	-9.70151	-7.83972
BLOCK12/SES124/SA124S17	SES149	-1.29478	-9.1345	-7.83972
BLOCK12/SES124/SA124S17	SES158	-2.10407	-9.94379	-7.83972
BLOCK12/SES124/SA124S17	SES275	-1.36358	-9.2033	-7.83972
BLOCK12/SES124/SA124S23	SES105	-2.21176	-8.36485	-6.15309
BLOCK12/SES124/SA124S23	SES125	0.0877504	-6.06534	-6.15309
BLOCK12/SES124/SA124S23	SES129	-2.10544	-8.25853	-6.15309
BLOCK12/SES124/SA124S23	SES158	-1.50465	-7.65774	-6.15309
BLOCK12/SES124/SA124S26	SES105	-2.11629	-9.81277	-7.69648
BLOCK12/SES124/SA124S26	SES125	-0.400994	-8.09747	-7.69648
BLOCK12/SES124/SA124S26	SES129	-2.34021	-10.0367	-7.69648
BLOCK12/SES124/SA124S26	SES158	-1.2772	-8.97368	-7.69648
BLOCK12/SES124/SA124S28	SES104	-0.616094	-7.37618	-6.76008
BLOCK12/SES124/SA124S28	SES106	-1.34896	-8.10905	-6.76008
BLOCK12/SES124/SA124S28	SES125	-0.268035	-7.02812	-6.76008
BLOCK12/SES124/SA124S28	SES275	-1.40511	-8.16519	-6.76008
BLOCK12/SES126/SA126S13	SES007	-0.91986	-8.66226	-7.7424
BLOCK12/SES126/SA126S13	SES162	-1.51883	-9.26123	-7.7424
BLOCK12/SES126/SA126S13	SES177	-0.626533	-8.36893	-7.7424
BLOCK12/SES126/SA126S13	SES180	-1.61367	-9.35608	-7.7424
BLOCK12/SES126/SA126S14	SES144	-0.505459	-7.54798	-7.04252
BLOCK12/SES126/SA126S14	SES148	-1.77022	-8.81273	-7.04252
BLOCK12/SES126/SA126S14	SES177	-0.745045	-7.78756	-7.04252
BLOCK12/SES126/SA126S14	SES180	-1.44039	-8.48291	-7.04252
BLOCK12/SES126/SA126S20	SES007	-1.07876	-7.38001	-6.30125
BLOCK12/SES126/SA126S20	SES162	-1.92573	-8.22697	-6.30125
BLOCK12/SES126/SA126S20	SES172	-1.5742	-7.87544	-6.30125
BLOCK12/SES126/SA126S20	SES180	-1.41042	-7.71167	-6.30125
BLOCK12/SES126/SA126S24	SES120	-0.365873	-7.23635	-6.87048
BLOCK12/SES126/SA126S24	SES162	-1.36511	-8.23559	-6.87048
BLOCK12/SES126/SA126S24	SES177	-0.438005	-7.30849	-6.87048
BLOCK12/SES126/SA126S24	SES180	-0.633983	-7.50446	-6.87048
BLOCK12/SES126/SA126S26	SES120	0.539638	-6.99594	-7.53557
BLOCK12/SES126/SA126S26	SES177	-0.28297	-7.81854	-7.53557
BLOCK12/SES126/SA126S26	SES180	-0.50899	-8.04456	-7.53557
BLOCK12/SES126/SA126S26	SES202	-0.958216	-8.49379	-7.53557
BLOCK12/SES128/SA128S10	SES087	-2.52687	-10.238	-7.71111
BLOCK12/SES128/SA128S10	SES206	-1.24676	-8.95786	-7.71111
BLOCK12/SES128/SA128S10	SES226	-0.675328	-8.38643	-7.71111
BLOCK12/SES128/SA128S10	SES270	-0.936625	-8.64773	-7.71111
BLOCK12/SES128/SA128S12	SES120	-0.476813	-8.07984	-7.60303
BLOCK12/SES128/SA128S12	SES158	-0.625505	-8.22853	-7.60303
BLOCK12/SES128/SA128S12	SES206	-0.822593	-8.42562	-7.60303
BLOCK12/SES128/SA128S12	SES226	-1.91999	-9.52302	-7.60303
BLOCK12/SES128/SA128S21	SES106	-1.44166	-8.99422	-7.55256
BLOCK12/SES128/SA128S21	SES120	-1.19086	-8.74342	-7.55256
BLOCK12/SES128/SA128S21	SES206	-1.05175	-8.60431	-7.55256
BLOCK12/SES128/SA128S21	SES226	-0.00837517	-7.56093	-7.55256
BLOCK12/SES128/SA128S24	SES087	-1.40797	-9.58488	-8.17692
BLOCK12/SES128/SA128S24	SES120	-0.644966	-8.82188	-8.17692
BLOCK12/SES128/SA128S24	SES206	-0.499679	-8.67659	-8.17692
BLOCK12/SES128/SA128S24	SES226	-1.47227	-9.64919	-8.17692
BLOCK12/SES128/SA128S27	SES099	-0.411161	-7.36983	-6.95866
BLOCK12/SES128/SA128S27	SES120	-0.357732	-7.3164	-6.95866
BLOCK12/SES128/SA128S27	SES206	-1.14737	-8.10604	-6.95866
BLOCK12/SES128/SA128S27	SES226	-1.34889	-8.30755	-6.95866
BLOCK13/SES130/SA130S13	SES143	-0.360185	-9.14519	-8.78501
BLOCK13/SES130/SA130S13	SES144	0.336365	-8.44864	-8.78501
BLOCK13/SES130/SA130S13	SES146	-1.73816	-10.5232	-8.78501
BLOCK13/SES130/SA130S13	SES275	-2.40113	-11.1861	-8.78501
BLOCK13/SES130/SA130S15	SES143	-0.84026	-7.95001	-7.10975
BLOCK13/SES130/SA130S15	SES144	0.204676	-6.90507	-7.10975
BLOCK13/SES130/SA130S15	SES146	-0.405679	-7.51542	-7.10975
BLOCK13/SES130/SA130S15	SES275	-1.13457	-8.24432	-7.10975
BLOCK13/SES130/SA130S23	SES127	-1.17696	-9.0586	-7.88164
BLOCK13/SES130/SA130S23	SES144	-0.156178	-8.03782	-7.88164
BLOCK13/SES130/SA130S23	SES146	-0.799083	-8.68072	-7.88164
BLOCK13/SES130/SA130S23	SES162	-0.889563	-8.7712	-7.88164
BLOCK13/SES130/SA130S25	SES127	-1.1011	-7.54038	-6.43928
BLOCK13/SES130/SA130S25	SES144	-0.29372	-6.733	-6.43928
BLOCK13/SES130/SA130S25	SES146	-1.04505	-7.48433	-6.43928
BLOCK13/SES130/SA130S25	SES275	-1.6363	-8.07558	-6.43928
BLOCK13/SES130/SA130S28	SES127	-0.474662	-8.4058	-7.93113
BLOCK13/SES130/SA130S28	SES144	-0.732737	-8.66387	-7.93113
BLOCK13/SES130/SA130S28	SES146	-0.336634	-8.26777	-7.93113
BLOCK13/SES130/SA130S28	SES275	-0.742589	-8.67372	-7.93113
BLOCK13/SES131/SA131S13	SES002	-1.68022	-10.2258	-8.54562
BLOCK13/SES131/SA131S13	SES007	-1.62309	-10.1687	-8.54562
BLOCK13/SES131/SA131S13	SES099	-0.360725	-8.90635	-8.54562
BLOCK13/SES131/SA131S13	SES105	-1.55116	-10.0968	-8.54562
BLOCK13/SES131/SA131S14	SES104	-0.982738	-7.21622	-6.23348
BLOCK13/SES131/SA131S14	SES106	-2.53789	-8.77137	-6.23348
BLOCK13/SES131/SA131S14	SES125	-1.7265	-7.95998	-6.23348
BLOCK13/SES131/SA131S14	SES148	-0.307861	-6.54134	-6.23348
BLOCK13/SES131/SA131S20	SES104	-1.04275	-9.63566	-8.59291
BLOCK13/SES131/SA131S20	SES106	-2.41365	-11.0066	-8.59291
BLOCK13/SES131/SA131S20	SES125	-1.51239	-10.1053	-8.59291
BLOCK13/SES131/SA131S20	SES148	-2.25245	-10.8454	-8.59291
BLOCK13/SES131/SA131S22	SES099	-0.414124	-7.25699	-6.84287
BLOCK13/SES131/SA131S22	SES104	-0.931011	-7.77388	-6.84287
BLOCK13/SES131/SA131S22	SES125	-0.856491	-7.69936	-6.84287
BLOCK13/SES131/SA131S22	SES206	-1.05602	-7.89889	-6.84287
BLOCK13/SES131/SA131S29	SES087	-1.6293	-10.166	-8.53669
BLOCK13/SES131/SA131S29	SES104	-2.84575	-11.3824	-8.53669
BLOCK13/SES131/SA131S29	SES125	-4.14386	-12.6806	-8.53669
BLOCK13/SES131/SA131S29	SES206	-2.37767	-10.9144	-8.53669
BLOCK13/SES132/SA132S11	SES083	-1.73448	-8.9392	-7.20472
BLOCK13/SES132/SA132S11	SES120	-0.0736413	-7.27836	-7.20472
BLOCK13/SES132/SA132S11	SES127	-2.31175	-9.51647	-7.20472
BLOCK13/SES132/SA132S11	SES275	-1.49117	-8.6959	-7.20472
BLOCK13/SES132/SA132S12	SES083	-1.54785	-8.66522	-7.11737
BLOCK13/SES132/SA132S12	SES143	-2.03291	-9.15029	-7.11737
BLOCK13/SES132/SA132S12	SES144	-1.0269	-8.14427	-7.11737
BLOCK13/SES132/SA132S12	SES148	-1.358	-8.47537	-7.11737
BLOCK13/SES132/SA132S22	SES062	-1.03711	-8.33736	-7.30024
BLOCK13/SES132/SA132S22	SES083	-2.16854	-9.46878	-7.30024
BLOCK13/SES132/SA132S22	SES127	-2.0785	-9.37875	-7.30024
BLOCK13/SES132/SA132S22	SES275	-1.26447	-8.56471	-7.30024
BLOCK13/SES132/SA132S24	SES007	-0.875933	-7.6153	-6.73937
BLOCK13/SES132/SA132S24	SES083	-1.7751	-8.51447	-6.73937
BLOCK13/SES132/SA132S24	SES127	-2.30193	-9.0413	-6.73937
BLOCK13/SES132/SA132S24	SES275	-1.38053	-8.1199	-6.73937
BLOCK13/SES132/SA132S27	SES083	-1.96393	-10.3431	-8.3792
BLOCK13/SES132/SA132S27	SES120	0.32615	-8.05305	-8.3792
BLOCK13/SES132/SA132S27	SES127	-3.84884	-12.228	-8.3792
BLOCK13/SES132/SA132S27	SES275	-2.23732	-10.6165	-8.3792
BLOCK14/SES141/SA141S09	SES143	-1.12117	-7.81453	-6.69337
BLOCK14/SES141/SA141S09	SES144	-0.412601	-7.10597	-6.69337
BLOCK14/SES141/SA141S09	SES162	-1.23415	-7.92752	-6.69337
BLOCK14/SES141/SA141S09	SES180	-1.02925	-7.72261	-6.69337
BLOCK14/SES141/SA141S15	SES127	-1.93393	-9.56518	-7.63124
BLOCK14/SES141/SA141S15	SES144	-1.18566	-8.8169	-7.63124
BLOCK14/SES141/SA141S15	SES162	-2.42311	-10.0544	-7.63124
BLOCK14/SES141/SA141S15	SES180	-1.52289	-9.15413	-7.63124
BLOCK14/SES141/SA141S24	SES127	-2.00323	-9.20876	-7.20553
BLOCK14/SES141/SA141S24	SES144	-1.37053	-8.57606	-7.20553
BLOCK14/SES141/SA141S24	SES162	-1.91957	-9.1251	-7.20553
BLOCK14/SES141/SA141S24	SES183	-1.62036	-8.82589	-7.20553
BLOCK14/SES141/SA141S26	SES142	-0.103644	-8.21441	-8.11077
BLOCK14/SES141/SA141S26	SES144	-1.2669	-9.37767	-8.11077
BLOCK14/SES141/SA141S26	SES172	-1.13278	-9.24355	-8.11077
BLOCK14/SES141/SA141S26	SES180	-1.23945	-9.35022	-8.11077
BLOCK14/SES141/SA141S29	SES127	-0.704935	-7.73315	-7.02822
BLOCK14/SES141/SA141S29	SES142	0.0595689	-6.96865	-7.02822
BLOCK14/SES141/SA141S29	SES144	-0.542438	-7.57066	-7.02822
BLOCK14/SES141/SA141S29	SES180	-0.376721	-7.40494	-7.02822
BLOCK15/SES157/SA157S08	SES083	-1.34483	-8.41825	-7.07342
BLOCK15/SES157/SA157S08	SES127	-1.31703	-8.39045	-7.07342
BLOCK15/SES157/SA157S08	SES148	-0.244698	-7.31812	-7.07342
BLOCK15/SES157/SA157S08	SES292	-1.30102	-8.37444	-7.07342
BLOCK15/SES157/SA157S11	SES083	-1.4114	-9.21182	-7.80042
BLOCK15/SES157/SA157S11	SES127	-0.971895	-8.77232	-7.80042
BLOCK15/SES157/SA157S11	SES148	-1.62645	-9.42688	-7.80042
BLOCK15/SES157/SA157S11	SES292	-1.99339	-9.79381	-7.80042
BLOCK15/SES157/SA157S21	SES127	-0.576252	-7.19951	-6.62326
BLOCK15/SES157/SA157S21	SES148	-0.341061	-6.96432	-6.62326
BLOCK15/SES157/SA157S21	SES158	-4.32361	-10.9469	-6.62326
BLOCK15/SES157/SA157S21	SES292	-1.35507	-7.97833	-6.62326
BLOCK15/SES157/SA157S24	SES127	-0.568796	-8.71571	-8.14692
BLOCK15/SES157/SA157S24	SES148	-0.551044	-8.69796	-8.14692
BLOCK15/SES157/SA157S24	SES183	-0.78218	-8.9291	-8.14692
BLOCK15/SES157/SA157S24	SES292	-1.50578	-9.6527	-8.14692
BLOCK15/SES157/SA157S26	SES007	-1.2853	-8.39902	-7.11373
BLOCK15/SES157/SA157S26	SES127	-0.614611	-7.72834	-7.11373
BLOCK15/SES157/SA157S26	SES147	-1.49285	-8.60658	-7.11373
BLOCK15/SES157/SA157S26	SES148	-1.26238	-8.3761	-7.11373
BLOCK16/SES161/SA161S10	SES007	-0.830107	-8.43199	-7.60189
BLOCK16/SES161/SA161S10	SES105	-0.869803	-8.47169	-7.60189
BLOCK16/SES161/SA161S10	SES158	-1.62409	-9.22598	-7.60189
BLOCK16/SES161/SA161S10	SES275	-0.71667	-8.31856	-7.60189
BLOCK16/SES161/SA161S12	SES007	-2.48977	-11.193	-8.70327
BLOCK16/SES161/SA161S12	SES105	-2.34051	-11.0438	-8.70327
BLOCK16/SES161/SA161S12	SES158	-1.70812	-10.4114	-8.70327
BLOCK16/SES161/SA161S12	SES275	-3.89502	-12.5983	-8.70327
BLOCK16/SES161/SA161S20	SES007	-0.818317	-9.7651	-8.94678
BLOCK16/SES161/SA161S20	SES105	-1.98067	-10.9275	-8.94678
BLOCK16/SES161/SA161S20	SES158	-0.56	-9.50678	-8.94678
BLOCK16/SES161/SA161S20	SES275	-2.09266	-11.0394	-8.94678
BLOCK16/SES161/SA161S23	SES007	-3.20763	-11.6387	-8.43102
BLOCK16/SES161/SA161S23	SES105	-1.74804	-10.1791	-8.43102
BLOCK16/SES161/SA161S23	SES148	-2.53178	-10.9628	-8.43102
BLOCK16/SES161/SA161S23	SES158	-3.61062	-12.0416	-8.43102
BLOCK16/SES161/SA161S28	SES007	-1.70821	-9.63979	-7.93158
BLOCK16/SES161/SA161S28	SES105	-2.54041	-10.472	-7.93158
BLOCK16/SES161/SA161S28	SES158	-0.607071	-8.53865	-7.93158
BLOCK16/SES161/SA161S28	SES206	-1.10304	-9.03462	-7.93158
BLOCK16/SES164/SA164S11	SES104	-1.87223	-9.52851	-7.65628
BLOCK16/SES164/SA164S11	SES125	-0.580086	-8.23636	-7.65628
BLOCK16/SES164/SA164S11	SES158	-1.46668	-9.12296	-7.65628
BLOCK16/SES164/SA164S11	SES206	-3.06412	-10.7204	-7.65628
BLOCK16/SES164/SA164S13	SES099	-1.97377	-10.2855	-8.31176
BLOCK16/SES164/SA164S13	SES104	-1.49622	-9.80799	-8.31176
BLOCK16/SES164/SA164S13	SES125	-1.41145	-9.72321	-8.31176
BLOCK16/SES164/SA164S13	SES206	-2.04456	-10.3563	-8.31176
BLOCK16/SES164/SA164S24	SES002	0.17	-7.69221	-7.86221
BLOCK16/SES164/SA164S24	SES099	-0.791776	-8.65399	-7.86221
BLOCK16/SES164/SA164S24	SES125	-1.0648	-8.92701	-7.86221
BLOCK16/SES164/SA164S24	SES226	0.553096	-7.30911	-7.86221
BLOCK16/SES164/SA164S27	SES087	-3.06332	-11.5818	-8.51851
BLOCK16/SES164/SA164S27	SES125	-0.949502	-9.46802	-8.51851
BLOCK16/SES164/SA164S27	SES206	-2.69337	-11.2119	-8.51851
BLOCK16/SES164/SA164S27	SES226	-0.262457	-8.78097	-8.51851
BLOCK16/SES164/SA164S29	SES002	0.216606	-8.10305	-8.31966
BLOCK16/SES164/SA164S29	SES019	-1.63915	-9.95881	-8.31966
BLOCK16/SES164/SA164S29	SES125	-0.463245	-8.78291	-8.31966
BLOCK16/SES164/SA164S29	SES226	0.260611	-8.05905	-8.31966
BLOCK16/SES169/SA169S13	SES117	-1.27763	-8.85676	-7.57913
BLOCK16/SES169/SA169S13	SES144	-0.82254	-8.40167	-7.57913
BLOCK16/SES169/SA169S13	SES146	-0.903377	-8.48251	-7.57913
BLOCK16/SES169/SA169S13	SES162	-1.44451	-9.02364	-7.57913
BLOCK16/SES169/SA169S14	SES144	-0.838901	-7.21716	-6.37826
BLOCK16/SES169/SA169S14	SES148	-0.421281	-6.79954	-6.37826
BLOCK16/SES169/SA169S14	SES177	-0.253536	-6.63179	-6.37826
BLOCK16/SES169/SA169S14	SES180	-1.11553	-7.49379	-6.37826
BLOCK16/SES169/SA169S24	SES117	-1.12672	-9.29841	-8.1717
BLOCK16/SES169/SA169S24	SES144	-0.806592	-8.97829	-8.1717
BLOCK16/SES169/SA169S24	SES146	-1.09019	-9.26188	-8.1717
BLOCK16/SES169/SA169S24	SES162	-1.12891	-9.30061	-8.1717
BLOCK16/SES169/SA169S27	SES127	-0.883008	-8.36636	-7.48335
BLOCK16/SES169/SA169S27	SES129	-0.495311	-7.97866	-7.48335
BLOCK16/SES169/SA169S27	SES144	-0.511029	-7.99438	-7.48335
BLOCK16/SES169/SA169S27	SES146	-0.418971	-7.90232	-7.48335
BLOCK16/SES169/SA169S29	SES144	-0.340318	-6.8024	-6.46208
BLOCK16/SES169/SA169S29	SES162	-0.353005	-6.81509	-6.46208
BLOCK16/SES169/SA169S29	SES177	-0.958087	-7.42017	-6.46208
BLOCK16/SES169/SA169S29	SES180	-0.98771	-7.44979	-6.46208
BLOCK17/SES171/SA171S12	SES083	-1.32922	-9.90005	-8.57083
BLOCK17/SES171/SA171S12	SES148	-2.59529	-11.1661	-8.57083
BLOCK17/SES171/SA171S12	SES172	-2.00776	-10.5786	-8.57083
BLOCK17/SES171/SA171S12	SES292	-2.78555	-11.3564	-8.57083
BLOCK17/SES171/SA171S15	SES148	-1.16245	-9.2211	-8.05866
BLOCK17/SES171/SA171S15	SES177	-0.932534	-8.99119	-8.05866
BLOCK17/SES171/SA171S15	SES180	-2.89165	-10.9503	-8.05866
BLOCK17/SES171/SA171S15	SES292	-1.39566	-9.45431	-8.05866
BLOCK17/SES171/SA171S22	SES007	-1.08975	-7.57143	-6.48168
BLOCK17/SES171/SA171S22	SES148	-0.454843	-6.93652	-6.48168
BLOCK17/SES171/SA171S22	SES177	-0.19256	-6.67424	-6.48168
BLOCK17/SES171/SA171S22	SES180	-1.88983	-8.3715	-6.48168
BLOCK17/SES171/SA171S25	SES101	-1.5129	-9.39208	-7.87919
BLOCK17/SES171/SA171S25	SES120	-3.63306	-11.5122	-7.87919
BLOCK17/SES171/SA171S25	SES177	-1.37986	-9.25904	-7.87919
BLOCK17/SES171/SA171S25	SES180	-1.78442	-9.66361	-7.87919
BLOCK17/SES171/SA171S27	SES177	-1.12663	-9.20271	-8.07607
BLOCK17/SES171/SA171S27	SES180	-2.91963	-10.9957	-8.07607
BLOCK17/SES171/SA171S27	SES189	-0.771026	-8.8471	-8.07607
BLOCK17/SES171/SA171S27	SES292	-3.18721	-11.2633	-8.07607
BLOCK17/SES173/SA173S13	SES162	-3.22813	-10.6176	-7.38947
BLOCK17/SES173/SA173S13	SES177	-1.30209	-8.69156	-7.38947
BLOCK17/SES173/SA173S13	SES180	-1.9112	-9.30067	-7.38947
BLOCK17/SES173/SA173S13	SES292	-0.333511	-7.72298	-7.38947
BLOCK17/SES173/SA173S14	SES007	-1.10523	-8.37483	-7.2696
BLOCK17/SES173/SA173S14	SES162	-2.83302	-10.1026	-7.2696
BLOCK17/SES173/SA173S14	SES177	-1.72951	-8.99911	-7.2696
BLOCK17/SES173/SA173S14	SES180	-2.35064	-9.62024	-7.2696
BLOCK17/SES173/SA173S24	SES144	-1.76705	-9.57648	-7.80943
BLOCK17/SES173/SA173S24	SES162	-2.72262	-10.532	-7.80943
BLOCK17/SES173/SA173S24	SES177	-0.619968	-8.4294	-7.80943
BLOCK17/SES173/SA173S24	SES180	-2.06723	-9.87666	-7.80943
BLOCK17/SES173/SA173S27	SES162	-4.69445	-11.9682	-7.27374
BLOCK17/SES173/SA173S27	SES177	-1.76362	-9.03736	-7.27374
BLOCK17/SES173/SA173S27	SES180	-1.83967	-9.11341	-7.27374
BLOCK17/SES173/SA173S27	SES292	-0.579996	-7.85374	-7.27374
BLOCK17/SES173/SA173S29	SES162	-2.54592	-10.4881	-7.94215
BLOCK17/SES173/SA173S29	SES175	-1.22034	-9.16249	-7.94215
BLOCK17/SES173/SA173S29	SES177	-0.900636	-8.84278	-7.94215
BLOCK17/SES173/SA173S29	SES292	-1.2974	-9.23954	-7.94215
BLOCK18/SES182/SA182S10	SES144	-1.5206	-8.43558	-6.91499
BLOCK18/SES182/SA182S10	SES177	-1.65706	-8.57205	-6.91499
BLOCK18/SES182/SA182S10	SES180	-2.32857	-9.24356	-6.91499
BLOCK18/SES182/SA182S10	SES275	-0.924288	-7.83927	-6.91499
BLOCK18/SES182/SA182S12	SES144	-0.940155	-7.61833	-6.67818
BLOCK18/SES182/SA182S12	SES177	-0.92419	-7.60237	-6.67818
BLOCK18/SES182/SA182S12	SES180	-2.2983	-8.97647	-6.67818
BLOCK18/SES182/SA182S12	SES275	-1.16698	-7.84516	-6.67818
BLOCK18/SES182/SA182S21	SES117	-1.53261	-9.82099	-8.28838
BLOCK18/SES182/SA182S21	SES144	-1.17278	-9.46116	-8.28838
BLOCK18/SES182/SA182S21	SES162	-1.48086	-9.76924	-8.28838
BLOCK18/SES182/SA182S21	SES180	-2.44402	-10.7324	-8.28838
BLOCK18/SES182/SA182S23	SES117	-2.26113	-10.4771	-8.21596
BLOCK18/SES182/SA182S23	SES144	-1.95264	-10.1686	-8.21596
BLOCK18/SES182/SA182S23	SES180	-3.52064	-11.7366	-8.21596
BLOCK18/SES182/SA182S23	SES275	-2.32954	-10.5455	-8.21596
BLOCK18/SES182/SA182S25	SES007	-0.203582	-7.82742	-7.62384
BLOCK18/SES182/SA182S25	SES162	-1.43229	-9.05613	-7.62384
BLOCK18/SES182/SA182S25	SES177	-1.20023	-8.82407	-7.62384
BLOCK18/SES182/SA182S25	SES180	-2.18147	-9.80531	-7.62384
BLOCK18/SES184/SA184S12	SES177	-1.91266	-9.09546	-7.18281
BLOCK18/SES184/SA184S12	SES180	-0.530504	-7.71331	-7.18281
BLOCK18/SES184/SA184S12	SES189	-1.96178	-9.14459	-7.18281
BLOCK18/SES184/SA184S12	SES292	-0.234112	-7.41692	-7.18281
BLOCK18/SES184/SA184S13	SES101	-0.843212	-8.40645	-7.56324
BLOCK18/SES184/SA184S13	SES177	-1.01096	-8.5742	-7.56324
BLOCK18/SES184/SA184S13	SES180	-0.986342	-8.54958	-7.56324
BLOCK18/SES184/SA184S13	SES292	-0.944235	-8.50747	-7.56324
BLOCK18/SES184/SA184S22	SES177	-1.77264	-9.35049	-7.57785
BLOCK18/SES184/SA184S22	SES180	-0.240466	-7.81832	-7.57785
BLOCK18/SES184/SA184S22	SES189	-1.41251	-8.99037	-7.57785
BLOCK18/SES184/SA184S22	SES292	-0.981816	-8.55967	-7.57785
BLOCK18/SES184/SA184S25	SES101	-0.887369	-8.22952	-7.34215
BLOCK18/SES184/SA184S25	SES177	-1.66799	-9.01013	-7.34215
BLOCK18/SES184/SA184S25	SES180	-0.174096	-7.51624	-7.34215
BLOCK18/SES184/SA184S25	SES292	-0.864997	-8.20714	-7.34215
BLOCK18/SES184/SA184S27	SES083	-0.910194	-8.43659	-7.5264
BLOCK18/SES184/SA184S27	SES177	-0.778384	-8.30478	-7.5264
BLOCK18/SES184/SA184S27	SES202	-1.11486	-8.64126	-7.5264
BLOCK18/SES184/SA184S27	SES292	-0.731423	-8.25782	-7.5264
BLOCK20/SES204/SA204S12	SES062	-1.07377	-7.83825	-6.76448
BLOCK20/SES204/SA204S12	SES083	-2.21117	-8.97565	-6.76448
BLOCK20/SES204/SA204S12	SES206	-0.724653	-7.48914	-6.76448
BLOCK20/SES204/SA204S12	SES226	-1.30205	-8.06653	-6.76448
BLOCK20/SES204/SA204S14	SES068	-0.392336	-6.54182	-6.14948
BLOCK20/SES204/SA204S14	SES087	-0.367768	-6.51725	-6.14948
BLOCK20/SES204/SA204S14	SES206	-1.26851	-7.41799	-6.14948
BLOCK20/SES204/SA204S14	SES226	-1.50369	-7.65318	-6.14948
BLOCK20/SES204/SA204S22	SES068	-0.789113	-7.58858	-6.79947
BLOCK20/SES204/SA204S22	SES082	-1.15057	-7.95004	-6.79947
BLOCK20/SES204/SA204S22	SES083	-2.59133	-9.3908	-6.79947
BLOCK20/SES204/SA204S22	SES206	-0.724574	-7.52404	-6.79947
BLOCK20/SES204/SA204S25	SES062	-1.25593	-7.84848	-6.59255
BLOCK20/SES204/SA204S25	SES083	-2.50359	-9.09614	-6.59255
BLOCK20/SES204/SA204S25	SES206	-0.529329	-7.12188	-6.59255
BLOCK20/SES204/SA204S25	SES226	-1.31839	-7.91094	-6.59255
BLOCK20/SES204/SA204S27	SES068	-0.462335	-8.14556	-7.68322
BLOCK20/SES204/SA204S27	SES082	-1.82964	-9.51287	-7.68322
BLOCK20/SES204/SA204S27	SES087	-0.10588	-7.7891	-7.68322
BLOCK20/SES204/SA204S27	SES206	-1.52704	-9.21026	-7.68322
BLOCK20/SES207/SA207S10	SES127	-2.02353	-9.19815	-7.17461
BLOCK20/SES207/SA207S10	SES183	-1.10996	-8.28458	-7.17461
BLOCK20/SES207/SA207S10	SES189	-0.876561	-8.05118	-7.17461
BLOCK20/SES207/SA207S10	SES292	-1.63162	-8.80624	-7.17461
BLOCK20/SES207/SA207S11	SES127	-1.77892	-9.90907	-8.13015
BLOCK20/SES207/SA207S11	SES183	-1.53292	-9.66306	-8.13015
BLOCK20/SES207/SA207S11	SES187	-1.02204	-9.15218	-8.13015
BLOCK20/SES207/SA207S11	SES292	-0.633029	-8.76318	-8.13015
BLOCK20/SES207/SA207S25	SES068	-1.26247	-9.30392	-8.04144
BLOCK20/SES207/SA207S25	SES083	-1.83422	-9.87566	-8.04144
BLOCK20/SES207/SA207S25	SES127	-0.873168	-8.91461	-8.04144
BLOCK20/SES207/SA207S25	SES187	-1.04464	-9.08608	-8.04144
BLOCK20/SES207/SA207S27	SES127	-1.68783	-9.65149	-7.96366
BLOCK20/SES207/SA207S27	SES183	-1.59404	-9.5577	-7.96366
BLOCK20/SES207/SA207S27	SES187	-0.934798	-8.89846	-7.96366
BLOCK20/SES207/SA207S27	SES292	-1.70077	-9.66443	-7.96366
BLOCK20/SES207/SA207S29	SES083	-2.3113	-9.85518	-7.54389
BLOCK20/SES207/SA207S29	SES085	-1.41623	-8.96012	-7.54389
BLOCK20/SES207/SA207S29	SES172	-0.86338	-8.40727	-7.54389
BLOCK20/SES207/SA207S29	SES189	-2.78314	-10.327	-7.54389
BLOCK22/SES221/SA221S12	SES068	-0.219169	-6.74987	-6.5307
BLOCK22/SES221/SA221S12	SES143	-1.56499	-8.09569	-6.5307
BLOCK22/SES221/SA221S12	SES175	-0.621223	-7.15192	-6.5307
BLOCK22/SES221/SA221S12	SES202	-0.869583	-7.40028	-6.5307
BLOCK22/SES221/SA221S15	SES085	-0.513501	-7.36569	-6.85219
BLOCK22/SES221/SA221S15	SES143	-1.46739	-8.31958	-6.85219
BLOCK22/SES221/SA221S15	SES175	-0.729409	-7.5816	-6.85219
BLOCK22/SES221/SA221S15	SES187	-1.29589	-8.14807	-6.85219
BLOCK22/SES221/SA221S23	SES068	0.13447	-6.72524	-6.85971
BLOCK22/SES221/SA221S23	SES143	-1.66885	-8.52855	-6.85971
BLOCK22/SES221/SA221S23	SES175	-1.11562	-7.97533	-6.85971
BLOCK22/SES221/SA221S23	SES189	-1.8659	-8.7256	-6.85971
BLOCK22/SES221/SA221S27	SES085	0.292852	-7.21805	-7.5109
BLOCK22/SES221/SA221S27	SES143	-1.4862	-8.9971	-7.5109
BLOCK22/SES221/SA221S27	SES175	-0.925479	-8.43638	-7.5109
BLOCK22/SES221/SA221S27	SES189	-1.49618	-9.00708	-7.5109
BLOCK22/SES221/SA221S29	SES085	-0.249528	-7.03685	-6.78732
BLOCK22/SES221/SA221S29	SES143	-1.11401	-7.90133	-6.78732
BLOCK22/SES221/SA221S29	SES175	-0.483408	-7.27073	-6.78732
BLOCK22/SES221/SA221S29	SES187	-1.52491	-8.31223	-6.78732
BLOCK22/SES223/SA223S11	SES143	-1.14242	-8.56131	-7.4189
BLOCK22/SES223/SA223S11	SES144	-2.25577	-9.67467	-7.4189
BLOCK22/SES223/SA223S11	SES175	-0.900645	-8.31954	-7.4189
BLOCK22/SES223/SA223S11	SES187	-1.88006	-9.29896	-7.4189
BLOCK22/SES223/SA223S13	SES068	-0.259844	-7.6344	-7.37455
BLOCK22/SES223/SA223S13	SES143	-1.75216	-9.12672	-7.37455
BLOCK22/SES223/SA223S13	SES146	-1.41344	-8.78799	-7.37455
BLOCK22/SES223/SA223S13	SES202	-1.23498	-8.60953	-7.37455
BLOCK22/SES223/SA223S22	SES143	-0.819604	-7.99026	-7.17066
BLOCK22/SES223/SA223S22	SES144	-2.05276	-9.22342	-7.17066
BLOCK22/SES223/SA223S22	SES175	-0.472553	-7.64321	-7.17066
BLOCK22/SES223/SA223S22	SES187	-1.50246	-8.67312	-7.17066
BLOCK22/SES223/SA223S25	SES068	-1.2069	-8.44861	-7.24171
BLOCK22/SES223/SA223S25	SES143	-1.21982	-8.46153	-7.24171
BLOCK22/SES223/SA223S25	SES175	-0.687071	-7.92878	-7.24171
BLOCK22/SES223/SA223S25	SES187	-1.38041	-8.62212	-7.24171
BLOCK22/SES223/SA223S27	SES143	-0.58492	-8.46328	-7.87836
BLOCK22/SES223/SA223S27	SES146	-1.8204	-9.69877	-7.87836
BLOCK22/SES223/SA223S27	SES187	-1.48707	-9.36543	-7.87836
BLOCK22/SES223/SA223S27	SES292	-0.663514	-8.54188	-7.87836
BLOCK27/SES273/SA273S12	SES099	-0.125572	-7.36248	-7.23691
BLOCK27/SES273/SA273S12	SES104	0.083364	-7.15354	-7.23691
BLOCK27/SES273/SA273S12	SES125	-0.724087	-7.961	-7.23691
BLOCK27/SES273/SA273S12	SES206	-0.0645967	-7.30151	-7.23691
BLOCK27/SES273/SA273S13	SES099	-1.27845	-7.92813	-6.64969
BLOCK27/SES273/SA273S13	SES104	-0.33193	-6.98162	-6.64969
BLOCK27/SES273/SA273S13	SES206	-1.5945	-8.24419	-6.64969
BLOCK27/SES273/SA273S13	SES292	-1.18186	-7.83155	-6.64969
BLOCK27/SES273/SA273S21	SES099	-0.758327	-8.38678	-7.62845
BLOCK27/SES273/SA273S21	SES148	-1.98479	-9.61324	-7.62845
BLOCK27/SES273/SA273S21	SES149	-1.78732	-9.41577	-7.62845
BLOCK27/SES273/SA273S21	SES177	-2.10101	-9.72946	-7.62845
BLOCK27/SES273/SA273S25	SES104	-0.328869	-8.21756	-7.88869
BLOCK27/SES273/SA273S25	SES125	-0.891823	-8.78051	-7.88869
BLOCK27/SES273/SA273S25	SES158	-0.154466	-8.04315	-7.88869
BLOCK27/SES273/SA273S25	SES206	-0.525413	-8.4141	-7.88869
BLOCK27/SES273/SA273S27	SES099	-0.738989	-6.92312	-6.18413
BLOCK27/SES273/SA273S27	SES104	-0.735183	-6.91931	-6.18413
BLOCK27/SES273/SA273S27	SES149	-1.31886	-7.50299	-6.18413
BLOCK27/SES273/SA273S27	SES275	-1.38558	-7.56971	-6.18413
BLOCK27/SES274/SA274S10	SES105	-1.46832	-7.97304	-6.50472
BLOCK27/SES274/SA274S10	SES125	-1.45923	-7.96395	-6.50472
BLOCK27/SES274/SA274S10	SES129	-0.17657	-6.68129	-6.50472
BLOCK27/SES274/SA274S10	SES158	-4.68089	-11.1856	-6.50472
BLOCK27/SES274/SA274S11	SES105	-0.808729	-7.27263	-6.4639
BLOCK27/SES274/SA274S11	SES149	-0.686221	-7.15012	-6.4639
BLOCK27/SES274/SA274S11	SES158	-1.57766	-8.04156	-6.4639
BLOCK27/SES274/SA274S11	SES275	-0.366227	-6.83013	-6.4639
BLOCK27/SES274/SA274S21	SES105	-1.17448	-7.77668	-6.6022
BLOCK27/SES274/SA274S21	SES129	-0.194739	-6.79694	-6.6022
BLOCK27/SES274/SA274S21	SES149	-1.99458	-8.59677	-6.6022
BLOCK27/SES274/SA274S21	SES158	-3.89988	-10.5021	-6.6022
BLOCK27/SES274/SA274S24	SES105	-1.7374	-9.22934	-7.49195
BLOCK27/SES274/SA274S24	SES129	0.2357	-7.25625	-7.49195
BLOCK27/SES274/SA274S24	SES149	-2.89953	-10.3915	-7.49195
BLOCK27/SES274/SA274S24	SES158	-5.11305	-12.605	-7.49195
BLOCK27/SES274/SA274S29	SES105	-1.45245	-8.49438	-7.04193
BLOCK27/SES274/SA274S29	SES106	-1.92789	-8.96981	-7.04193
BLOCK27/SES274/SA274S29	SES120	-0.859161	-7.90109	-7.04193
BLOCK27/SES274/SA274S29	SES275	-0.765744	-7.80767	-7.04193
BLOCK27/SES276/SA276S16	SES148	-0.529767	-7.34646	-6.81669
BLOCK27/SES276/SA276S16	SES172	-0.0933714	-6.91006	-6.81669
BLOCK27/SES276/SA276S16	SES180	-0.920024	-7.73671	-6.81669
BLOCK27/SES276/SA276S16	SES292	-0.894846	-7.71153	-6.81669
BLOCK27/SES276/SA276S17	SES101	-1.205	-8.39893	-7.19393
BLOCK27/SES276/SA276S17	SES177	-1.61775	-8.81168	-7.19393
BLOCK27/SES276/SA276S17	SES180	-1.68514	-8.87907	-7.19393
BLOCK27/SES276/SA276S17	SES292	-1.25379	-8.44772	-7.19393
BLOCK27/SES276/SA276S24	SES101	-0.502049	-7.02718	-6.52513
BLOCK27/SES276/SA276S24	SES177	-0.820214	-7.34535	-6.52513
BLOCK27/SES276/SA276S24	SES180	-1.18047	-7.7056	-6.52513
BLOCK27/SES276/SA276S24	SES292	-1.37444	-7.89957	-6.52513
BLOCK27/SES276/SA276S26	SES101	-0.869126	-7.51317	-6.64404
BLOCK27/SES276/SA276S26	SES177	-0.792545	-7.43659	-6.64404
BLOCK27/SES276/SA276S26	SES180	-0.62044	-7.26448	-6.64404
BLOCK27/SES276/SA276S26	SES292	-0.2689	-6.91294	-6.64404
BLOCK27/SES276/SA276S28	SES101	-0.31255	-7.06603	-6.75348
BLOCK27/SES276/SA276S28	SES177	-1.15016	-7.90365	-6.75348
BLOCK27/SES276/SA276S28	SES180	-0.637292	-7.39078	-6.75348
BLOCK27/SES276/SA276S28	SES292	-0.477228	-7.23071	-6.75348
BLOCK27/SES277/SA277S12	SES101	-0.429367	-8.6483	-8.21893
BLOCK27/SES277/SA277S12	SES177	-2.3088	-10.5277	-8.21893
BLOCK27/SES277/SA277S12	SES180	-2.13462	-10.3536	-8.21893
BLOCK27/SES277/SA277S12	SES292	-1.86265	-10.0816	-8.21893
BLOCK27/SES277/SA277S14	SES177	-1.36876	-9.64541	-8.27665
BLOCK27/SES277/SA277S14	SES180	-2.11898	-10.3956	-8.27665
BLOCK27/SES277/SA277S14	SES189	-0.374098	-8.65075	-8.27665
BLOCK27/SES277/SA277S14	SES292	-2.50654	-10.7832	-8.27665
BLOCK27/SES277/SA277S21	SES177	-0.824782	-9.22579	-8.40101
BLOCK27/SES277/SA277S21	SES180	-1.39035	-9.79136	-8.40101
BLOCK27/SES277/SA277S21	SES189	0.0510283	-8.34998	-8.40101
BLOCK27/SES277/SA277S21	SES292	-2.80211	-11.2031	-8.40101
BLOCK27/SES277/SA277S24	SES144	-0.833306	-9.40904	-8.57573
BLOCK27/SES277/SA277S24	SES177	-1.54578	-10.1215	-8.57573
BLOCK27/SES277/SA277S24	SES180	-2.61062	-11.1863	-8.57573
BLOCK27/SES277/SA277S24	SES189	-0.0680027	-8.64373	-8.57573
BLOCK27/SES277/SA277S29	SES177	-1.12857	-7.25192	-6.12334
BLOCK27/SES277/SA277S29	SES180	-0.931002	-7.05435	-6.12334
BLOCK27/SES277/SA277S29	SES202	-0.781747	-6.90509	-6.12334
BLOCK27/SES277/SA277S29	SES292	-1.61935	-7.74269	-6.12334
BLOCK27/SES279/SA279S09	SES120	-1.23878	-7.68722	-6.44845
BLOCK27/SES279/SA279S09	SES146	-1.66658	-8.11503	-6.44845
BLOCK27/SES279/SA279S09	SES206	-0.806083	-7.25453	-6.44845
BLOCK27/SES279/SA279S09	SES226	-1.32654	-7.77499	-6.44845
BLOCK27/SES279/SA279S10	SES099	-1.49737	-8.56487	-7.0675
BLOCK27/SES279/SA279S10	SES206	-2.00869	-9.07619	-7.0675
BLOCK27/SES279/SA279S10	SES226	-2.54864	-9.61614	-7.0675
BLOCK27/SES279/SA279S10	SES292	-0.498136	-7.56563	-7.0675
BLOCK27/SES279/SA279S20	SES099	-1.68469	-9.08208	-7.39739
BLOCK27/SES279/SA279S20	SES206	-0.813967	-8.21136	-7.39739
BLOCK27/SES279/SA279S20	SES226	-2.62414	-10.0215	-7.39739
BLOCK27/SES279/SA279S20	SES292	-0.446167	-7.84356	-7.39739
BLOCK27/SES279/SA279S26	SES099	-0.937776	-8.88291	-7.94514
BLOCK27/SES279/SA279S26	SES206	-1.31332	-9.25846	-7.94514
BLOCK27/SES279/SA279S26	SES226	-1.90443	-9.84957	-7.94514
BLOCK27/SES279/SA279S26	SES292	0.265742	-7.6794	-7.94514
BLOCK27/SES279/SA279S28	SES099	-0.835399	-7.10352	-6.26812
BLOCK27/SES279/SA279S28	SES120	-0.976657	-7.24478	-6.26812
BLOCK27/SES279/SA279S28	SES177	-2.2129	-8.48102	-6.26812
BLOCK27/SES279/SA279S28	SES206	-1.34555	-7.61368	-6.26812
BLOCK29/SES290/SA290S12	SES162	-0.358796	-6.00895	-5.65016
BLOCK29/SES290/SA290S12	SES177	-0.449954	-6.10011	-5.65016
BLOCK29/SES290/SA290S12	SES180	-0.79133	-6.44149	-5.65016
BLOCK29/SES290/SA290S12	SES292	-1.0751	-6.72526	-5.65016
BLOCK29/SES290/SA290S13	SES007	-0.091785	-6.41558	-6.32379
BLOCK29/SES290/SA290S13	SES162	-1.0167	-7.34049	-6.32379
BLOCK29/SES290/SA290S13	SES177	-0.931814	-7.25561	-6.32379
BLOCK29/SES290/SA290S13	SES180	-0.396756	-6.72055	-6.32379
BLOCK29/SES290/SA290S22	SES177	-0.673896	-7.21724	-6.54334
BLOCK29/SES290/SA290S22	SES180	-0.573722	-7.11706	-6.54334
BLOCK29/SES290/SA290S22	SES202	-0.280866	-6.82421	-6.54334
BLOCK29/SES290/SA290S22	SES292	-0.488865	-7.0322	-6.54334
BLOCK29/SES290/SA290S25	SES162	-0.708477	-6.98724	-6.27876
BLOCK29/SES290/SA290S25	SES177	-0.928911	-7.20767	-6.27876
BLOCK29/SES290/SA290S25	SES180	-0.790357	-7.06912	-6.27876
BLOCK29/SES290/SA290S25	SES292	-0.543581	-6.82234	-6.27876
BLOCK29/SES290/SA290S29	SES177	-0.558115	-6.76758	-6.20947
BLOCK29/SES290/SA290S29	SES180	-0.10143	-6.3109	-6.20947
BLOCK29/SES290/SA290S29	SES275	-0.565594	-6.77506	-6.20947
BLOCK29/SES290/SA290S29	SES292	-0.418702	-6.62817	-6.20947
BLOCK29/SES291/SA291S11	SES105	-1.7179	-9.44255	-7.72465
BLOCK29/SES291/SA291S11	SES125	-1.46416	-9.18882	-7.72465
BLOCK29/SES291/SA291S11	SES158	-0.610324	-8.33498	-7.72465
BLOCK29/SES291/SA291S11	SES275	-1.20929	-8.93395	-7.72465
BLOCK29/SES291/SA291S12	SES158	0.155239	-6.98434	-7.13958
BLOCK29/SES291/SA291S12	SES226	-1.28871	-8.42829	-7.13958
BLOCK29/SES291/SA291S12	SES270	-1.03945	-8.17903	-7.13958
BLOCK29/SES291/SA291S12	SES275	-2.88831	-10.0279	-7.13958
BLOCK29/SES291/SA291S22	SES082	-0.78487	-8.26853	-7.48366
BLOCK29/SES291/SA291S22	SES158	-0.46939	-7.95305	-7.48366
BLOCK29/SES291/SA291S22	SES259	-1.07661	-8.56027	-7.48366
BLOCK29/SES291/SA291S22	SES275	-1.92083	-9.40449	-7.48366
BLOCK29/SES291/SA291S24	SES104	-0.0148411	-6.94466	-6.92982
BLOCK29/SES291/SA291S24	SES125	-0.468008	-7.39783	-6.92982
BLOCK29/SES291/SA291S24	SES158	-0.247502	-7.17732	-6.92982
BLOCK29/SES291/SA291S24	SES275	-1.91307	-8.84288	-6.92982
BLOCK29/SES291/SA291S27	SES158	-0.242339	-7.09224	-6.84991
BLOCK29/SES291/SA291S27	SES172	-2.53634	-9.38625	-6.84991
BLOCK29/SES291/SA291S27	SES275	-1.99077	-8.84067	-6.84991
BLOCK29/SES291/SA291S27	SES292	-0.672981	-7.52289	-6.84991
Threshold search:
THR	-7.0463305459	9	0(0)	1(1000)
THR	-6.940871440441	8.991	0(0)	0.999(999)
THR	-6.835412334982	8.991	0(0)	0.999(999)
THR	-6.729953229523	8.991	0(0)	0.999(999)
THR	-6.624494124064	8.991	0(0)	0.999(999)
THR	-6.519035018605	8.991	0(0)	0.999(999)
THR	-6.413575913146	8.991	0(0)	0.999(999)
THR	-6.308116807687	8.991	0(0)	0.999(999)
THR	-6.202657702228	8.991	0(0)	0.999(999)
THR	-6.097198596769	8.991	0(0)	0.999(999)
THR	-5.99173949131	8.991	0(0)	0.999(999)
THR	-5.886280385851	8.991	0(0)	0.999(999)
THR	-5.780821280392	8.991	0(0)	0.999(999)
THR	-5.67536217493299	8.991	0(0)	0.999(999)
THR	-5.56990306947399	8.982	0(0)	0.998(998)
THR	-5.46444396401499	8.982	0(0)	0.998(998)
THR	-5.35898485855599	8.982	0(0)	0.998(998)
THR	-5.25352575309699	8.982	0(0)	0.998(998)
THR	-5.14806664763799	8.982	0(0)	0.998(998)
THR	-5.04260754217899	8.973	0(0)	0.997(997)
THR	-4.93714843671999	8.973	0(0)	0.997(997)
THR	-4.83168933126099	8.973	0(0)	0.997(997)
THR	-4.72623022580199	8.964	0(0)	0.996(996)
THR	-4.62077112034299	8.946	0(0)	0.994(994)
THR	-4.51531201488399	8.937	0(0)	0.993(993)
THR	-4.40985290942499	8.919	0(0)	0.991(991)
THR	-4.30439380396599	8.901	0(0)	0.989(989)
THR	-4.19893469850699	8.901	0(0)	0.989(989)
THR	-4.09347559304799	8.892	0(0)	0.988(988)
THR	-3.98801648758899	8.892	0(0)	0.988(988)
THR	-3.88255738212999	8.874	0(0)	0.986(986)
THR	-3.77709827667099	8.856	0(0)	0.984(984)
THR	-3.67163917121199	8.838	0(0)	0.982(982)
THR	-3.56618006575299	8.784	0(0)	0.976(976)
THR	-3.46072096029399	8.766	0(0)	0.974(974)
THR	-3.35526185483499	8.739	0(0)	0.971(971)
THR	-3.24980274937599	8.73	0(0)	0.97(970)
THR	-3.14434364391699	8.667	0(0)	0.963(963)
THR	-3.03888453845799	8.622	0(0)	0.958(958)
THR	-2.93342543299899	8.586	0(0)	0.954(954)
THR	-2.82796632753999	8.496	0(0)	0.944(944)
THR	-2.72250722208099	8.397	0(0)	0.933(933)
THR	-2.61704811662199	8.316	0(0)	0.924(924)
THR	-2.51158901116299	8.181	0(0)	0.909(909)
THR	-2.40612990570399	8.028	0(0)	0.892(892)
THR	-2.30067080024499	7.821	0(0)	0.869(869)
THR	-2.19521169478599	7.65	0(0)	0.85(850)
THR	-2.08975258932699	7.443	0(0)	0.827(827)
THR	-1.98429348386799	7.245	0(0)	0.805(805)
THR	-1.87883437840899	7.011	0(0)	0.779(779)
THR	-1.77337527294999	6.741	0(0)	0.749(749)
THR	-1.66791616749099	6.336	0(0)	0.704(704)
THR	-1.56245706203199	5.994	0(0)	0.666(666)
THR	-1.45699795657299	5.49	0(0)	0.61(610)
THR	-1.35153885111399	5.085	0(0)	0.565(565)
THR	-1.24607974565499	4.621	0.004(1)	0.513(513)
THR	-1.14062064019599	4.207	0.004(1)	0.467(467)
THR	-1.03516153473699	3.748	0.004(1)	0.416(416)
THR	-0.929702429277991	3.325	0.004(1)	0.369(369)
THR	-0.824243323818991	2.839	0.004(1)	0.315(315)
THR	-0.718784218359991	2.38	0.004(1)	0.264(264)
THR	-0.613325112900991	1.997	0.008(2)	0.221(221)
THR	-0.507866007441991	1.672	0.016(4)	0.184(184)
THR	-0.402406901982991	1.251	0.036(9)	0.135(135)
THR	-0.296947796523991	0.92	0.056(14)	0.096(96)
THR	-0.191488691064991	0.687	0.084(21)	0.067(67)
THR	-0.0860295856059909	0.557	0.116(29)	0.049(49)
THR	0.0194295198530091	0.518	0.176(44)	0.038(38)
THR	0.124888625312009	0.458	0.224(56)	0.026(26)
THR	0.230347730771009	0.402	0.276(69)	0.014(14)
THR	0.335806836230009	0.402	0.348(87)	0.006(6)
THR	0.441265941689009	0.48	0.444(111)	0.004(4)
THR	0.546725047148009	0.57	0.552(138)	0.002(2)
THR	0.652184152607009	0.625	0.616(154)	0.001(1)
THR	0.757643258066009	0.677	0.668(167)	0.001(1)
THR	0.863102363525009	0.732	0.732(183)	0(0)
THR	0.968561468984009	0.828	0.828(207)	0(0)
THR	1.07402057444301	0.884	0.884(221)	0(0)
THR	1.17947967990201	0.916	0.916(229)	0(0)
THR	1.28493878536101	0.936	0.936(234)	0(0)
THR	1.39039789082001	0.944	0.944(236)	0(0)
THR	1.49585699627901	0.964	0.964(241)	0(0)
THR	1.60131610173801	0.976	0.976(244)	0(0)
THR	1.70677520719701	0.98	0.98(245)	0(0)
THR	1.81223431265601	0.98	0.98(245)	0(0)
THR	1.91769341811501	0.992	0.992(248)	0(0)
THR	2.02315252357401	0.992	0.992(248)	0(0)
THR	2.12861162903301	0.992	0.992(248)	0(0)
THR	2.23407073449201	0.992	0.992(248)	0(0)
THR	2.33952983995101	0.992	0.992(248)	0(0)
THR	2.44498894541001	0.992	0.992(248)	0(0)
THR	2.55044805086901	0.992	0.992(248)	0(0)
THR	2.65590715632801	0.992	0.992(248)	0(0)
THR	2.76136626178701	0.992	0.992(248)	0(0)
THR	2.86682536724601	0.992	0.992(248)	0(0)
THR	2.97228447270501	0.992	0.992(248)	0(0)
THR	3.07774357816401	0.992	0.992(248)	0(0)
THR	3.18320268362301	0.996	0.996(249)	0(0)
THR	3.28866178908201	0.996	0.996(249)	0(0)
THR	3.39412089454101	0.996	0.996(249)	0(0)
THR	3.49958000000001	1	1(250)	0(0)


==============================================
THR: 0.230347730771009
Missed:     69/250=0.2760
FalseAlarm: 14/1000=0.0140
----------------------------------------------
==> CostDetection: 40.2
==============================================
