BLOCK00/SES002/SA002S12	SES002	0.252654	-0.645547	-0.898201
BLOCK00/SES002/SA002S13	SES002	0.8265	-0.209442	-1.03594
BLOCK00/SES002/SA002S23	SES002	0.363286	-0.649651	-1.01294
BLOCK00/SES002/SA002S26	SES002	0.662564	-0.338549	-1.00111
BLOCK00/SES002/SA002S28	SES002	0.421609	-0.0829786	-0.504588
BLOCK00/SES007/SA007S14	SES007	0.885093	0.850501	-0.0345922
BLOCK00/SES007/SA007S15	SES007	0.351307	0.110334	-0.240973
BLOCK00/SES007/SA007S24	SES007	0.498305	-0.00578478	-0.50409
BLOCK00/SES007/SA007S27	SES007	0.281248	-0.642041	-0.923289
BLOCK00/SES007/SA007S29	SES007	-0.00709557	-0.12588	-0.118784
BLOCK00/SES008/SA008S11	SES008	0.90332	0.477648	-0.425672
BLOCK00/SES008/SA008S12	SES008	0.211912	-0.362254	-0.574166
BLOCK00/SES008/SA008S19	SES008	0.991241	0.753264	-0.237977
BLOCK00/SES008/SA008S22	SES008	0.261461	-0.736027	-0.997488
BLOCK00/SES008/SA008S29	SES008	0.792968	0.330582	-0.462386
BLOCK01/SES014/SA014S10	SES014	1.02673	0.510353	-0.516375
BLOCK01/SES014/SA014S12	SES014	1.74536	1.54463	-0.200733
BLOCK01/SES014/SA014S24	SES014	0.716306	0.18356	-0.532745
BLOCK01/SES014/SA014S26	SES014	1.35234	1.73015	0.377804
BLOCK01/SES014/SA014S28	SES014	2.0779	2.0496	-0.0282995
BLOCK01/SES016/SA016S12	SES016	1.27014	-0.283025	-1.55317
BLOCK01/SES016/SA016S13	SES016	1.08308	0.717987	-0.365094
BLOCK01/SES016/SA016S22	SES016	0.945057	0.826364	-0.118693
BLOCK01/SES016/SA016S25	SES016	1.29432	1.61674	0.322416
BLOCK01/SES016/SA016S27	SES016	1.36492	1.48522	0.120297
BLOCK01/SES019/SA019S13	SES019	2.26797	-0.0110378	-2.279
BLOCK01/SES019/SA019S14	SES019	1.24992	-0.717758	-1.96768
BLOCK01/SES019/SA019S22	SES019	1.82818	0.147177	-1.681
BLOCK01/SES019/SA019S25	SES019	2.11416	-0.00356688	-2.11773
BLOCK01/SES019/SA019S29	SES019	2.92846	0.162022	-2.76644
BLOCK02/SES029/SA029S11	SES029	0.723793	1.15456	0.430767
BLOCK02/SES029/SA029S12	SES029	0.0463688	0.293791	0.247423
BLOCK02/SES029/SA029S20	SES029	0.262596	0.427475	0.164879
BLOCK02/SES029/SA029S25	SES029	0.336649	0.799408	0.462759
BLOCK02/SES029/SA029S28	SES029	0.11207	0.29676	0.18469
BLOCK04/SES042/SA042S12	SES042	1.18511	1.1997	0.0145907
BLOCK04/SES042/SA042S15	SES042	1.24361	1.5203	0.276689
BLOCK04/SES042/SA042S22	SES042	1.99963	1.81963	-0.179999
BLOCK04/SES042/SA042S25	SES042	0.755552	-0.547478	-1.30303
BLOCK04/SES042/SA042S27	SES042	0.912349	0.764583	-0.147765
BLOCK04/SES048/SA048S11	SES048	0.357444	-0.0829969	-0.440441
BLOCK04/SES048/SA048S12	SES048	-0.250641	-0.830102	-0.579461
BLOCK04/SES048/SA048S20	SES048	0.0225651	0.223458	0.200893
BLOCK04/SES048/SA048S23	SES048	0.761373	-0.0123676	-0.773741
BLOCK04/SES048/SA048S27	SES048	0.207801	-0.0476555	-0.255457
BLOCK06/SES060/SA060S11	SES060	1.10147	0.622536	-0.478934
BLOCK06/SES060/SA060S12	SES060	0.204203	0.372812	0.16861
BLOCK06/SES060/SA060S22	SES060	-0.331371	-0.508769	-0.177398
BLOCK06/SES060/SA060S24	SES060	1.07671	1.15846	0.0817502
BLOCK06/SES060/SA060S28	SES060	0.778607	1.47091	0.692298
BLOCK06/SES062/SA062S10	SES062	0.222817	0.501119	0.278302
BLOCK06/SES062/SA062S11	SES062	0.558389	0.392475	-0.165915
BLOCK06/SES062/SA062S21	SES062	0.809907	1.1988	0.388893
BLOCK06/SES062/SA062S26	SES062	0.129341	0.590694	0.461353
BLOCK06/SES062/SA062S29	SES062	0.727198	1.1104	0.383207
BLOCK06/SES068/SA068S14	SES068	0.139508	-0.290991	-0.430499
BLOCK06/SES068/SA068S15	SES068	0.317404	0.32772	0.0103165
BLOCK06/SES068/SA068S23	SES068	0.0975487	-0.100716	-0.198264
BLOCK06/SES068/SA068S27	SES068	0.93836	0.909374	-0.0289858
BLOCK06/SES068/SA068S29	SES068	0.170274	0.170618	0.000343774
BLOCK08/SES082/SA082S12	SES082	-0.609841	-1.85985	-1.25001
BLOCK08/SES082/SA082S14	SES082	0.00469077	-1.06685	-1.07154
BLOCK08/SES082/SA082S21	SES082	0.238181	-0.70281	-0.940992
BLOCK08/SES082/SA082S24	SES082	0.221142	-0.340264	-0.561406
BLOCK08/SES082/SA082S28	SES082	0.461961	-0.370612	-0.832573
BLOCK08/SES083/SA083S14	SES083	-0.190038	-0.296979	-0.106941
BLOCK08/SES083/SA083S15	SES083	0.401377	0.168517	-0.23286
BLOCK08/SES083/SA083S24	SES083	0.127738	-0.15098	-0.278718
BLOCK08/SES083/SA083S26	SES083	0.449621	-0.410015	-0.859637
BLOCK08/SES083/SA083S29	SES083	-0.0499793	-0.315797	-0.265817
BLOCK08/SES085/SA085S10	SES085	0.198552	0.389759	0.191207
BLOCK08/SES085/SA085S13	SES085	0.0201814	0.0467064	0.026525
BLOCK08/SES085/SA085S22	SES085	0.371927	0.485151	0.113224
BLOCK08/SES085/SA085S26	SES085	0.00462902	0.25789	0.253261
BLOCK08/SES085/SA085S28	SES085	0.646039	0.737947	0.0919082
BLOCK08/SES087/SA087S15	SES087	0.69069	-0.216179	-0.90687
BLOCK08/SES087/SA087S16	SES087	0.518692	-0.567182	-1.08587
BLOCK08/SES087/SA087S24	SES087	0.670074	0.191061	-0.479013
BLOCK08/SES087/SA087S26	SES087	0.640574	0.656958	0.0163847
BLOCK08/SES087/SA087S29	SES087	1.20875	0.298687	-0.910063
BLOCK09/SES099/SA099S15	SES099	0.743145	-0.369763	-1.11291
BLOCK09/SES099/SA099S16	SES099	0.832461	-0.436588	-1.26905
BLOCK09/SES099/SA099S24	SES099	0.490434	-0.287819	-0.778253
BLOCK09/SES099/SA099S26	SES099	0.867778	0.0064476	-0.86133
BLOCK09/SES099/SA099S29	SES099	0.804469	-0.0570274	-0.861497
BLOCK10/SES101/SA101S11	SES101	0.362835	-0.0390984	-0.401933
BLOCK10/SES101/SA101S13	SES101	0.814348	0.769456	-0.0448922
BLOCK10/SES101/SA101S22	SES101	0.754691	-0.0904709	-0.845162
BLOCK10/SES101/SA101S24	SES101	0.635413	-0.18236	-0.817773
BLOCK10/SES101/SA101S28	SES101	0.328051	-0.0129494	-0.341001
BLOCK10/SES104/SA104S11	SES104	0.634478	0.20105	-0.433428
BLOCK10/SES104/SA104S12	SES104	0.669449	0.00971808	-0.659731
BLOCK10/SES104/SA104S21	SES104	0.515644	-0.574493	-1.09014
BLOCK10/SES104/SA104S24	SES104	0.608563	-0.454254	-1.06282
BLOCK10/SES104/SA104S28	SES104	0.335765	-0.399199	-0.734963
BLOCK10/SES105/SA105S12	SES105	0.661945	-0.839029	-1.50097
BLOCK10/SES105/SA105S13	SES105	0.570753	-0.652853	-1.22361
BLOCK10/SES105/SA105S22	SES105	0.0387063	-1.40165	-1.44036
BLOCK10/SES105/SA105S26	SES105	0.786461	-0.444595	-1.23106
BLOCK10/SES105/SA105S29	SES105	1.10082	0.244276	-0.856545
BLOCK10/SES106/SA106S09	SES106	0.361315	-1.21945	-1.58077
BLOCK10/SES106/SA106S11	SES106	0.596914	-0.184464	-0.781378
BLOCK10/SES106/SA106S22	SES106	1.23637	-0.319191	-1.55556
BLOCK10/SES106/SA106S27	SES106	0.539379	-0.343238	-0.882617
BLOCK10/SES106/SA106S29	SES106	0.493264	-0.14726	-0.640525
BLOCK11/SES117/SA117S12	SES117	1.40853	-0.0480978	-1.45663
BLOCK11/SES117/SA117S13	SES117	0.31885	-0.303657	-0.622507
BLOCK11/SES117/SA117S23	SES117	0.968064	-0.437088	-1.40515
BLOCK11/SES117/SA117S25	SES117	0.856347	-0.829604	-1.68595
BLOCK11/SES117/SA117S28	SES117	0.840047	-0.430423	-1.27047
BLOCK12/SES120/SA120S08	SES120	0.473965	-0.412515	-0.886481
BLOCK12/SES120/SA120S11	SES120	0.361382	-1.29434	-1.65572
BLOCK12/SES120/SA120S22	SES120	0.0100317	-0.3577	-0.367732
BLOCK12/SES120/SA120S24	SES120	0.273716	-0.582024	-0.855739
BLOCK12/SES120/SA120S28	SES120	-0.281352	-1.6676	-1.38625
BLOCK12/SES125/SA125S13	SES125	1.12268	0.760335	-0.362346
BLOCK12/SES125/SA125S14	SES125	0.557713	-0.153869	-0.711583
BLOCK12/SES125/SA125S25	SES125	1.32477	0.834332	-0.490438
BLOCK12/SES125/SA125S27	SES125	1.4583	1.25724	-0.201066
BLOCK12/SES125/SA125S29	SES125	0.710791	0.217415	-0.493377
BLOCK12/SES127/SA127S11	SES127	0.385498	-0.537317	-0.922815
BLOCK12/SES127/SA127S12	SES127	0.237974	0.594085	0.356111
BLOCK12/SES127/SA127S23	SES127	0.161286	-0.15694	-0.318226
BLOCK12/SES127/SA127S25	SES127	-0.113285	-0.494742	-0.381457
BLOCK12/SES127/SA127S27	SES127	0.388618	-0.231397	-0.620015
BLOCK12/SES129/SA129S11	SES129	1.10034	0.941993	-0.158344
BLOCK12/SES129/SA129S12	SES129	1.10011	0.833719	-0.266389
BLOCK12/SES129/SA129S22	SES129	0.598777	-0.0254699	-0.624247
BLOCK12/SES129/SA129S27	SES129	1.18102	0.727057	-0.453959
BLOCK12/SES129/SA129S29	SES129	0.637724	0.550896	-0.0868279
BLOCK14/SES142/SA142S11	SES142	0.645075	0.13589	-0.509185
BLOCK14/SES142/SA142S12	SES142	0.289999	0.108842	-0.181157
BLOCK14/SES142/SA142S24	SES142	0.813762	0.714061	-0.0997002
BLOCK14/SES142/SA142S27	SES142	1.0106	0.759778	-0.250823
BLOCK14/SES142/SA142S29	SES142	1.07579	1.02362	-0.0521671
BLOCK14/SES143/SA143S12	SES143	0.680059	-0.00172281	-0.681782
BLOCK14/SES143/SA143S13	SES143	0.29921	-0.377729	-0.676939
BLOCK14/SES143/SA143S23	SES143	0.688082	0.396292	-0.291791
BLOCK14/SES143/SA143S25	SES143	0.766077	0.632495	-0.133582
BLOCK14/SES143/SA143S28	SES143	0.465402	0.0597093	-0.405693
BLOCK14/SES144/SA144S09	SES144	0.685487	0.0468214	-0.638666
BLOCK14/SES144/SA144S11	SES144	0.41188	-0.253726	-0.665606
BLOCK14/SES144/SA144S21	SES144	-0.18137	-1.108	-0.926633
BLOCK14/SES144/SA144S25	SES144	0.402412	-0.322534	-0.724946
BLOCK14/SES144/SA144S29	SES144	-0.292832	-0.8612	-0.568368
BLOCK14/SES146/SA146S14	SES146	0.511853	-0.760116	-1.27197
BLOCK14/SES146/SA146S15	SES146	-0.212205	-0.996403	-0.784198
BLOCK14/SES146/SA146S24	SES146	0.516416	-0.590449	-1.10686
BLOCK14/SES146/SA146S26	SES146	0.704724	-0.104632	-0.809356
BLOCK14/SES146/SA146S29	SES146	0.291167	-0.88755	-1.17872
BLOCK14/SES147/SA147S11	SES147	0.770897	0.238062	-0.532836
BLOCK14/SES147/SA147S13	SES147	0.671862	0.573429	-0.0984328
BLOCK14/SES147/SA147S23	SES147	0.166335	-0.473041	-0.639376
BLOCK14/SES147/SA147S26	SES147	0.383367	-0.354721	-0.738088
BLOCK14/SES147/SA147S28	SES147	0.791051	-0.197255	-0.988306
BLOCK14/SES148/SA148S10	SES148	0.809856	0.249318	-0.560538
BLOCK14/SES148/SA148S12	SES148	0.208177	-0.903217	-1.11139
BLOCK14/SES148/SA148S22	SES148	1.02147	0.492239	-0.529234
BLOCK14/SES148/SA148S26	SES148	-0.220838	-0.152535	0.0683026
BLOCK14/SES148/SA148S29	SES148	-0.11604	-0.62666	-0.51062
BLOCK14/SES149/SA149S13	SES149	-0.306649	-1.59971	-1.29306
BLOCK14/SES149/SA149S14	SES149	0.42301	0.186826	-0.236184
BLOCK14/SES149/SA149S24	SES149	0.829384	0.343109	-0.486275
BLOCK14/SES149/SA149S26	SES149	0.966675	1.06963	0.102955
BLOCK14/SES149/SA149S28	SES149	1.06919	0.918853	-0.150342
BLOCK15/SES158/SA158S13	SES158	0.455304	-0.608505	-1.06381
BLOCK15/SES158/SA158S14	SES158	0.564592	-0.578351	-1.14294
BLOCK15/SES158/SA158S23	SES158	0.58938	-0.0278386	-0.617219
BLOCK15/SES158/SA158S26	SES158	0.964272	-0.416391	-1.38066
BLOCK15/SES158/SA158S28	SES158	0.446944	-0.471809	-0.918753
BLOCK16/SES162/SA162S10	SES162	0.355777	-0.800431	-1.15621
BLOCK16/SES162/SA162S11	SES162	0.714011	0.284686	-0.429325
BLOCK16/SES162/SA162S21	SES162	1.07138	0.316332	-0.755051
BLOCK16/SES162/SA162S24	SES162	0.491514	-0.15091	-0.642424
BLOCK16/SES162/SA162S27	SES162	1.02927	-0.19938	-1.22865
BLOCK16/SES167/SA167S14	SES167	0.855934	1.27528	0.419343
BLOCK16/SES167/SA167S15	SES167	1.02789	0.872921	-0.154968
BLOCK16/SES167/SA167S21	SES167	1.25211	1.05827	-0.193847
BLOCK16/SES167/SA167S25	SES167	1.48404	0.894994	-0.589043
BLOCK16/SES167/SA167S29	SES167	1.65065	1.49119	-0.159461
BLOCK17/SES172/SA172S12	SES172	0.688626	-0.109784	-0.79841
BLOCK17/SES172/SA172S13	SES172	1.00927	0.470508	-0.538763
BLOCK17/SES172/SA172S23	SES172	0.843728	0.680736	-0.162992
BLOCK17/SES172/SA172S27	SES172	0.50434	-0.121125	-0.625465
BLOCK17/SES172/SA172S29	SES172	1.28251	0.697595	-0.584911
BLOCK17/SES175/SA175S11	SES175	0.0615748	-0.00161709	-0.0631919
BLOCK17/SES175/SA175S13	SES175	0.109536	0.0596428	-0.0498932
BLOCK17/SES175/SA175S23	SES175	0.447184	0.314061	-0.133123
BLOCK17/SES175/SA175S25	SES175	0.186305	-1.04934	-1.23565
BLOCK17/SES175/SA175S28	SES175	-0.0266805	0.279347	0.306028
BLOCK17/SES177/SA177S15	SES177	0.0540925	-0.616077	-0.67017
BLOCK17/SES177/SA177S17	SES177	0.278457	-0.642889	-0.921346
BLOCK17/SES177/SA177S23	SES177	-0.424543	-1.25541	-0.830872
BLOCK17/SES177/SA177S26	SES177	0.672577	0.695851	0.0232738
BLOCK17/SES177/SA177S28	SES177	0.601701	-0.157022	-0.758723
BLOCK18/SES180/SA180S13	SES180	0.0594499	-0.685282	-0.744732
BLOCK18/SES180/SA180S15	SES180	0.066739	-0.675069	-0.741808
BLOCK18/SES180/SA180S24	SES180	0.0727712	-0.0915474	-0.164319
BLOCK18/SES180/SA180S26	SES180	0.316841	-0.0568402	-0.373681
BLOCK18/SES180/SA180S29	SES180	0.52837	-0.0836198	-0.61199
BLOCK18/SES183/SA183S13	SES183	1.10191	-0.0943566	-1.19627
BLOCK18/SES183/SA183S14	SES183	-0.163257	-1.29922	-1.13596
BLOCK18/SES183/SA183S24	SES183	1.07435	-0.476654	-1.55101
BLOCK18/SES183/SA183S27	SES183	0.888733	-0.440638	-1.32937
BLOCK18/SES183/SA183S29	SES183	0.560208	-0.616747	-1.17695
BLOCK18/SES187/SA187S13	SES187	0.329324	-0.695645	-1.02497
BLOCK18/SES187/SA187S14	SES187	0.245177	-0.875059	-1.12024
BLOCK18/SES187/SA187S24	SES187	0.670773	-0.323214	-0.993987
BLOCK18/SES187/SA187S27	SES187	0.608274	-0.516417	-1.12469
BLOCK18/SES187/SA187S29	SES187	0.558378	-0.331396	-0.889773
BLOCK18/SES189/SA189S10	SES189	0.898645	-0.308891	-1.20754
BLOCK18/SES189/SA189S13	SES189	0.622031	-0.572505	-1.19454
BLOCK18/SES189/SA189S24	SES189	0.979318	0.550056	-0.429263
BLOCK18/SES189/SA189S26	SES189	0.785236	0.482165	-0.303071
BLOCK18/SES189/SA189S29	SES189	0.938926	0.25147	-0.687456
BLOCK20/SES202/SA202S12	SES202	0.553023	-0.170981	-0.724003
BLOCK20/SES202/SA202S14	SES202	1.3646	0.557086	-0.807512
BLOCK20/SES202/SA202S24	SES202	0.5994	-0.114681	-0.714081
BLOCK20/SES202/SA202S27	SES202	0.750425	0.785293	0.0348682
BLOCK20/SES202/SA202S29	SES202	0.96854	0.915682	-0.0528581
BLOCK20/SES206/SA206S15	SES206	-0.377361	-0.596638	-0.219278
BLOCK20/SES206/SA206S17	SES206	0.583283	0.00308424	-0.580199
BLOCK20/SES206/SA206S24	SES206	1.50379	1.04248	-0.46131
BLOCK20/SES206/SA206S27	SES206	1.28006	-0.124034	-1.4041
BLOCK20/SES206/SA206S29	SES206	1.00305	0.747537	-0.255513
BLOCK22/SES226/SA226S12	SES226	0.606825	-0.463069	-1.06989
BLOCK22/SES226/SA226S13	SES226	-0.173834	-1.4964	-1.32257
BLOCK22/SES226/SA226S20	SES226	0.826453	-0.456312	-1.28277
BLOCK22/SES226/SA226S23	SES226	0.968491	-0.0176953	-0.986186
BLOCK22/SES226/SA226S28	SES226	1.41339	0.420201	-0.993187
BLOCK25/SES259/SA259S13	SES259	2.1391	0.782836	-1.35626
BLOCK25/SES259/SA259S14	SES259	1.39618	0.2965	-1.09968
BLOCK25/SES259/SA259S22	SES259	1.23828	0.415427	-0.822851
BLOCK25/SES259/SA259S24	SES259	1.57036	0.589607	-0.980756
BLOCK25/SES259/SA259S28	SES259	1.14035	0.37117	-0.769184
BLOCK27/SES270/SA270S14	SES270	1.74092	-0.606378	-2.3473
BLOCK27/SES270/SA270S16	SES270	0.0759509	-1.22654	-1.30249
BLOCK27/SES270/SA270S22	SES270	1.74841	-0.00359004	-1.752
BLOCK27/SES270/SA270S26	SES270	0.356146	-1.39707	-1.75321
BLOCK27/SES270/SA270S28	SES270	0.984889	-0.665215	-1.6501
BLOCK27/SES275/SA275S17	SES275	0.793951	0.408564	-0.385387
BLOCK27/SES275/SA275S18	SES275	0.0589038	0.0424601	-0.0164437
BLOCK27/SES275/SA275S24	SES275	0.309916	-0.698398	-1.00831
BLOCK27/SES275/SA275S26	SES275	0.662068	0.398325	-0.263742
BLOCK27/SES275/SA275S28	SES275	0.319996	-0.377488	-0.697484
BLOCK29/SES292/SA292S10	SES292	-0.460125	-0.345521	0.114604
BLOCK29/SES292/SA292S12	SES292	0.160127	-0.619979	-0.780106
BLOCK29/SES292/SA292S22	SES292	0.17612	-0.376478	-0.552597
BLOCK29/SES292/SA292S24	SES292	-0.157802	-0.559864	-0.402062
BLOCK29/SES292/SA292S27	SES292	-0.524692	-0.928984	-0.404292
BLOCK00/SES001/SA001S14	SES062	-2.43097	-2.86177	-0.430802
BLOCK00/SES001/SA001S14	SES082	-1.58646	-2.01726	-0.430802
BLOCK00/SES001/SA001S14	SES106	-1.88677	-2.31757	-0.430802
BLOCK00/SES001/SA001S14	SES206	-2.10357	-2.53438	-0.430802
BLOCK00/SES001/SA001S15	SES062	-1.39947	-1.58223	-0.18276
BLOCK00/SES001/SA001S15	SES104	-1.9347	-2.11746	-0.18276
BLOCK00/SES001/SA001S15	SES106	-1.6292	-1.81196	-0.18276
BLOCK00/SES001/SA001S15	SES206	-2.02035	-2.20311	-0.18276
BLOCK00/SES001/SA001S24	SES062	-1.25993	-1.76964	-0.509709
BLOCK00/SES001/SA001S24	SES082	-0.945227	-1.45494	-0.509709
BLOCK00/SES001/SA001S24	SES087	-1.76317	-2.27288	-0.509709
BLOCK00/SES001/SA001S24	SES206	-1.27708	-1.78679	-0.509709
BLOCK00/SES001/SA001S27	SES062	-1.12466	-0.947606	0.177058
BLOCK00/SES001/SA001S27	SES082	-1.07606	-0.898999	0.177058
BLOCK00/SES001/SA001S27	SES087	-0.906291	-0.729233	0.177058
BLOCK00/SES001/SA001S27	SES206	-1.50341	-1.32635	0.177058
BLOCK00/SES001/SA001S29	SES062	-2.1473	-2.32405	-0.176745
BLOCK00/SES001/SA001S29	SES082	-1.10388	-1.28062	-0.176745
BLOCK00/SES001/SA001S29	SES158	-1.09395	-1.27069	-0.176745
BLOCK00/SES001/SA001S29	SES206	-1.42913	-1.60588	-0.176745
BLOCK00/SES003/SA003S11	SES002	-0.887736	-1.76125	-0.873515
BLOCK00/SES003/SA003S11	SES019	-1.19215	-2.06566	-0.873515
BLOCK00/SES003/SA003S11	SES082	-0.923095	-1.79661	-0.873515
BLOCK00/SES003/SA003S11	SES125	-1.83146	-2.70498	-0.873515
BLOCK00/SES003/SA003S15	SES016	-1.93632	-1.97008	-0.0337586
BLOCK00/SES003/SA003S15	SES019	-1.94141	-1.97517	-0.0337586
BLOCK00/SES003/SA003S15	SES062	-0.793112	-0.826871	-0.0337586
BLOCK00/SES003/SA003S15	SES206	-1.75575	-1.78951	-0.0337586
BLOCK00/SES003/SA003S22	SES002	-1.28466	-1.89967	-0.615009
BLOCK00/SES003/SA003S22	SES062	-0.414078	-1.02909	-0.615009
BLOCK00/SES003/SA003S22	SES082	-1.33652	-1.95153	-0.615009
BLOCK00/SES003/SA003S22	SES087	-1.07618	-1.69119	-0.615009
BLOCK00/SES003/SA003S25	SES062	-2.0071	-3.29343	-1.28633
BLOCK00/SES003/SA003S25	SES082	-1.51831	-2.80464	-1.28633
BLOCK00/SES003/SA003S25	SES087	-1.26852	-2.55484	-1.28633
BLOCK00/SES003/SA003S25	SES206	-1.42605	-2.71237	-1.28633
BLOCK00/SES003/SA003S29	SES002	-1.3117	-2.40548	-1.09377
BLOCK00/SES003/SA003S29	SES062	-2.13076	-3.22454	-1.09377
BLOCK00/SES003/SA003S29	SES082	-1.54137	-2.63514	-1.09377
BLOCK00/SES003/SA003S29	SES087	-2.30297	-3.39674	-1.09377
BLOCK00/SES004/SA004S12	SES083	-1.50726	-1.68798	-0.180724
BLOCK00/SES004/SA004S12	SES148	-1.22728	-1.408	-0.180724
BLOCK00/SES004/SA004S12	SES172	0.218146	0.0374221	-0.180724
BLOCK00/SES004/SA004S12	SES292	-0.980342	-1.16107	-0.180724
BLOCK00/SES004/SA004S17	SES083	-1.34064	-1.75296	-0.412324
BLOCK00/SES004/SA004S17	SES162	-1.41324	-1.82556	-0.412324
BLOCK00/SES004/SA004S17	SES172	-0.308237	-0.720561	-0.412324
BLOCK00/SES004/SA004S17	SES292	-1.10162	-1.51394	-0.412324
BLOCK00/SES004/SA004S24	SES083	-1.44414	-1.4102	0.0339453
BLOCK00/SES004/SA004S24	SES148	-1.74254	-1.7086	0.0339453
BLOCK00/SES004/SA004S24	SES172	-0.353402	-0.319456	0.0339453
BLOCK00/SES004/SA004S24	SES292	-1.09957	-1.06562	0.0339453
BLOCK00/SES004/SA004S26	SES083	-2.12495	-2.22081	-0.0958559
BLOCK00/SES004/SA004S26	SES127	-1.67153	-1.76739	-0.0958559
BLOCK00/SES004/SA004S26	SES148	-2.51109	-2.60695	-0.0958559
BLOCK00/SES004/SA004S26	SES292	-1.46502	-1.56087	-0.0958559
BLOCK00/SES004/SA004S28	SES083	-1.29785	-1.52001	-0.222154
BLOCK00/SES004/SA004S28	SES127	-1.01612	-1.23827	-0.222154
BLOCK00/SES004/SA004S28	SES187	-0.351695	-0.57385	-0.222154
BLOCK00/SES004/SA004S28	SES292	-1.5941	-1.81625	-0.222154
BLOCK00/SES006/SA006S10	SES014	-1.91824	-3.79438	-1.87614
BLOCK00/SES006/SA006S10	SES158	-1.72534	-3.60148	-1.87614
BLOCK00/SES006/SA006S10	SES226	-2.5788	-4.45494	-1.87614
BLOCK00/SES006/SA006S10	SES270	-0.561146	-2.43729	-1.87614
BLOCK00/SES006/SA006S11	SES158	-1.30702	-3.46484	-2.15782
BLOCK00/SES006/SA006S11	SES226	-1.54339	-3.70121	-2.15782
BLOCK00/SES006/SA006S11	SES270	-0.370085	-2.52791	-2.15782
BLOCK00/SES006/SA006S11	SES275	-2.26496	-4.42279	-2.15782
BLOCK00/SES006/SA006S23	SES062	-3.02051	-4.77663	-1.75613
BLOCK00/SES006/SA006S23	SES105	-3.11506	-4.87119	-1.75613
BLOCK00/SES006/SA006S23	SES158	-1.17353	-2.92966	-1.75613
BLOCK00/SES006/SA006S23	SES275	-2.20574	-3.96187	-1.75613
BLOCK00/SES006/SA006S26	SES104	-2.92149	-4.64009	-1.7186
BLOCK00/SES006/SA006S26	SES158	-1.14161	-2.86021	-1.7186
BLOCK00/SES006/SA006S26	SES270	-0.233315	-1.95192	-1.7186
BLOCK00/SES006/SA006S26	SES275	-1.85951	-3.57812	-1.7186
BLOCK00/SES006/SA006S28	SES007	-2.27095	-4.28844	-2.0175
BLOCK00/SES006/SA006S28	SES105	-2.81371	-4.83121	-2.0175
BLOCK00/SES006/SA006S28	SES158	-1.69646	-3.71396	-2.0175
BLOCK00/SES006/SA006S28	SES275	-2.31732	-4.33482	-2.0175
BLOCK00/SES009/SA009S12	SES083	-2.35577	-2.78302	-0.427251
BLOCK00/SES009/SA009S12	SES148	-2.05301	-2.48026	-0.427251
BLOCK00/SES009/SA009S12	SES177	-0.690771	-1.11802	-0.427251
BLOCK00/SES009/SA009S12	SES292	-1.35203	-1.77928	-0.427251
BLOCK00/SES009/SA009S15	SES007	-0.137771	0.00136231	0.139134
BLOCK00/SES009/SA009S15	SES099	-3.39318	-3.25404	0.139134
BLOCK00/SES009/SA009S15	SES148	-1.58723	-1.4481	0.139134
BLOCK00/SES009/SA009S15	SES172	-1.01248	-0.873348	0.139134
BLOCK00/SES009/SA009S24	SES146	-0.97701	-1.24558	-0.268572
BLOCK00/SES009/SA009S24	SES148	-1.91485	-2.18342	-0.268572
BLOCK00/SES009/SA009S24	SES177	-0.483769	-0.752341	-0.268572
BLOCK00/SES009/SA009S24	SES292	-1.53486	-1.80343	-0.268572
BLOCK00/SES009/SA009S26	SES083	-2.35351	-3.24739	-0.89388
BLOCK00/SES009/SA009S26	SES101	-2.26846	-3.16234	-0.89388
BLOCK00/SES009/SA009S26	SES120	-1.14702	-2.0409	-0.89388
BLOCK00/SES009/SA009S26	SES177	-0.829712	-1.72359	-0.89388
BLOCK00/SES009/SA009S29	SES083	-1.84061	-2.35707	-0.516461
BLOCK00/SES009/SA009S29	SES101	-1.74748	-2.26394	-0.516461
BLOCK00/SES009/SA009S29	SES177	-0.427575	-0.944036	-0.516461
BLOCK00/SES009/SA009S29	SES292	-1.36538	-1.88184	-0.516461
BLOCK01/SES011/SA011S10	SES019	-2.03851	-3.35241	-1.3139
BLOCK01/SES011/SA011S10	SES042	0.0611876	-1.25271	-1.3139
BLOCK01/SES011/SA011S10	SES082	-2.24314	-3.55704	-1.3139
BLOCK01/SES011/SA011S10	SES206	-1.14716	-2.46106	-1.3139
BLOCK01/SES011/SA011S11	SES019	-1.92984	-3.65333	-1.72349
BLOCK01/SES011/SA011S11	SES042	-0.597743	-2.32124	-1.72349
BLOCK01/SES011/SA011S11	SES082	-1.39817	-3.12167	-1.72349
BLOCK01/SES011/SA011S11	SES206	-1.79582	-3.51931	-1.72349
BLOCK01/SES011/SA011S22	SES019	-1.52731	-2.7159	-1.18859
BLOCK01/SES011/SA011S22	SES042	0.357352	-0.83124	-1.18859
BLOCK01/SES011/SA011S22	SES082	-1.85923	-3.04783	-1.18859
BLOCK01/SES011/SA011S22	SES206	-1.66583	-2.85442	-1.18859
BLOCK01/SES011/SA011S24	SES019	-1.80009	-2.50864	-0.708559
BLOCK01/SES011/SA011S24	SES042	0.469221	-0.239339	-0.708559
BLOCK01/SES011/SA011S24	SES104	-1.48416	-2.19271	-0.708559
BLOCK01/SES011/SA011S24	SES206	-0.990934	-1.69949	-0.708559
BLOCK01/SES011/SA011S27	SES082	-0.533097	-1.18531	-0.652211
BLOCK01/SES011/SA011S27	SES087	-1.56944	-2.22166	-0.652211
BLOCK01/SES011/SA011S27	SES125	-1.23305	-1.88526	-0.652211
BLOCK01/SES011/SA011S27	SES206	-0.667668	-1.31988	-0.652211
BLOCK01/SES012/SA012S11	SES007	-0.577023	-0.743932	-0.166909
BLOCK01/SES012/SA012S11	SES082	-1.02755	-1.19445	-0.166909
BLOCK01/SES012/SA012S11	SES083	-1.5332	-1.70011	-0.166909
BLOCK01/SES012/SA012S11	SES206	-1.48896	-1.65587	-0.166909
BLOCK01/SES012/SA012S14	SES082	-0.215916	-0.808289	-0.592372
BLOCK01/SES012/SA012S14	SES087	-2.34883	-2.9412	-0.592372
BLOCK01/SES012/SA012S14	SES206	-1.07373	-1.6661	-0.592372
BLOCK01/SES012/SA012S14	SES292	-1.36082	-1.95319	-0.592372
BLOCK01/SES012/SA012S24	SES082	-0.947779	-2.30054	-1.35276
BLOCK01/SES012/SA012S24	SES087	-2.10436	-3.45712	-1.35276
BLOCK01/SES012/SA012S24	SES120	-2.22441	-3.57717	-1.35276
BLOCK01/SES012/SA012S24	SES206	-1.30126	-2.65402	-1.35276
BLOCK01/SES012/SA012S26	SES019	-4.03987	-4.75632	-0.716449
BLOCK01/SES012/SA012S26	SES082	-2.06844	-2.78489	-0.716449
BLOCK01/SES012/SA012S26	SES206	-1.1823	-1.89875	-0.716449
BLOCK01/SES012/SA012S26	SES292	-1.0825	-1.79895	-0.716449
BLOCK01/SES012/SA012S29	SES062	-0.913609	-1.48998	-0.576372
BLOCK01/SES012/SA012S29	SES082	-0.616008	-1.19238	-0.576372
BLOCK01/SES012/SA012S29	SES083	-2.2533	-2.82967	-0.576372
BLOCK01/SES012/SA012S29	SES206	-1.58093	-2.1573	-0.576372
BLOCK01/SES013/SA013S16	SES062	-2.37619	-3.88556	-1.50937
BLOCK01/SES013/SA013S16	SES106	-1.01445	-2.52382	-1.50937
BLOCK01/SES013/SA013S16	SES206	-1.15698	-2.66635	-1.50937
BLOCK01/SES013/SA013S16	SES226	-1.13362	-2.64299	-1.50937
BLOCK01/SES013/SA013S17	SES062	-2.25572	-2.71992	-0.464203
BLOCK01/SES013/SA013S17	SES106	-1.55872	-2.02292	-0.464203
BLOCK01/SES013/SA013S17	SES206	-0.933822	-1.39802	-0.464203
BLOCK01/SES013/SA013S17	SES226	-1.15112	-1.61533	-0.464203
BLOCK01/SES013/SA013S23	SES104	-1.76159	-3.3726	-1.61102
BLOCK01/SES013/SA013S23	SES106	-1.34471	-2.95573	-1.61102
BLOCK01/SES013/SA013S23	SES206	-1.54825	-3.15927	-1.61102
BLOCK01/SES013/SA013S23	SES270	-0.149299	-1.76032	-1.61102
BLOCK01/SES013/SA013S25	SES042	-1.4628	-2.43983	-0.977027
BLOCK01/SES013/SA013S25	SES104	-1.4557	-2.43273	-0.977027
BLOCK01/SES013/SA013S25	SES106	-0.57309	-1.55012	-0.977027
BLOCK01/SES013/SA013S25	SES206	-1.45664	-2.43367	-0.977027
BLOCK01/SES013/SA013S29	SES062	-2.74217	-3.90078	-1.1586
BLOCK01/SES013/SA013S29	SES104	-1.64206	-2.80067	-1.1586
BLOCK01/SES013/SA013S29	SES106	-0.634751	-1.79335	-1.1586
BLOCK01/SES013/SA013S29	SES206	-1.98599	-3.1446	-1.1586
BLOCK02/SES021/SA021S13	SES016	-2.10964	-2.23963	-0.129985
BLOCK02/SES021/SA021S13	SES029	-0.920483	-1.05047	-0.129985
BLOCK02/SES021/SA021S13	SES087	-2.20859	-2.33858	-0.129985
BLOCK02/SES021/SA021S13	SES206	-1.78657	-1.91655	-0.129985
BLOCK02/SES021/SA021S15	SES087	-0.617337	-0.817429	-0.200091
BLOCK02/SES021/SA021S15	SES125	-1.24135	-1.44144	-0.200091
BLOCK02/SES021/SA021S15	SES206	-1.15503	-1.35512	-0.200091
BLOCK02/SES021/SA021S15	SES226	-1.83723	-2.03732	-0.200091
BLOCK02/SES021/SA021S23	SES062	-2.06182	-2.89126	-0.829431
BLOCK02/SES021/SA021S23	SES087	-0.980717	-1.81015	-0.829431
BLOCK02/SES021/SA021S23	SES206	-1.97401	-2.80344	-0.829431
BLOCK02/SES021/SA021S23	SES226	-1.62029	-2.44972	-0.829431
BLOCK02/SES021/SA021S27	SES002	-1.3766	-1.40127	-0.0246689
BLOCK02/SES021/SA021S27	SES016	-3.34496	-3.36963	-0.0246689
BLOCK02/SES021/SA021S27	SES019	-1.61036	-1.63503	-0.0246689
BLOCK02/SES021/SA021S27	SES062	-0.951221	-0.97589	-0.0246689
BLOCK02/SES021/SA021S29	SES087	-1.28102	-1.55263	-0.271609
BLOCK02/SES021/SA021S29	SES125	-1.76856	-2.04017	-0.271609
BLOCK02/SES021/SA021S29	SES206	-1.15627	-1.42788	-0.271609
BLOCK02/SES021/SA021S29	SES226	-1.74705	-2.01866	-0.271609
BLOCK04/SES043/SA043S09	SES083	-0.42059	-1.54625	-1.12566
BLOCK04/SES043/SA043S09	SES101	-1.14006	-2.26572	-1.12566
BLOCK04/SES043/SA043S09	SES144	-0.277355	-1.40302	-1.12566
BLOCK04/SES043/SA043S09	SES172	-1.21087	-2.33653	-1.12566
BLOCK04/SES043/SA043S11	SES083	-0.42012	-0.949652	-0.529532
BLOCK04/SES043/SA043S11	SES101	-1.15651	-1.68605	-0.529532
BLOCK04/SES043/SA043S11	SES144	-0.109456	-0.638988	-0.529532
BLOCK04/SES043/SA043S11	SES172	-0.99978	-1.52931	-0.529532
BLOCK04/SES043/SA043S23	SES083	-0.643839	-1.29611	-0.652267
BLOCK04/SES043/SA043S23	SES144	-0.166895	-0.819163	-0.652267
BLOCK04/SES043/SA043S23	SES177	-1.13941	-1.79168	-0.652267
BLOCK04/SES043/SA043S23	SES275	-0.844615	-1.49688	-0.652267
BLOCK04/SES043/SA043S26	SES083	-0.739299	-1.76368	-1.02438
BLOCK04/SES043/SA043S26	SES101	-1.24544	-2.26982	-1.02438
BLOCK04/SES043/SA043S26	SES144	-0.0018723	-1.02626	-1.02438
BLOCK04/SES043/SA043S26	SES177	-1.16419	-2.18858	-1.02438
BLOCK04/SES043/SA043S28	SES016	-3.07978	-3.74605	-0.666276
BLOCK04/SES043/SA043S28	SES083	-0.370461	-1.03674	-0.666276
BLOCK04/SES043/SA043S28	SES101	-1.00394	-1.67021	-0.666276
BLOCK04/SES043/SA043S28	SES144	-0.471861	-1.13814	-0.666276
BLOCK04/SES044/SA044S10	SES127	-2.16689	-3.51539	-1.3485
BLOCK04/SES044/SA044S10	SES144	-0.307224	-1.65572	-1.3485
BLOCK04/SES044/SA044S10	SES147	-2.58559	-3.93409	-1.3485
BLOCK04/SES044/SA044S10	SES148	-1.85191	-3.20041	-1.3485
BLOCK04/SES044/SA044S11	SES101	-0.990733	-1.7732	-0.782466
BLOCK04/SES044/SA044S11	SES144	0.0889992	-0.693467	-0.782466
BLOCK04/SES044/SA044S11	SES147	-1.83002	-2.61249	-0.782466
BLOCK04/SES044/SA044S11	SES177	-1.61625	-2.39872	-0.782466
BLOCK04/SES044/SA044S24	SES007	-1.78168	-2.35689	-0.575203
BLOCK04/SES044/SA044S24	SES101	-0.700937	-1.27614	-0.575203
BLOCK04/SES044/SA044S24	SES147	-1.60005	-2.17525	-0.575203
BLOCK04/SES044/SA044S24	SES177	-1.11393	-1.68913	-0.575203
BLOCK04/SES044/SA044S26	SES007	-1.25413	-2.12013	-0.866008
BLOCK04/SES044/SA044S26	SES016	-1.46165	-2.32765	-0.866008
BLOCK04/SES044/SA044S26	SES101	-0.836345	-1.70235	-0.866008
BLOCK04/SES044/SA044S26	SES147	-1.32512	-2.19113	-0.866008
BLOCK04/SES044/SA044S29	SES007	-2.13166	-2.50963	-0.377972
BLOCK04/SES044/SA044S29	SES101	-0.0607097	-0.438682	-0.377972
BLOCK04/SES044/SA044S29	SES147	-1.87332	-2.2513	-0.377972
BLOCK04/SES044/SA044S29	SES177	-1.75353	-2.13151	-0.377972
BLOCK04/SES046/SA046S13	SES101	-0.975685	-1.90898	-0.933292
BLOCK04/SES046/SA046S13	SES144	-0.477238	-1.41053	-0.933292
BLOCK04/SES046/SA046S13	SES147	-1.95436	-2.88765	-0.933292
BLOCK04/SES046/SA046S13	SES177	-1.61376	-2.54705	-0.933292
BLOCK04/SES046/SA046S15	SES048	-0.707911	-0.977038	-0.269127
BLOCK04/SES046/SA046S15	SES083	-0.954069	-1.2232	-0.269127
BLOCK04/SES046/SA046S15	SES120	-2.68204	-2.95117	-0.269127
BLOCK04/SES046/SA046S15	SES148	-1.35682	-1.62594	-0.269127
BLOCK04/SES046/SA046S22	SES101	-0.691667	-1.28095	-0.589284
BLOCK04/SES046/SA046S22	SES144	-0.190959	-0.780243	-0.589284
BLOCK04/SES046/SA046S22	SES147	-1.78741	-2.37669	-0.589284
BLOCK04/SES046/SA046S22	SES172	-0.735295	-1.32458	-0.589284
BLOCK04/SES046/SA046S25	SES083	-1.06675	-2.30611	-1.23936
BLOCK04/SES046/SA046S25	SES127	-1.44829	-2.68765	-1.23936
BLOCK04/SES046/SA046S25	SES144	-1.1351	-2.37446	-1.23936
BLOCK04/SES046/SA046S25	SES148	-1.60751	-2.84687	-1.23936
BLOCK04/SES046/SA046S28	SES007	-1.90761	-2.8125	-0.904889
BLOCK04/SES046/SA046S28	SES105	-1.54983	-2.45472	-0.904889
BLOCK04/SES046/SA046S28	SES147	-1.122	-2.02688	-0.904889
BLOCK04/SES046/SA046S28	SES148	-1.17923	-2.08412	-0.904889
BLOCK04/SES049/SA049S16	SES104	-0.721056	-2.26382	-1.54276
BLOCK04/SES049/SA049S16	SES106	-1.42723	-2.96999	-1.54276
BLOCK04/SES049/SA049S16	SES120	-1.9359	-3.47866	-1.54276
BLOCK04/SES049/SA049S16	SES206	-1.67162	-3.21438	-1.54276
BLOCK04/SES049/SA049S18	SES099	-0.989499	-2.98477	-1.99527
BLOCK04/SES049/SA049S18	SES104	-1.96602	-3.96129	-1.99527
BLOCK04/SES049/SA049S18	SES125	-1.86934	-3.86461	-1.99527
BLOCK04/SES049/SA049S18	SES206	-1.96723	-3.9625	-1.99527
BLOCK04/SES049/SA049S25	SES087	-2.29441	-4.18313	-1.88872
BLOCK04/SES049/SA049S25	SES104	-1.28596	-3.17468	-1.88872
BLOCK04/SES049/SA049S25	SES125	-1.9805	-3.86922	-1.88872
BLOCK04/SES049/SA049S25	SES206	-0.80034	-2.68906	-1.88872
BLOCK04/SES049/SA049S27	SES099	-0.531552	-2.44277	-1.91122
BLOCK04/SES049/SA049S27	SES104	-0.370006	-2.28122	-1.91122
BLOCK04/SES049/SA049S27	SES125	-2.00218	-3.9134	-1.91122
BLOCK04/SES049/SA049S27	SES206	-1.65221	-3.56342	-1.91122
BLOCK04/SES049/SA049S29	SES099	-0.581341	-1.70246	-1.12112
BLOCK04/SES049/SA049S29	SES104	-0.217838	-1.33896	-1.12112
BLOCK04/SES049/SA049S29	SES125	-1.12978	-2.25091	-1.12112
BLOCK04/SES049/SA049S29	SES206	-1.29036	-2.41148	-1.12112
BLOCK06/SES063/SA063S09	SES068	-1.48283	-2.3925	-0.909668
BLOCK06/SES063/SA063S09	SES083	-0.686892	-1.59656	-0.909668
BLOCK06/SES063/SA063S09	SES177	-1.59149	-2.50116	-0.909668
BLOCK06/SES063/SA063S09	SES187	-1.9998	-2.90947	-0.909668
BLOCK06/SES063/SA063S10	SES068	-1.79527	-2.74991	-0.95464
BLOCK06/SES063/SA063S10	SES083	-0.904541	-1.85918	-0.95464
BLOCK06/SES063/SA063S10	SES172	-1.12399	-2.07863	-0.95464
BLOCK06/SES063/SA063S10	SES187	-1.40453	-2.35917	-0.95464
BLOCK06/SES063/SA063S20	SES068	-2.23684	-2.84265	-0.605816
BLOCK06/SES063/SA063S20	SES083	-0.824131	-1.42995	-0.605816
BLOCK06/SES063/SA063S20	SES172	-0.667148	-1.27296	-0.605816
BLOCK06/SES063/SA063S20	SES187	-1.22734	-1.83316	-0.605816
BLOCK06/SES063/SA063S24	SES029	-1.92837	-2.49996	-0.571589
BLOCK06/SES063/SA063S24	SES083	-0.215883	-0.787473	-0.571589
BLOCK06/SES063/SA063S24	SES177	-0.979868	-1.55146	-0.571589
BLOCK06/SES063/SA063S24	SES189	-0.389353	-0.960943	-0.571589
BLOCK06/SES063/SA063S27	SES083	-0.329875	-1.11641	-0.786538
BLOCK06/SES063/SA063S27	SES172	-1.59069	-2.37723	-0.786538
BLOCK06/SES063/SA063S27	SES187	-0.906294	-1.69283	-0.786538
BLOCK06/SES063/SA063S27	SES292	-1.97976	-2.76629	-0.786538
BLOCK06/SES067/SA067S12	SES083	-1.02419	-1.05833	-0.0341365
BLOCK06/SES067/SA067S12	SES172	-1.50208	-1.53621	-0.0341365
BLOCK06/SES067/SA067S12	SES202	-0.640591	-0.674728	-0.0341365
BLOCK06/SES067/SA067S12	SES292	-1.7101	-1.74423	-0.0341365
BLOCK06/SES067/SA067S14	SES085	-1.68203	-1.35311	0.32892
BLOCK06/SES067/SA067S14	SES177	-1.41046	-1.08154	0.32892
BLOCK06/SES067/SA067S14	SES183	-0.043388	0.285532	0.32892
BLOCK06/SES067/SA067S14	SES202	-0.609319	-0.280399	0.32892
BLOCK06/SES067/SA067S21	SES144	-0.790891	-1.24904	-0.45815
BLOCK06/SES067/SA067S21	SES177	-0.681198	-1.13935	-0.45815
BLOCK06/SES067/SA067S21	SES183	-0.810738	-1.26889	-0.45815
BLOCK06/SES067/SA067S21	SES189	-1.01899	-1.47714	-0.45815
BLOCK06/SES067/SA067S25	SES085	-1.61011	-1.80073	-0.190619
BLOCK06/SES067/SA067S25	SES177	-1.17572	-1.36633	-0.190619
BLOCK06/SES067/SA067S25	SES183	-1.11337	-1.30398	-0.190619
BLOCK06/SES067/SA067S25	SES202	-1.78381	-1.97443	-0.190619
BLOCK06/SES067/SA067S29	SES085	-2.69966	-2.90673	-0.207073
BLOCK06/SES067/SA067S29	SES177	-1.34494	-1.55201	-0.207073
BLOCK06/SES067/SA067S29	SES183	-0.847957	-1.05503	-0.207073
BLOCK06/SES067/SA067S29	SES202	-0.544484	-0.751557	-0.207073
BLOCK06/SES069/SA069S12	SES029	-2.2073	-2.79441	-0.587102
BLOCK06/SES069/SA069S12	SES082	-1.12002	-1.70712	-0.587102
BLOCK06/SES069/SA069S12	SES087	-1.74721	-2.33431	-0.587102
BLOCK06/SES069/SA069S12	SES206	-1.14287	-1.72997	-0.587102
BLOCK06/SES069/SA069S13	SES029	-2.75042	-3.21337	-0.462954
BLOCK06/SES069/SA069S13	SES087	-1.22156	-1.68452	-0.462954
BLOCK06/SES069/SA069S13	SES206	-1.59661	-2.05956	-0.462954
BLOCK06/SES069/SA069S13	SES226	-0.54061	-1.00356	-0.462954
BLOCK06/SES069/SA069S23	SES029	-0.173971	-0.0128791	0.161092
BLOCK06/SES069/SA069S23	SES087	-0.577795	-0.416703	0.161092
BLOCK06/SES069/SA069S23	SES206	-1.72572	-1.56463	0.161092
BLOCK06/SES069/SA069S23	SES226	-0.385985	-0.224893	0.161092
BLOCK06/SES069/SA069S25	SES087	-1.45118	-1.37357	0.0776072
BLOCK06/SES069/SA069S25	SES206	-2.51012	-2.43251	0.0776072
BLOCK06/SES069/SA069S25	SES226	-1.14789	-1.07029	0.0776072
BLOCK06/SES069/SA069S25	SES270	-1.58458	-1.50698	0.0776072
BLOCK06/SES069/SA069S27	SES087	-2.05008	-2.47343	-0.423354
BLOCK06/SES069/SA069S27	SES206	-1.41856	-1.84191	-0.423354
BLOCK06/SES069/SA069S27	SES226	-0.725333	-1.14869	-0.423354
BLOCK06/SES069/SA069S27	SES270	-1.24213	-1.66548	-0.423354
BLOCK08/SES081/SA081S11	SES060	-1.58617	-1.77926	-0.193095
BLOCK08/SES081/SA081S11	SES062	-1.18986	-1.38295	-0.193095
BLOCK08/SES081/SA081S11	SES117	-2.67622	-2.86932	-0.193095
BLOCK08/SES081/SA081S11	SES162	-2.00165	-2.19474	-0.193095
BLOCK08/SES081/SA081S13	SES016	-0.890168	-0.978487	-0.0883186
BLOCK08/SES081/SA081S13	SES060	-0.330961	-0.419279	-0.0883186
BLOCK08/SES081/SA081S13	SES068	-0.884309	-0.972627	-0.0883186
BLOCK08/SES081/SA081S13	SES129	-1.77095	-1.85927	-0.0883186
BLOCK08/SES081/SA081S24	SES060	-0.680755	-0.968301	-0.287546
BLOCK08/SES081/SA081S24	SES068	-1.25334	-1.54088	-0.287546
BLOCK08/SES081/SA081S24	SES117	-1.91241	-2.19995	-0.287546
BLOCK08/SES081/SA081S24	SES275	-1.42488	-1.71242	-0.287546
BLOCK08/SES081/SA081S27	SES007	-0.864922	-1.22557	-0.360645
BLOCK08/SES081/SA081S27	SES060	-1.37806	-1.73871	-0.360645
BLOCK08/SES081/SA081S27	SES117	-1.2883	-1.64894	-0.360645
BLOCK08/SES081/SA081S27	SES275	-1.86842	-2.22907	-0.360645
BLOCK08/SES081/SA081S29	SES007	-0.73026	-1.22977	-0.499509
BLOCK08/SES081/SA081S29	SES060	-0.627314	-1.12682	-0.499509
BLOCK08/SES081/SA081S29	SES117	-1.56463	-2.06414	-0.499509
BLOCK08/SES081/SA081S29	SES275	-1.47676	-1.97627	-0.499509
BLOCK08/SES086/SA086S11	SES029	-2.7486	-4.14672	-1.39813
BLOCK08/SES086/SA086S11	SES082	-1.9464	-3.34453	-1.39813
BLOCK08/SES086/SA086S11	SES087	-1.08261	-2.48074	-1.39813
BLOCK08/SES086/SA086S11	SES206	-1.87694	-3.27507	-1.39813
BLOCK08/SES086/SA086S12	SES029	-1.75336	-2.30039	-0.547034
BLOCK08/SES086/SA086S12	SES082	-1.95105	-2.49808	-0.547034
BLOCK08/SES086/SA086S12	SES087	-0.561371	-1.10841	-0.547034
BLOCK08/SES086/SA086S12	SES206	-1.05263	-1.59966	-0.547034
BLOCK08/SES086/SA086S20	SES029	-2.43679	-2.5444	-0.10761
BLOCK08/SES086/SA086S20	SES082	-2.35995	-2.46756	-0.10761
BLOCK08/SES086/SA086S20	SES087	-0.0210104	-0.128621	-0.10761
BLOCK08/SES086/SA086S20	SES206	-0.890971	-0.998582	-0.10761
BLOCK08/SES086/SA086S24	SES087	-0.618606	-1.79912	-1.18051
BLOCK08/SES086/SA086S24	SES104	-1.52361	-2.70412	-1.18051
BLOCK08/SES086/SA086S24	SES120	-1.79472	-2.97523	-1.18051
BLOCK08/SES086/SA086S24	SES206	-0.415949	-1.59646	-1.18051
BLOCK08/SES086/SA086S28	SES029	-2.49687	-3.11536	-0.61849
BLOCK08/SES086/SA086S28	SES082	-1.50411	-2.12259	-0.61849
BLOCK08/SES086/SA086S28	SES087	-0.412945	-1.03143	-0.61849
BLOCK08/SES086/SA086S28	SES206	-0.898325	-1.51682	-0.61849
BLOCK08/SES089/SA089S13	SES087	-1.65117	-2.62702	-0.97585
BLOCK08/SES089/SA089S13	SES206	-1.68996	-2.66581	-0.97585
BLOCK08/SES089/SA089S13	SES226	-1.30483	-2.28068	-0.97585
BLOCK08/SES089/SA089S13	SES270	-1.99458	-2.97043	-0.97585
BLOCK08/SES089/SA089S14	SES062	-1.72348	-2.29057	-0.567092
BLOCK08/SES089/SA089S14	SES087	-0.520694	-1.08779	-0.567092
BLOCK08/SES089/SA089S14	SES206	-1.60775	-2.17484	-0.567092
BLOCK08/SES089/SA089S14	SES226	-1.51252	-2.07961	-0.567092
BLOCK08/SES089/SA089S23	SES087	-1.27726	-2.38042	-1.10316
BLOCK08/SES089/SA089S23	SES206	-1.59294	-2.6961	-1.10316
BLOCK08/SES089/SA089S23	SES226	-1.26822	-2.37138	-1.10316
BLOCK08/SES089/SA089S23	SES270	-2.48243	-3.58559	-1.10316
BLOCK08/SES089/SA089S25	SES062	-1.64819	-2.18057	-0.532382
BLOCK08/SES089/SA089S25	SES087	-1.12402	-1.65641	-0.532382
BLOCK08/SES089/SA089S25	SES206	-2.59007	-3.12245	-0.532382
BLOCK08/SES089/SA089S25	SES226	-1.40356	-1.93594	-0.532382
BLOCK08/SES089/SA089S28	SES062	-1.10856	-1.79932	-0.690769
BLOCK08/SES089/SA089S28	SES087	-0.530067	-1.22084	-0.690769
BLOCK08/SES089/SA089S28	SES206	-1.36126	-2.05202	-0.690769
BLOCK08/SES089/SA089S28	SES226	-0.671191	-1.36196	-0.690769
BLOCK09/SES097/SA097S11	SES099	0.179981	-1.11817	-1.29815
BLOCK09/SES097/SA097S11	SES125	-1.59779	-2.89594	-1.29815
BLOCK09/SES097/SA097S11	SES206	-1.10668	-2.40483	-1.29815
BLOCK09/SES097/SA097S11	SES226	-0.113859	-1.41201	-1.29815
BLOCK09/SES097/SA097S14	SES062	-1.89324	-2.97993	-1.0867
BLOCK09/SES097/SA097S14	SES099	-0.730194	-1.81689	-1.0867
BLOCK09/SES097/SA097S14	SES104	-0.826099	-1.91279	-1.0867
BLOCK09/SES097/SA097S14	SES206	-1.64138	-2.72808	-1.0867
BLOCK09/SES097/SA097S22	SES099	-0.351274	-1.6803	-1.32902
BLOCK09/SES097/SA097S22	SES206	-1.06549	-2.39451	-1.32902
BLOCK09/SES097/SA097S22	SES226	-0.622593	-1.95162	-1.32902
BLOCK09/SES097/SA097S22	SES270	-0.491284	-1.82031	-1.32902
BLOCK09/SES097/SA097S26	SES099	-0.19585	-1.66948	-1.47363
BLOCK09/SES097/SA097S26	SES120	-0.973007	-2.44664	-1.47363
BLOCK09/SES097/SA097S26	SES206	-1.23308	-2.70672	-1.47363
BLOCK09/SES097/SA097S26	SES226	-0.493927	-1.96756	-1.47363
BLOCK09/SES097/SA097S28	SES099	-0.344914	-1.34828	-1.00337
BLOCK09/SES097/SA097S28	SES120	-1.20287	-2.20623	-1.00337
BLOCK09/SES097/SA097S28	SES206	-1.6574	-2.66076	-1.00337
BLOCK09/SES097/SA097S28	SES226	-1.12628	-2.12964	-1.00337
BLOCK09/SES098/SA098S11	SES127	-1.47084	-2.04045	-0.569616
BLOCK09/SES098/SA098S11	SES144	-1.54728	-2.11689	-0.569616
BLOCK09/SES098/SA098S11	SES147	-1.07787	-1.64749	-0.569616
BLOCK09/SES098/SA098S11	SES148	-3.05626	-3.62588	-0.569616
BLOCK09/SES098/SA098S12	SES127	-2.09403	-3.60998	-1.51595
BLOCK09/SES098/SA098S12	SES144	-2.27547	-3.79142	-1.51595
BLOCK09/SES098/SA098S12	SES147	-1.79569	-3.31164	-1.51595
BLOCK09/SES098/SA098S12	SES189	-2.21665	-3.7326	-1.51595
BLOCK09/SES098/SA098S20	SES127	-2.32494	-2.99013	-0.66519
BLOCK09/SES098/SA098S20	SES147	-2.17505	-2.84024	-0.66519
BLOCK09/SES098/SA098S20	SES148	-3.09	-3.7552	-0.66519
BLOCK09/SES098/SA098S20	SES292	-1.26767	-1.93286	-0.66519
BLOCK09/SES098/SA098S23	SES127	-1.85806	-2.47864	-0.620583
BLOCK09/SES098/SA098S23	SES147	-1.8244	-2.44499	-0.620583
BLOCK09/SES098/SA098S23	SES187	-1.2293	-1.84988	-0.620583
BLOCK09/SES098/SA098S23	SES292	-1.23818	-1.85876	-0.620583
BLOCK09/SES098/SA098S27	SES127	-2.61018	-3.40724	-0.797068
BLOCK09/SES098/SA098S27	SES147	-2.9072	-3.70426	-0.797068
BLOCK09/SES098/SA098S27	SES148	-3.34899	-4.14606	-0.797068
BLOCK09/SES098/SA098S27	SES292	-0.956424	-1.75349	-0.797068
BLOCK10/SES102/SA102S13	SES101	-0.652961	-1.76246	-1.1095
BLOCK10/SES102/SA102S13	SES105	-1.24901	-2.35851	-1.1095
BLOCK10/SES102/SA102S13	SES120	-2.13951	-3.24901	-1.1095
BLOCK10/SES102/SA102S13	SES158	-2.5078	-3.61729	-1.1095
BLOCK10/SES102/SA102S14	SES007	-0.410241	-0.696633	-0.286392
BLOCK10/SES102/SA102S14	SES101	-0.33336	-0.619752	-0.286392
BLOCK10/SES102/SA102S14	SES105	-0.39725	-0.683642	-0.286392
BLOCK10/SES102/SA102S14	SES147	-2.86799	-3.15438	-0.286392
BLOCK10/SES102/SA102S22	SES007	-1.1279	-1.78592	-0.658027
BLOCK10/SES102/SA102S22	SES101	-0.59409	-1.25212	-0.658027
BLOCK10/SES102/SA102S22	SES105	-0.847234	-1.50526	-0.658027
BLOCK10/SES102/SA102S22	SES158	-2.06033	-2.71836	-0.658027
BLOCK10/SES102/SA102S25	SES007	-0.825954	-1.33354	-0.50759
BLOCK10/SES102/SA102S25	SES101	-0.268335	-0.775925	-0.50759
BLOCK10/SES102/SA102S25	SES105	-1.20501	-1.7126	-0.50759
BLOCK10/SES102/SA102S25	SES147	-2.62782	-3.13541	-0.50759
BLOCK10/SES102/SA102S27	SES007	-0.944793	-1.96855	-1.02376
BLOCK10/SES102/SA102S27	SES101	-0.013274	-1.03703	-1.02376
BLOCK10/SES102/SA102S27	SES105	-1.2922	-2.31596	-1.02376
BLOCK10/SES102/SA102S27	SES147	-2.13164	-3.1554	-1.02376
BLOCK10/SES103/SA103S14	SES105	-2.32734	-3.8455	-1.51815
BLOCK10/SES103/SA103S14	SES106	-1.84686	-3.36502	-1.51815
BLOCK10/SES103/SA103S14	SES120	-2.75907	-4.27722	-1.51815
BLOCK10/SES103/SA103S14	SES206	-2.20364	-3.72179	-1.51815
BLOCK10/SES103/SA103S15	SES099	-1.64364	-3.62061	-1.97697
BLOCK10/SES103/SA103S15	SES101	-3.82635	-5.80332	-1.97697
BLOCK10/SES103/SA103S15	SES104	-1.91722	-3.8942	-1.97697
BLOCK10/SES103/SA103S15	SES125	-2.086	-4.06297	-1.97697
BLOCK10/SES103/SA103S24	SES104	-2.29145	-4.20647	-1.91503
BLOCK10/SES103/SA103S24	SES125	-2.62168	-4.53671	-1.91503
BLOCK10/SES103/SA103S24	SES148	-2.80094	-4.71596	-1.91503
BLOCK10/SES103/SA103S24	SES158	-1.81205	-3.72707	-1.91503
BLOCK10/SES103/SA103S26	SES104	-1.44499	-3.18495	-1.73996
BLOCK10/SES103/SA103S26	SES106	-1.48568	-3.22564	-1.73996
BLOCK10/SES103/SA103S26	SES125	-1.56698	-3.30694	-1.73996
BLOCK10/SES103/SA103S26	SES148	-2.90703	-4.64699	-1.73996
BLOCK10/SES103/SA103S28	SES104	-1.79389	-3.32925	-1.53536
BLOCK10/SES103/SA103S28	SES106	-1.14346	-2.67882	-1.53536
BLOCK10/SES103/SA103S28	SES125	-1.33659	-2.87195	-1.53536
BLOCK10/SES103/SA103S28	SES206	-2.7404	-4.27576	-1.53536
BLOCK12/SES121/SA121S12	SES042	-2.28136	-4.34423	-2.06287
BLOCK12/SES121/SA121S12	SES087	-3.20721	-5.27009	-2.06287
BLOCK12/SES121/SA121S12	SES105	-2.07336	-4.13623	-2.06287
BLOCK12/SES121/SA121S12	SES206	-1.52503	-3.58791	-2.06287
BLOCK12/SES121/SA121S14	SES007	-1.73242	-4.15511	-2.42269
BLOCK12/SES121/SA121S14	SES105	-2.03324	-4.45593	-2.42269
BLOCK12/SES121/SA121S14	SES106	-1.90036	-4.32304	-2.42269
BLOCK12/SES121/SA121S14	SES206	-1.36311	-3.7858	-2.42269
BLOCK12/SES121/SA121S23	SES105	-2.36784	-4.58457	-2.21673
BLOCK12/SES121/SA121S23	SES106	-1.21655	-3.43328	-2.21673
BLOCK12/SES121/SA121S23	SES120	-1.68439	-3.90112	-2.21673
BLOCK12/SES121/SA121S23	SES206	-0.513878	-2.73061	-2.21673
BLOCK12/SES121/SA121S25	SES007	-1.1464	-3.87596	-2.72955
BLOCK12/SES121/SA121S25	SES105	-2.50286	-5.23242	-2.72955
BLOCK12/SES121/SA121S25	SES106	-1.33844	-4.06799	-2.72955
BLOCK12/SES121/SA121S25	SES206	-1.37985	-4.1094	-2.72955
BLOCK12/SES121/SA121S27	SES087	-0.727989	-2.55977	-1.83178
BLOCK12/SES121/SA121S27	SES105	-3.46081	-5.29259	-1.83178
BLOCK12/SES121/SA121S27	SES120	-0.728639	-2.56042	-1.83178
BLOCK12/SES121/SA121S27	SES206	-0.594921	-2.4267	-1.83178
BLOCK12/SES124/SA124S16	SES042	-0.489007	-1.0756	-0.586593
BLOCK12/SES124/SA124S16	SES082	-0.970847	-1.55744	-0.586593
BLOCK12/SES124/SA124S16	SES183	-2.19587	-2.78246	-0.586593
BLOCK12/SES124/SA124S16	SES206	-1.28821	-1.8748	-0.586593
BLOCK12/SES124/SA124S17	SES105	-2.13846	-3.32878	-1.19032
BLOCK12/SES124/SA124S17	SES149	-1.94002	-3.13034	-1.19032
BLOCK12/SES124/SA124S17	SES158	-3.06637	-4.25668	-1.19032
BLOCK12/SES124/SA124S17	SES275	-1.11842	-2.30874	-1.19032
BLOCK12/SES124/SA124S23	SES105	-1.99063	-1.88911	0.101511
BLOCK12/SES124/SA124S23	SES125	-0.0460753	0.0554356	0.101511
BLOCK12/SES124/SA124S23	SES129	-2.68353	-2.58201	0.101511
BLOCK12/SES124/SA124S23	SES158	-0.82137	-0.719859	0.101511
BLOCK12/SES124/SA124S26	SES105	-2.48797	-2.73798	-0.250006
BLOCK12/SES124/SA124S26	SES125	-0.971435	-1.22144	-0.250006
BLOCK12/SES124/SA124S26	SES129	-2.09073	-2.34073	-0.250006
BLOCK12/SES124/SA124S26	SES158	-1.90218	-2.15219	-0.250006
BLOCK12/SES124/SA124S28	SES104	-0.717296	-0.77275	-0.055455
BLOCK12/SES124/SA124S28	SES106	-1.22267	-1.27812	-0.055455
BLOCK12/SES124/SA124S28	SES125	-0.424926	-0.480381	-0.055455
BLOCK12/SES124/SA124S28	SES275	-1.73544	-1.79089	-0.055455
BLOCK12/SES126/SA126S13	SES007	-0.859114	-1.49048	-0.631362
BLOCK12/SES126/SA126S13	SES162	-1.79729	-2.42865	-0.631362
BLOCK12/SES126/SA126S13	SES177	-0.729584	-1.36095	-0.631362
BLOCK12/SES126/SA126S13	SES180	-1.83502	-2.46638	-0.631362
BLOCK12/SES126/SA126S14	SES144	-0.750207	-0.801679	-0.051472
BLOCK12/SES126/SA126S14	SES148	-1.77386	-1.82533	-0.051472
BLOCK12/SES126/SA126S14	SES177	-0.411126	-0.462598	-0.051472
BLOCK12/SES126/SA126S14	SES180	-1.98077	-2.03224	-0.051472
BLOCK12/SES126/SA126S20	SES007	-0.83869	-1.17327	-0.334575
BLOCK12/SES126/SA126S20	SES162	-2.01902	-2.3536	-0.334575
BLOCK12/SES126/SA126S20	SES172	-2.14177	-2.47634	-0.334575
BLOCK12/SES126/SA126S20	SES180	-2.3689	-2.70348	-0.334575
BLOCK12/SES126/SA126S24	SES120	-0.398324	-0.615224	-0.216901
BLOCK12/SES126/SA126S24	SES162	-1.81266	-2.02956	-0.216901
BLOCK12/SES126/SA126S24	SES177	-0.879159	-1.09606	-0.216901
BLOCK12/SES126/SA126S24	SES180	-1.3789	-1.5958	-0.216901
BLOCK12/SES126/SA126S26	SES120	-0.213193	-0.831857	-0.618665
BLOCK12/SES126/SA126S26	SES177	-0.393014	-1.01168	-0.618665
BLOCK12/SES126/SA126S26	SES180	-1.05218	-1.67085	-0.618665
BLOCK12/SES126/SA126S26	SES202	-1.0953	-1.71397	-0.618665
BLOCK12/SES128/SA128S10	SES087	-2.64739	-3.86121	-1.21383
BLOCK12/SES128/SA128S10	SES206	-1.78624	-3.00006	-1.21383
BLOCK12/SES128/SA128S10	SES226	-0.795574	-2.0094	-1.21383
BLOCK12/SES128/SA128S10	SES270	-0.623218	-1.83704	-1.21383
BLOCK12/SES128/SA128S12	SES120	-1.15386	-2.07293	-0.919064
BLOCK12/SES128/SA128S12	SES158	-1.24426	-2.16332	-0.919064
BLOCK12/SES128/SA128S12	SES206	-1.54482	-2.46389	-0.919064
BLOCK12/SES128/SA128S12	SES226	-1.73015	-2.64921	-0.919064
BLOCK12/SES128/SA128S21	SES106	-1.66315	-2.94933	-1.28618
BLOCK12/SES128/SA128S21	SES120	-2.04118	-3.32736	-1.28618
BLOCK12/SES128/SA128S21	SES206	-1.75965	-3.04583	-1.28618
BLOCK12/SES128/SA128S21	SES226	-0.742875	-2.02905	-1.28618
BLOCK12/SES128/SA128S24	SES087	-1.55858	-2.61744	-1.05886
BLOCK12/SES128/SA128S24	SES120	-1.32802	-2.38688	-1.05886
BLOCK12/SES128/SA128S24	SES206	-0.99338	-2.05224	-1.05886
BLOCK12/SES128/SA128S24	SES226	-1.54074	-2.5996	-1.05886
BLOCK12/SES128/SA128S27	SES099	-0.843386	-1.30246	-0.459074
BLOCK12/SES128/SA128S27	SES120	-0.765952	-1.22503	-0.459074
BLOCK12/SES128/SA128S27	SES206	-0.806268	-1.26534	-0.459074
BLOCK12/SES128/SA128S27	SES226	-0.798095	-1.25717	-0.459074
BLOCK13/SES130/SA130S13	SES143	-0.457269	-1.3882	-0.930929
BLOCK13/SES130/SA130S13	SES144	-0.532793	-1.46372	-0.930929
BLOCK13/SES130/SA130S13	SES146	-2.06512	-2.99605	-0.930929
BLOCK13/SES130/SA130S13	SES275	-1.95089	-2.88182	-0.930929
BLOCK13/SES130/SA130S15	SES143	-1.03316	-1.28666	-0.2535
BLOCK13/SES130/SA130S15	SES144	-0.153861	-0.407361	-0.2535
BLOCK13/SES130/SA130S15	SES146	-1.12574	-1.37924	-0.2535
BLOCK13/SES130/SA130S15	SES275	-1.17987	-1.43337	-0.2535
BLOCK13/SES130/SA130S23	SES127	-1.40569	-2.35737	-0.951681
BLOCK13/SES130/SA130S23	SES144	-1.21593	-2.16761	-0.951681
BLOCK13/SES130/SA130S23	SES146	-1.40971	-2.36139	-0.951681
BLOCK13/SES130/SA130S23	SES162	-0.64023	-1.59191	-0.951681
BLOCK13/SES130/SA130S25	SES127	-1.0392	-1.72995	-0.690757
BLOCK13/SES130/SA130S25	SES144	-0.672108	-1.36286	-0.690757
BLOCK13/SES130/SA130S25	SES146	-1.17931	-1.87007	-0.690757
BLOCK13/SES130/SA130S25	SES275	-1.15686	-1.84761	-0.690757
BLOCK13/SES130/SA130S28	SES127	-1.19219	-2.0191	-0.826908
BLOCK13/SES130/SA130S28	SES144	-1.06536	-1.89227	-0.826908
BLOCK13/SES130/SA130S28	SES146	-0.940687	-1.76759	-0.826908
BLOCK13/SES130/SA130S28	SES275	-0.81564	-1.64255	-0.826908
BLOCK13/SES131/SA131S13	SES002	-2.58293	-4.89047	-2.30754
BLOCK13/SES131/SA131S13	SES007	-2.08989	-4.39743	-2.30754
BLOCK13/SES131/SA131S13	SES099	-1.18312	-3.49066	-2.30754
BLOCK13/SES131/SA131S13	SES105	-1.83491	-4.14246	-2.30754
BLOCK13/SES131/SA131S14	SES104	-1.23331	-2.0509	-0.817589
BLOCK13/SES131/SA131S14	SES106	-1.68955	-2.50714	-0.817589
BLOCK13/SES131/SA131S14	SES125	-1.56894	-2.38653	-0.817589
BLOCK13/SES131/SA131S14	SES148	-0.953712	-1.7713	-0.817589
BLOCK13/SES131/SA131S20	SES104	-2.1039	-3.94341	-1.83951
BLOCK13/SES131/SA131S20	SES106	-1.6027	-3.44221	-1.83951
BLOCK13/SES131/SA131S20	SES125	-2.0004	-3.83991	-1.83951
BLOCK13/SES131/SA131S20	SES148	-2.16839	-4.0079	-1.83951
BLOCK13/SES131/SA131S22	SES099	-0.867917	-1.41623	-0.548314
BLOCK13/SES131/SA131S22	SES104	-1.00876	-1.55707	-0.548314
BLOCK13/SES131/SA131S22	SES125	-1.90203	-2.45035	-0.548314
BLOCK13/SES131/SA131S22	SES206	-1.7638	-2.31211	-0.548314
BLOCK13/SES131/SA131S29	SES087	-1.7128	-3.26301	-1.55021
BLOCK13/SES131/SA131S29	SES104	-2.62439	-4.17461	-1.55021
BLOCK13/SES131/SA131S29	SES125	-2.66564	-4.21585	-1.55021
BLOCK13/SES131/SA131S29	SES206	-1.33754	-2.88775	-1.55021
BLOCK13/SES132/SA132S11	SES083	-2.00122	-2.41816	-0.416945
BLOCK13/SES132/SA132S11	SES120	0.00820559	-0.40874	-0.416945
BLOCK13/SES132/SA132S11	SES127	-1.29849	-1.71543	-0.416945
BLOCK13/SES132/SA132S11	SES275	-1.20094	-1.61788	-0.416945
BLOCK13/SES132/SA132S12	SES083	-1.55168	-1.73544	-0.183759
BLOCK13/SES132/SA132S12	SES143	-1.83214	-2.0159	-0.183759
BLOCK13/SES132/SA132S12	SES144	-0.699254	-0.883013	-0.183759
BLOCK13/SES132/SA132S12	SES148	-0.964671	-1.14843	-0.183759
BLOCK13/SES132/SA132S22	SES062	-0.992855	-1.5751	-0.582246
BLOCK13/SES132/SA132S22	SES083	-1.97334	-2.55558	-0.582246
BLOCK13/SES132/SA132S22	SES127	-1.29142	-1.87366	-0.582246
BLOCK13/SES132/SA132S22	SES275	-0.932215	-1.51446	-0.582246
BLOCK13/SES132/SA132S24	SES007	-1.04327	-0.972179	0.0710955
BLOCK13/SES132/SA132S24	SES083	-2.17172	-2.10063	0.0710955
BLOCK13/SES132/SA132S24	SES127	-2.15684	-2.08575	0.0710955
BLOCK13/SES132/SA132S24	SES275	-1.0038	-0.932706	0.0710955
BLOCK13/SES132/SA132S27	SES083	-2.5401	-3.71391	-1.17381
BLOCK13/SES132/SA132S27	SES120	-0.113078	-1.28688	-1.17381
BLOCK13/SES132/SA132S27	SES127	-1.90789	-3.0817	-1.17381
BLOCK13/SES132/SA132S27	SES275	-1.8861	-3.0599	-1.17381
BLOCK14/SES141/SA141S09	SES143	-1.27605	-1.37734	-0.101283
BLOCK14/SES141/SA141S09	SES144	-0.699471	-0.800754	-0.101283
BLOCK14/SES141/SA141S09	SES162	-1.0564	-1.15769	-0.101283
BLOCK14/SES141/SA141S09	SES180	-1.33957	-1.44085	-0.101283
BLOCK14/SES141/SA141S15	SES127	-1.55626	-1.79015	-0.233894
BLOCK14/SES141/SA141S15	SES144	-1.3453	-1.5792	-0.233894
BLOCK14/SES141/SA141S15	SES162	-1.86522	-2.09911	-0.233894
BLOCK14/SES141/SA141S15	SES180	-1.05456	-1.28846	-0.233894
BLOCK14/SES141/SA141S24	SES127	-1.39099	-1.58852	-0.197529
BLOCK14/SES141/SA141S24	SES144	-1.19705	-1.39458	-0.197529
BLOCK14/SES141/SA141S24	SES162	-1.50255	-1.70008	-0.197529
BLOCK14/SES141/SA141S24	SES183	-1.98573	-2.18326	-0.197529
BLOCK14/SES141/SA141S26	SES142	-0.42181	-0.991497	-0.569687
BLOCK14/SES141/SA141S26	SES144	-1.05226	-1.62195	-0.569687
BLOCK14/SES141/SA141S26	SES172	-0.722008	-1.29169	-0.569687
BLOCK14/SES141/SA141S26	SES180	-0.846764	-1.41645	-0.569687
BLOCK14/SES141/SA141S29	SES127	-0.791907	-1.01155	-0.219647
BLOCK14/SES141/SA141S29	SES142	-0.468985	-0.688631	-0.219647
BLOCK14/SES141/SA141S29	SES144	-0.847236	-1.06688	-0.219647
BLOCK14/SES141/SA141S29	SES180	-1.07878	-1.29842	-0.219647
BLOCK15/SES157/SA157S08	SES083	-1.72565	-2.31679	-0.591136
BLOCK15/SES157/SA157S08	SES127	-1.32433	-1.91547	-0.591136
BLOCK15/SES157/SA157S08	SES148	-0.820793	-1.41193	-0.591136
BLOCK15/SES157/SA157S08	SES292	-2.41217	-3.00331	-0.591136
BLOCK15/SES157/SA157S11	SES083	-1.66697	-2.53619	-0.869219
BLOCK15/SES157/SA157S11	SES127	-1.26297	-2.13219	-0.869219
BLOCK15/SES157/SA157S11	SES148	-1.82499	-2.69421	-0.869219
BLOCK15/SES157/SA157S11	SES292	-2.24652	-3.11574	-0.869219
BLOCK15/SES157/SA157S21	SES127	-0.645021	-1.23918	-0.594154
BLOCK15/SES157/SA157S21	SES148	0.0675384	-0.526616	-0.594154
BLOCK15/SES157/SA157S21	SES158	-4.06186	-4.65601	-0.594154
BLOCK15/SES157/SA157S21	SES292	-1.59777	-2.19192	-0.594154
BLOCK15/SES157/SA157S24	SES127	-1.08435	-1.54065	-0.456296
BLOCK15/SES157/SA157S24	SES148	-1.12489	-1.58118	-0.456296
BLOCK15/SES157/SA157S24	SES183	-1.46813	-1.92443	-0.456296
BLOCK15/SES157/SA157S24	SES292	-2.56726	-3.02356	-0.456296
BLOCK15/SES157/SA157S26	SES007	-0.853618	-1.24335	-0.389732
BLOCK15/SES157/SA157S26	SES127	-0.844563	-1.2343	-0.389732
BLOCK15/SES157/SA157S26	SES147	-1.4635	-1.85323	-0.389732
BLOCK15/SES157/SA157S26	SES148	-0.655861	-1.04559	-0.389732
BLOCK16/SES161/SA161S10	SES007	-0.937098	-2.45257	-1.51547
BLOCK16/SES161/SA161S10	SES105	-1.25736	-2.77283	-1.51547
BLOCK16/SES161/SA161S10	SES158	-1.90278	-3.41825	-1.51547
BLOCK16/SES161/SA161S10	SES275	-1.08514	-2.60061	-1.51547
BLOCK16/SES161/SA161S12	SES007	-2.32123	-3.58147	-1.26024
BLOCK16/SES161/SA161S12	SES105	-2.33422	-3.59447	-1.26024
BLOCK16/SES161/SA161S12	SES158	-1.80483	-3.06508	-1.26024
BLOCK16/SES161/SA161S12	SES275	-1.42041	-2.68066	-1.26024
BLOCK16/SES161/SA161S20	SES007	-1.51443	-3.11562	-1.6012
BLOCK16/SES161/SA161S20	SES105	-2.71653	-4.31773	-1.6012
BLOCK16/SES161/SA161S20	SES158	-1.24878	-2.84998	-1.6012
BLOCK16/SES161/SA161S20	SES275	-1.8294	-3.4306	-1.6012
BLOCK16/SES161/SA161S23	SES007	-2.20769	-3.56418	-1.35648
BLOCK16/SES161/SA161S23	SES105	-1.08646	-2.44294	-1.35648
BLOCK16/SES161/SA161S23	SES148	-1.46005	-2.81653	-1.35648
BLOCK16/SES161/SA161S23	SES158	-1.96	-3.31649	-1.35648
BLOCK16/SES161/SA161S28	SES007	-1.8671	-2.70471	-0.83761
BLOCK16/SES161/SA161S28	SES105	-2.642	-3.47961	-0.83761
BLOCK16/SES161/SA161S28	SES158	-0.814224	-1.65183	-0.83761
BLOCK16/SES161/SA161S28	SES206	-0.930121	-1.76773	-0.83761
BLOCK16/SES164/SA164S11	SES104	-1.79887	-3.40738	-1.60851
BLOCK16/SES164/SA164S11	SES125	-1.50498	-3.11349	-1.60851
BLOCK16/SES164/SA164S11	SES158	-0.38232	-1.99083	-1.60851
BLOCK16/SES164/SA164S11	SES206	-2.35675	-3.96526	-1.60851
BLOCK16/SES164/SA164S13	SES099	-1.74476	-3.45742	-1.71266
BLOCK16/SES164/SA164S13	SES104	-1.15407	-2.86673	-1.71266
BLOCK16/SES164/SA164S13	SES125	-1.81018	-3.52285	-1.71266
BLOCK16/SES164/SA164S13	SES206	-1.51427	-3.22693	-1.71266
BLOCK16/SES164/SA164S24	SES002	-0.490878	-1.91922	-1.42834
BLOCK16/SES164/SA164S24	SES099	-1.03667	-2.46501	-1.42834
BLOCK16/SES164/SA164S24	SES125	-2.06821	-3.49655	-1.42834
BLOCK16/SES164/SA164S24	SES226	0.0698541	-1.35849	-1.42834
BLOCK16/SES164/SA164S27	SES087	-2.15202	-3.82614	-1.67412
BLOCK16/SES164/SA164S27	SES125	-1.58704	-3.26115	-1.67412
BLOCK16/SES164/SA164S27	SES206	-2.07804	-3.75216	-1.67412
BLOCK16/SES164/SA164S27	SES226	-0.477364	-2.15148	-1.67412
BLOCK16/SES164/SA164S29	SES002	-0.651259	-2.50317	-1.85191
BLOCK16/SES164/SA164S29	SES019	-1.52641	-3.37832	-1.85191
BLOCK16/SES164/SA164S29	SES125	-1.71759	-3.5695	-1.85191
BLOCK16/SES164/SA164S29	SES226	-0.580778	-2.43269	-1.85191
BLOCK16/SES169/SA169S13	SES117	-1.19916	-1.68109	-0.481929
BLOCK16/SES169/SA169S13	SES144	-0.628542	-1.11047	-0.481929
BLOCK16/SES169/SA169S13	SES146	-1.0276	-1.50953	-0.481929
BLOCK16/SES169/SA169S13	SES162	-0.927489	-1.40942	-0.481929
BLOCK16/SES169/SA169S14	SES144	-1.38935	-1.4269	-0.0375537
BLOCK16/SES169/SA169S14	SES148	-1.02361	-1.06117	-0.0375537
BLOCK16/SES169/SA169S14	SES177	-0.330407	-0.367961	-0.0375537
BLOCK16/SES169/SA169S14	SES180	-1.53491	-1.57247	-0.0375537
BLOCK16/SES169/SA169S24	SES117	-1.20824	-2.59693	-1.38869
BLOCK16/SES169/SA169S24	SES144	-0.985202	-2.37389	-1.38869
BLOCK16/SES169/SA169S24	SES146	-1.02403	-2.41272	-1.38869
BLOCK16/SES169/SA169S24	SES162	-1.75752	-3.14621	-1.38869
BLOCK16/SES169/SA169S27	SES127	-0.89919	-1.69159	-0.792401
BLOCK16/SES169/SA169S27	SES129	-1.1321	-1.9245	-0.792401
BLOCK16/SES169/SA169S27	SES144	-1.15397	-1.94637	-0.792401
BLOCK16/SES169/SA169S27	SES146	-0.310151	-1.10255	-0.792401
BLOCK16/SES169/SA169S29	SES144	-0.431508	-0.537372	-0.105864
BLOCK16/SES169/SA169S29	SES162	-0.74146	-0.847324	-0.105864
BLOCK16/SES169/SA169S29	SES177	-1.12876	-1.23462	-0.105864
BLOCK16/SES169/SA169S29	SES180	-0.955038	-1.0609	-0.105864
BLOCK17/SES171/SA171S12	SES083	-1.47575	-3.16102	-1.68527
BLOCK17/SES171/SA171S12	SES148	-1.91624	-3.60151	-1.68527
BLOCK17/SES171/SA171S12	SES172	-1.37168	-3.05695	-1.68527
BLOCK17/SES171/SA171S12	SES292	-3.55907	-5.24434	-1.68527
BLOCK17/SES171/SA171S15	SES148	-1.5182	-2.74781	-1.22961
BLOCK17/SES171/SA171S15	SES177	-1.57229	-2.8019	-1.22961
BLOCK17/SES171/SA171S15	SES180	-2.80759	-4.0372	-1.22961
BLOCK17/SES171/SA171S15	SES292	-2.26332	-3.49293	-1.22961
BLOCK17/SES171/SA171S22	SES007	-1.42079	-1.87732	-0.456537
BLOCK17/SES171/SA171S22	SES148	-1.50796	-1.9645	-0.456537
BLOCK17/SES171/SA171S22	SES177	-0.867809	-1.32435	-0.456537
BLOCK17/SES171/SA171S22	SES180	-2.72936	-3.1859	-0.456537
BLOCK17/SES171/SA171S25	SES101	-1.12788	-1.99712	-0.86924
BLOCK17/SES171/SA171S25	SES120	-2.30853	-3.17777	-0.86924
BLOCK17/SES171/SA171S25	SES177	-1.07346	-1.9427	-0.86924
BLOCK17/SES171/SA171S25	SES180	-2.10256	-2.9718	-0.86924
BLOCK17/SES171/SA171S27	SES177	-0.909522	-1.90383	-0.99431
BLOCK17/SES171/SA171S27	SES180	-2.27963	-3.27394	-0.99431
BLOCK17/SES171/SA171S27	SES189	-0.254433	-1.24874	-0.99431
BLOCK17/SES171/SA171S27	SES292	-2.26104	-3.25535	-0.99431
BLOCK17/SES173/SA173S13	SES162	-3.62292	-4.31439	-0.691474
BLOCK17/SES173/SA173S13	SES177	-1.74099	-2.43247	-0.691474
BLOCK17/SES173/SA173S13	SES180	-3.46848	-4.15995	-0.691474
BLOCK17/SES173/SA173S13	SES292	-0.56265	-1.25412	-0.691474
BLOCK17/SES173/SA173S14	SES007	-1.29041	-2.05509	-0.764679
BLOCK17/SES173/SA173S14	SES162	-3.06943	-3.83411	-0.764679
BLOCK17/SES173/SA173S14	SES177	-1.68004	-2.44472	-0.764679
BLOCK17/SES173/SA173S14	SES180	-3.34205	-4.10673	-0.764679
BLOCK17/SES173/SA173S24	SES144	-2.09263	-2.94728	-0.854657
BLOCK17/SES173/SA173S24	SES162	-2.59568	-3.45034	-0.854657
BLOCK17/SES173/SA173S24	SES177	-1.04339	-1.89804	-0.854657
BLOCK17/SES173/SA173S24	SES180	-3.60131	-4.45596	-0.854657
BLOCK17/SES173/SA173S27	SES162	-3.42758	-3.67144	-0.243868
BLOCK17/SES173/SA173S27	SES177	-1.92257	-2.16644	-0.243868
BLOCK17/SES173/SA173S27	SES180	-2.3654	-2.60927	-0.243868
BLOCK17/SES173/SA173S27	SES292	-0.936107	-1.17997	-0.243868
BLOCK17/SES173/SA173S29	SES162	-2.16998	-2.97787	-0.807888
BLOCK17/SES173/SA173S29	SES175	-1.00932	-1.81721	-0.807888
BLOCK17/SES173/SA173S29	SES177	-0.59977	-1.40766	-0.807888
BLOCK17/SES173/SA173S29	SES292	-1.82325	-2.63114	-0.807888
BLOCK18/SES182/SA182S10	SES144	-1.29261	-2.47064	-1.17803
BLOCK18/SES182/SA182S10	SES177	-1.40651	-2.58454	-1.17803
BLOCK18/SES182/SA182S10	SES180	-2.19302	-3.37106	-1.17803
BLOCK18/SES182/SA182S10	SES275	-0.341874	-1.51991	-1.17803
BLOCK18/SES182/SA182S12	SES144	-0.353217	-0.548996	-0.195778
BLOCK18/SES182/SA182S12	SES177	-0.98525	-1.18103	-0.195778
BLOCK18/SES182/SA182S12	SES180	-1.25407	-1.44985	-0.195778
BLOCK18/SES182/SA182S12	SES275	-0.344191	-0.53997	-0.195778
BLOCK18/SES182/SA182S21	SES117	-1.73362	-3.03822	-1.30459
BLOCK18/SES182/SA182S21	SES144	-0.749694	-2.05429	-1.30459
BLOCK18/SES182/SA182S21	SES162	-1.02232	-2.32691	-1.30459
BLOCK18/SES182/SA182S21	SES180	-2.6017	-3.90629	-1.30459
BLOCK18/SES182/SA182S23	SES117	-1.41539	-2.72354	-1.30815
BLOCK18/SES182/SA182S23	SES144	-1.00213	-2.31027	-1.30815
BLOCK18/SES182/SA182S23	SES180	-2.84714	-4.15529	-1.30815
BLOCK18/SES182/SA182S23	SES275	-0.155604	-1.46375	-1.30815
BLOCK18/SES182/SA182S25	SES007	-0.540563	-2.03466	-1.4941
BLOCK18/SES182/SA182S25	SES162	-0.964962	-2.45906	-1.4941
BLOCK18/SES182/SA182S25	SES177	-1.05406	-2.54816	-1.4941
BLOCK18/SES182/SA182S25	SES180	-2.80553	-4.29962	-1.4941
BLOCK18/SES184/SA184S12	SES177	-2.26348	-2.99628	-0.732803
BLOCK18/SES184/SA184S12	SES180	-1.81078	-2.54358	-0.732803
BLOCK18/SES184/SA184S12	SES189	-1.89842	-2.63122	-0.732803
BLOCK18/SES184/SA184S12	SES292	-1.19665	-1.92946	-0.732803
BLOCK18/SES184/SA184S13	SES101	-1.17985	-1.79216	-0.612304
BLOCK18/SES184/SA184S13	SES177	-1.42787	-2.04017	-0.612304
BLOCK18/SES184/SA184S13	SES180	-1.70296	-2.31527	-0.612304
BLOCK18/SES184/SA184S13	SES292	-1.74008	-2.35238	-0.612304
BLOCK18/SES184/SA184S22	SES177	-1.80223	-2.2936	-0.491372
BLOCK18/SES184/SA184S22	SES180	-1.1854	-1.67677	-0.491372
BLOCK18/SES184/SA184S22	SES189	-1.50483	-1.9962	-0.491372
BLOCK18/SES184/SA184S22	SES292	-1.86562	-2.35699	-0.491372
BLOCK18/SES184/SA184S25	SES101	-1.02693	-1.17555	-0.148628
BLOCK18/SES184/SA184S25	SES177	-1.31596	-1.46459	-0.148628
BLOCK18/SES184/SA184S25	SES180	-0.953105	-1.10173	-0.148628
BLOCK18/SES184/SA184S25	SES292	-1.02873	-1.17736	-0.148628
BLOCK18/SES184/SA184S27	SES083	-1.17395	-2.11888	-0.944929
BLOCK18/SES184/SA184S27	SES177	-0.948411	-1.89334	-0.944929
BLOCK18/SES184/SA184S27	SES202	-1.00463	-1.94956	-0.944929
BLOCK18/SES184/SA184S27	SES292	-0.967272	-1.9122	-0.944929
BLOCK20/SES204/SA204S12	SES062	-0.949344	-0.965582	-0.0162389
BLOCK20/SES204/SA204S12	SES083	-2.5505	-2.56674	-0.0162389
BLOCK20/SES204/SA204S12	SES206	-0.712094	-0.728333	-0.0162389
BLOCK20/SES204/SA204S12	SES226	-1.694	-1.71024	-0.0162389
BLOCK20/SES204/SA204S14	SES068	-0.513415	-0.00135617	0.512059
BLOCK20/SES204/SA204S14	SES087	-0.167487	0.344572	0.512059
BLOCK20/SES204/SA204S14	SES206	-1.2641	-0.752039	0.512059
BLOCK20/SES204/SA204S14	SES226	-2.27005	-1.75799	0.512059
BLOCK20/SES204/SA204S22	SES068	-0.530972	-0.678434	-0.147462
BLOCK20/SES204/SA204S22	SES082	-1.55408	-1.70154	-0.147462
BLOCK20/SES204/SA204S22	SES083	-2.94658	-3.09404	-0.147462
BLOCK20/SES204/SA204S22	SES206	-1.23078	-1.37825	-0.147462
BLOCK20/SES204/SA204S25	SES062	-0.941604	-0.884242	0.0573625
BLOCK20/SES204/SA204S25	SES083	-2.56434	-2.50698	0.0573625
BLOCK20/SES204/SA204S25	SES206	-0.935449	-0.878087	0.0573625
BLOCK20/SES204/SA204S25	SES226	-1.44394	-1.38657	0.0573625
BLOCK20/SES204/SA204S27	SES068	-1.00849	-1.14571	-0.137224
BLOCK20/SES204/SA204S27	SES082	-1.62253	-1.75976	-0.137224
BLOCK20/SES204/SA204S27	SES087	-0.758054	-0.895278	-0.137224
BLOCK20/SES204/SA204S27	SES206	-1.67353	-1.81076	-0.137224
BLOCK20/SES207/SA207S10	SES127	-1.78665	-2.81927	-1.03262
BLOCK20/SES207/SA207S10	SES183	-1.46035	-2.49296	-1.03262
BLOCK20/SES207/SA207S10	SES189	-1.03074	-2.06336	-1.03262
BLOCK20/SES207/SA207S10	SES292	-1.34612	-2.37874	-1.03262
BLOCK20/SES207/SA207S11	SES127	-1.89471	-3.09539	-1.20069
BLOCK20/SES207/SA207S11	SES183	-1.89845	-3.09914	-1.20069
BLOCK20/SES207/SA207S11	SES187	-1.08608	-2.28677	-1.20069
BLOCK20/SES207/SA207S11	SES292	-1.15893	-2.35961	-1.20069
BLOCK20/SES207/SA207S25	SES068	-1.53184	-2.31579	-0.783947
BLOCK20/SES207/SA207S25	SES083	-1.91567	-2.69962	-0.783947
BLOCK20/SES207/SA207S25	SES127	-1.05906	-1.84301	-0.783947
BLOCK20/SES207/SA207S25	SES187	-0.553233	-1.33718	-0.783947
BLOCK20/SES207/SA207S27	SES127	-1.73543	-2.72465	-0.989212
BLOCK20/SES207/SA207S27	SES183	-1.69699	-2.68621	-0.989212
BLOCK20/SES207/SA207S27	SES187	-0.731493	-1.72071	-0.989212
BLOCK20/SES207/SA207S27	SES292	-1.51352	-2.50273	-0.989212
BLOCK20/SES207/SA207S29	SES083	-1.67498	-2.28443	-0.609444
BLOCK20/SES207/SA207S29	SES085	-1.66035	-2.26979	-0.609444
BLOCK20/SES207/SA207S29	SES172	-0.937478	-1.54692	-0.609444
BLOCK20/SES207/SA207S29	SES189	-1.52135	-2.1308	-0.609444
BLOCK22/SES221/SA221S12	SES068	-0.454857	-0.176271	0.278586
BLOCK22/SES221/SA221S12	SES143	-2.06999	-1.79141	0.278586
BLOCK22/SES221/SA221S12	SES175	-1.50308	-1.22449	0.278586
BLOCK22/SES221/SA221S12	SES202	-1.10119	-0.822603	0.278586
BLOCK22/SES221/SA221S15	SES085	-0.920724	-0.903456	0.017268
BLOCK22/SES221/SA221S15	SES143	-2.32537	-2.30811	0.017268
BLOCK22/SES221/SA221S15	SES175	-1.29269	-1.27542	0.017268
BLOCK22/SES221/SA221S15	SES187	-1.63108	-1.61381	0.017268
BLOCK22/SES221/SA221S23	SES068	-0.0199823	-0.1436	-0.123618
BLOCK22/SES221/SA221S23	SES143	-2.1103	-2.23392	-0.123618
BLOCK22/SES221/SA221S23	SES175	-0.840744	-0.964362	-0.123618
BLOCK22/SES221/SA221S23	SES189	-1.56353	-1.68715	-0.123618
BLOCK22/SES221/SA221S27	SES085	-0.158833	-0.21735	-0.0585168
BLOCK22/SES221/SA221S27	SES143	-2.13631	-2.19483	-0.0585168
BLOCK22/SES221/SA221S27	SES175	-1.16769	-1.22621	-0.0585168
BLOCK22/SES221/SA221S27	SES189	-0.898441	-0.956957	-0.0585168
BLOCK22/SES221/SA221S29	SES085	-0.244793	0.000402368	0.245195
BLOCK22/SES221/SA221S29	SES143	-1.77613	-1.53094	0.245195
BLOCK22/SES221/SA221S29	SES175	-0.702134	-0.456939	0.245195
BLOCK22/SES221/SA221S29	SES187	-1.36509	-1.11989	0.245195
BLOCK22/SES223/SA223S11	SES143	-1.60186	-2.18848	-0.586624
BLOCK22/SES223/SA223S11	SES144	-2.3662	-2.95282	-0.586624
BLOCK22/SES223/SA223S11	SES175	-1.03061	-1.61724	-0.586624
BLOCK22/SES223/SA223S11	SES187	-2.07448	-2.6611	-0.586624
BLOCK22/SES223/SA223S13	SES068	-0.496986	-1.25767	-0.760686
BLOCK22/SES223/SA223S13	SES143	-2.37817	-3.13886	-0.760686
BLOCK22/SES223/SA223S13	SES146	-2.67652	-3.43721	-0.760686
BLOCK22/SES223/SA223S13	SES202	-2.43084	-3.19153	-0.760686
BLOCK22/SES223/SA223S22	SES143	-1.93546	-2.68259	-0.74713
BLOCK22/SES223/SA223S22	SES144	-2.60645	-3.35358	-0.74713
BLOCK22/SES223/SA223S22	SES175	-1.08331	-1.83044	-0.74713
BLOCK22/SES223/SA223S22	SES187	-1.62093	-2.36806	-0.74713
BLOCK22/SES223/SA223S25	SES068	-1.09416	-1.514	-0.419838
BLOCK22/SES223/SA223S25	SES143	-2.1124	-2.53224	-0.419838
BLOCK22/SES223/SA223S25	SES175	-1.13365	-1.55349	-0.419838
BLOCK22/SES223/SA223S25	SES187	-1.78936	-2.2092	-0.419838
BLOCK22/SES223/SA223S27	SES143	-1.17483	-2.3407	-1.16587
BLOCK22/SES223/SA223S27	SES146	-1.72573	-2.8916	-1.16587
BLOCK22/SES223/SA223S27	SES187	-1.95166	-3.11753	-1.16587
BLOCK22/SES223/SA223S27	SES292	-0.276735	-1.4426	-1.16587
BLOCK27/SES273/SA273S12	SES099	-0.462054	-0.825486	-0.363432
BLOCK27/SES273/SA273S12	SES104	-0.900502	-1.26393	-0.363432
BLOCK27/SES273/SA273S12	SES125	-1.81391	-2.17734	-0.363432
BLOCK27/SES273/SA273S12	SES206	-1.3602	-1.72363	-0.363432
BLOCK27/SES273/SA273S13	SES099	-0.707963	-1.19344	-0.485478
BLOCK27/SES273/SA273S13	SES104	-1.31259	-1.79806	-0.485478
BLOCK27/SES273/SA273S13	SES206	-1.68245	-2.16792	-0.485478
BLOCK27/SES273/SA273S13	SES292	-1.41383	-1.8993	-0.485478
BLOCK27/SES273/SA273S21	SES099	-0.390803	-1.1214	-0.730593
BLOCK27/SES273/SA273S21	SES148	-2.35958	-3.09017	-0.730593
BLOCK27/SES273/SA273S21	SES149	-1.85531	-2.5859	-0.730593
BLOCK27/SES273/SA273S21	SES177	-1.88797	-2.61856	-0.730593
BLOCK27/SES273/SA273S25	SES104	-1.10541	-2.12199	-1.01658
BLOCK27/SES273/SA273S25	SES125	-2.02945	-3.04604	-1.01658
BLOCK27/SES273/SA273S25	SES158	-0.358681	-1.37526	-1.01658
BLOCK27/SES273/SA273S25	SES206	-1.25177	-2.26835	-1.01658
BLOCK27/SES273/SA273S27	SES099	-0.627537	-0.946728	-0.319191
BLOCK27/SES273/SA273S27	SES104	-0.96766	-1.28685	-0.319191
BLOCK27/SES273/SA273S27	SES149	-1.27419	-1.59338	-0.319191
BLOCK27/SES273/SA273S27	SES275	-1.50955	-1.82875	-0.319191
BLOCK27/SES274/SA274S10	SES105	-1.84377	-1.90409	-0.0603143
BLOCK27/SES274/SA274S10	SES125	-1.65661	-1.71693	-0.0603143
BLOCK27/SES274/SA274S10	SES129	-0.227063	-0.287377	-0.0603143
BLOCK27/SES274/SA274S10	SES158	-3.08711	-3.14742	-0.0603143
BLOCK27/SES274/SA274S11	SES105	-1.31332	-1.07835	0.234971
BLOCK27/SES274/SA274S11	SES149	-1.40594	-1.17097	0.234971
BLOCK27/SES274/SA274S11	SES158	-1.22838	-0.993412	0.234971
BLOCK27/SES274/SA274S11	SES275	-0.607873	-0.372902	0.234971
BLOCK27/SES274/SA274S21	SES105	-1.90434	-1.77079	0.133551
BLOCK27/SES274/SA274S21	SES129	-0.690104	-0.556553	0.133551
BLOCK27/SES274/SA274S21	SES149	-1.18154	-1.04799	0.133551
BLOCK27/SES274/SA274S21	SES158	-2.88527	-2.75172	0.133551
BLOCK27/SES274/SA274S24	SES105	-1.52901	-1.49251	0.036507
BLOCK27/SES274/SA274S24	SES129	-0.583359	-0.546852	0.036507
BLOCK27/SES274/SA274S24	SES149	-2.45006	-2.41355	0.036507
BLOCK27/SES274/SA274S24	SES158	-3.90634	-3.86984	0.036507
BLOCK27/SES274/SA274S29	SES105	-1.5287	-1.86455	-0.335845
BLOCK27/SES274/SA274S29	SES106	-1.75001	-2.08586	-0.335845
BLOCK27/SES274/SA274S29	SES120	-0.959359	-1.2952	-0.335845
BLOCK27/SES274/SA274S29	SES275	-1.01093	-1.34678	-0.335845
BLOCK27/SES276/SA276S16	SES148	-1.04606	-1.12404	-0.0779774
BLOCK27/SES276/SA276S16	SES172	-0.790222	-0.8682	-0.0779774
BLOCK27/SES276/SA276S16	SES180	-2.1673	-2.24527	-0.0779774
BLOCK27/SES276/SA276S16	SES292	-1.2043	-1.28228	-0.0779774
BLOCK27/SES276/SA276S17	SES101	-1.52127	-2.18738	-0.666111
BLOCK27/SES276/SA276S17	SES177	-1.76506	-2.43117	-0.666111
BLOCK27/SES276/SA276S17	SES180	-1.82938	-2.49549	-0.666111
BLOCK27/SES276/SA276S17	SES292	-1.43032	-2.09643	-0.666111
BLOCK27/SES276/SA276S24	SES101	-0.679602	-0.919614	-0.240012
BLOCK27/SES276/SA276S24	SES177	-0.841755	-1.08177	-0.240012
BLOCK27/SES276/SA276S24	SES180	-2.27711	-2.51712	-0.240012
BLOCK27/SES276/SA276S24	SES292	-1.88016	-2.12017	-0.240012
BLOCK27/SES276/SA276S26	SES101	-1.76581	-1.84277	-0.0769607
BLOCK27/SES276/SA276S26	SES177	-0.862545	-0.939505	-0.0769607
BLOCK27/SES276/SA276S26	SES180	-0.66023	-0.73719	-0.0769607
BLOCK27/SES276/SA276S26	SES292	-0.53299	-0.609951	-0.0769607
BLOCK27/SES276/SA276S28	SES101	-0.604801	-0.628315	-0.023514
BLOCK27/SES276/SA276S28	SES177	-1.54803	-1.57155	-0.023514
BLOCK27/SES276/SA276S28	SES180	-0.208766	-0.23228	-0.023514
BLOCK27/SES276/SA276S28	SES292	-0.851427	-0.874941	-0.023514
BLOCK27/SES277/SA277S12	SES101	-0.834663	-2.26074	-1.42608
BLOCK27/SES277/SA277S12	SES177	-1.83467	-3.26075	-1.42608
BLOCK27/SES277/SA277S12	SES180	-2.36302	-3.78909	-1.42608
BLOCK27/SES277/SA277S12	SES292	-2.60127	-4.02735	-1.42608
BLOCK27/SES277/SA277S14	SES177	-1.19593	-3.11768	-1.92175
BLOCK27/SES277/SA277S14	SES180	-2.56976	-4.49151	-1.92175
BLOCK27/SES277/SA277S14	SES189	-0.551145	-2.4729	-1.92175
BLOCK27/SES277/SA277S14	SES292	-2.67221	-4.59396	-1.92175
BLOCK27/SES277/SA277S21	SES177	-0.430635	-1.58387	-1.15323
BLOCK27/SES277/SA277S21	SES180	-1.86412	-3.01735	-1.15323
BLOCK27/SES277/SA277S21	SES189	0.0330515	-1.12018	-1.15323
BLOCK27/SES277/SA277S21	SES292	-2.55222	-3.70545	-1.15323
BLOCK27/SES277/SA277S24	SES144	-1.61329	-3.68657	-2.07328
BLOCK27/SES277/SA277S24	SES177	-1.49173	-3.56501	-2.07328
BLOCK27/SES277/SA277S24	SES180	-3.13895	-5.21223	-2.07328
BLOCK27/SES277/SA277S24	SES189	-0.13501	-2.20829	-2.07328
BLOCK27/SES277/SA277S29	SES177	-1.36357	-1.67507	-0.311508
BLOCK27/SES277/SA277S29	SES180	-2.21183	-2.52334	-0.311508
BLOCK27/SES277/SA277S29	SES202	-1.44825	-1.75976	-0.311508
BLOCK27/SES277/SA277S29	SES292	-2.14568	-2.45719	-0.311508
BLOCK27/SES279/SA279S09	SES120	-1.54975	-2.36083	-0.811084
BLOCK27/SES279/SA279S09	SES146	-2.08328	-2.89437	-0.811084
BLOCK27/SES279/SA279S09	SES206	-1.60942	-2.42051	-0.811084
BLOCK27/SES279/SA279S09	SES226	-2.10772	-2.9188	-0.811084
BLOCK27/SES279/SA279S10	SES099	-0.818245	-1.52069	-0.70244
BLOCK27/SES279/SA279S10	SES206	-1.62487	-2.32731	-0.70244
BLOCK27/SES279/SA279S10	SES226	-2.03308	-2.73552	-0.70244
BLOCK27/SES279/SA279S10	SES292	-0.845492	-1.54793	-0.70244
BLOCK27/SES279/SA279S20	SES099	-1.66773	-2.54409	-0.876361
BLOCK27/SES279/SA279S20	SES206	-0.840405	-1.71677	-0.876361
BLOCK27/SES279/SA279S20	SES226	-2.08822	-2.96458	-0.876361
BLOCK27/SES279/SA279S20	SES292	-0.477894	-1.35426	-0.876361
BLOCK27/SES279/SA279S26	SES099	-1.68809	-2.36332	-0.675227
BLOCK27/SES279/SA279S26	SES206	-0.937735	-1.61296	-0.675227
BLOCK27/SES279/SA279S26	SES226	-1.69373	-2.36895	-0.675227
BLOCK27/SES279/SA279S26	SES292	-0.458599	-1.13383	-0.675227
BLOCK27/SES279/SA279S28	SES099	-1.06764	-0.704324	0.363318
BLOCK27/SES279/SA279S28	SES120	-0.858966	-0.495648	0.363318
BLOCK27/SES279/SA279S28	SES177	-1.62265	-1.25934	0.363318
BLOCK27/SES279/SA279S28	SES206	-1.03855	-0.675235	0.363318
BLOCK29/SES290/SA290S12	SES162	-0.738401	-0.184759	0.553642
BLOCK29/SES290/SA290S12	SES177	-0.759705	-0.206063	0.553642
BLOCK29/SES290/SA290S12	SES180	-1.86457	-1.31093	0.553642
BLOCK29/SES290/SA290S12	SES292	-1.82121	-1.26757	0.553642
BLOCK29/SES290/SA290S13	SES007	-0.34095	-0.186658	0.154292
BLOCK29/SES290/SA290S13	SES162	-1.85569	-1.7014	0.154292
BLOCK29/SES290/SA290S13	SES177	-0.843218	-0.688925	0.154292
BLOCK29/SES290/SA290S13	SES180	-1.15682	-1.00252	0.154292
BLOCK29/SES290/SA290S22	SES177	-0.854332	-0.965886	-0.111554
BLOCK29/SES290/SA290S22	SES180	-1.06612	-1.17767	-0.111554
BLOCK29/SES290/SA290S22	SES202	-1.03399	-1.14555	-0.111554
BLOCK29/SES290/SA290S22	SES292	-1.19005	-1.30161	-0.111554
BLOCK29/SES290/SA290S25	SES162	-0.834845	-0.66287	0.171975
BLOCK29/SES290/SA290S25	SES177	-1.01738	-0.845403	0.171975
BLOCK29/SES290/SA290S25	SES180	-1.11215	-0.940173	0.171975
BLOCK29/SES290/SA290S25	SES292	-0.86113	-0.689155	0.171975
BLOCK29/SES290/SA290S29	SES177	-0.620026	-0.911074	-0.291049
BLOCK29/SES290/SA290S29	SES180	-1.00229	-1.29334	-0.291049
BLOCK29/SES290/SA290S29	SES275	-0.812669	-1.10372	-0.291049
BLOCK29/SES290/SA290S29	SES292	-0.8033	-1.09435	-0.291049
BLOCK29/SES291/SA291S11	SES105	-2.31926	-3.73296	-1.4137
BLOCK29/SES291/SA291S11	SES125	-1.31426	-2.72796	-1.4137
BLOCK29/SES291/SA291S11	SES158	-1.04418	-2.45788	-1.4137
BLOCK29/SES291/SA291S11	SES275	-2.11691	-3.53061	-1.4137
BLOCK29/SES291/SA291S12	SES158	0.131861	-0.563788	-0.695649
BLOCK29/SES291/SA291S12	SES226	-1.25533	-1.95097	-0.695649
BLOCK29/SES291/SA291S12	SES270	-0.00489277	-0.700541	-0.695649
BLOCK29/SES291/SA291S12	SES275	-3.05557	-3.75121	-0.695649
BLOCK29/SES291/SA291S22	SES082	-1.69786	-2.59948	-0.901622
BLOCK29/SES291/SA291S22	SES158	-1.48737	-2.38899	-0.901622
BLOCK29/SES291/SA291S22	SES259	-1.78043	-2.68205	-0.901622
BLOCK29/SES291/SA291S22	SES275	-2.08272	-2.98434	-0.901622
BLOCK29/SES291/SA291S24	SES104	-0.174331	-0.459513	-0.285182
BLOCK29/SES291/SA291S24	SES125	-0.879426	-1.16461	-0.285182
BLOCK29/SES291/SA291S24	SES158	-0.415654	-0.700836	-0.285182
BLOCK29/SES291/SA291S24	SES275	-2.22058	-2.50576	-0.285182
BLOCK29/SES291/SA291S27	SES158	-0.22695	-0.556063	-0.329113
BLOCK29/SES291/SA291S27	SES172	-2.82927	-3.15838	-0.329113
BLOCK29/SES291/SA291S27	SES275	-2.61627	-2.94539	-0.329113
BLOCK29/SES291/SA291S27	SES292	-1.04837	-1.37748	-0.329113
Threshold search:
THR	-4.06186699032	9	0(0)	1(1000)
THR	-3.9919637204168	8.982	0(0)	0.998(998)
THR	-3.9220604505136	8.982	0(0)	0.998(998)
THR	-3.8521571806104	8.973	0(0)	0.997(997)
THR	-3.7822539107072	8.964	0(0)	0.996(996)
THR	-3.712350640804	8.964	0(0)	0.996(996)
THR	-3.6424473709008	8.964	0(0)	0.996(996)
THR	-3.5725441009976	8.946	0(0)	0.994(994)
THR	-3.5026408310944	8.937	0(0)	0.993(993)
THR	-3.4327375611912	8.919	0(0)	0.991(991)
THR	-3.362834291288	8.901	0(0)	0.989(989)
THR	-3.2929310213848	8.874	0(0)	0.986(986)
THR	-3.2230277514816	8.874	0(0)	0.986(986)
THR	-3.1531244815784	8.865	0(0)	0.985(985)
THR	-3.0832212116752	8.829	0(0)	0.981(981)
THR	-3.013317941772	8.775	0(0)	0.975(975)
THR	-2.9434146718688	8.766	0(0)	0.974(974)
THR	-2.8735114019656	8.73	0(0)	0.97(970)
THR	-2.8036081320624	8.676	0(0)	0.964(964)
THR	-2.7337048621592	8.622	0(0)	0.958(958)
THR	-2.663801592256	8.541	0(0)	0.949(949)
THR	-2.5938983223528	8.442	0(0)	0.938(938)
THR	-2.5239950524496	8.352	0(0)	0.928(928)
THR	-2.4540917825464	8.289	0(0)	0.921(921)
THR	-2.3841885126432	8.244	0(0)	0.916(916)
THR	-2.31428524274	8.064	0(0)	0.896(896)
THR	-2.2443819728368	7.902	0(0)	0.878(878)
THR	-2.1744787029336	7.776	0(0)	0.864(864)
THR	-2.1045754330304	7.578	0(0)	0.842(842)
THR	-2.03467216312721	7.353	0(0)	0.817(817)
THR	-1.96476889322401	7.155	0(0)	0.795(795)
THR	-1.8948656233208	6.885	0(0)	0.765(765)
THR	-1.8249623534176	6.579	0(0)	0.731(731)
THR	-1.7550590835144	6.237	0(0)	0.693(693)
THR	-1.6851558136112	5.949	0(0)	0.661(661)
THR	-1.615252543708	5.688	0(0)	0.632(632)
THR	-1.5453492738048	5.337	0(0)	0.593(593)
THR	-1.4754460039016	4.977	0(0)	0.553(553)
THR	-1.4055427339984	4.68	0(0)	0.52(520)
THR	-1.3356394640952	4.41	0(0)	0.49(490)
THR	-1.265736194192	4.131	0(0)	0.459(459)
THR	-1.1958329242888	3.789	0(0)	0.421(421)
THR	-1.1259296543856	3.366	0(0)	0.374(374)
THR	-1.0560263844824	2.997	0(0)	0.333(333)
THR	-0.986123114579204	2.592	0(0)	0.288(288)
THR	-0.916219844676004	2.232	0(0)	0.248(248)
THR	-0.846316574772804	1.971	0(0)	0.219(219)
THR	-0.776413304869604	1.683	0(0)	0.187(187)
THR	-0.706510034966404	1.476	0(0)	0.164(164)
THR	-0.636606765063204	1.269	0(0)	0.141(141)
THR	-0.566703495160004	1.066	0.004(1)	0.118(118)
THR	-0.496800225256804	0.908	0.008(2)	0.1(100)
THR	-0.426896955353604	0.759	0.012(3)	0.083(83)
THR	-0.356993685450404	0.578	0.02(5)	0.062(62)
THR	-0.287090415547204	0.455	0.032(8)	0.047(47)
THR	-0.217187145644004	0.386	0.044(11)	0.038(38)
THR	-0.147283875740804	0.284	0.068(17)	0.024(24)
THR	-0.0773806058376038	0.247	0.076(19)	0.019(19)
THR	-0.00747733593440381	0.201	0.084(21)	0.013(13)
THR	0.0624259339687962	0.204	0.132(33)	0.008(8)
THR	0.132329203871996	0.2	0.164(41)	0.004(4)
THR	0.202232473775196	0.223	0.196(49)	0.003(3)
THR	0.272135743678396	0.262	0.244(61)	0.002(2)
THR	0.342039013581596	0.322	0.304(76)	0.002(2)
THR	0.411942283484796	0.373	0.364(91)	0.001(1)
THR	0.481845553387996	0.4	0.4(100)	0(0)
THR	0.551748823291196	0.444	0.444(111)	0(0)
THR	0.621652093194396	0.508	0.508(127)	0(0)
THR	0.691555363097596	0.588	0.588(147)	0(0)
THR	0.761458633000796	0.632	0.632(158)	0(0)
THR	0.831361902903996	0.696	0.696(174)	0(0)
THR	0.901265172807197	0.732	0.732(183)	0(0)
THR	0.971168442710397	0.772	0.772(193)	0(0)
THR	1.0410717126136	0.812	0.812(203)	0(0)
THR	1.1109749825168	0.856	0.856(214)	0(0)
THR	1.18087825242	0.864	0.864(216)	0(0)
THR	1.2507815223232	0.892	0.892(223)	0(0)
THR	1.3206847922264	0.912	0.912(228)	0(0)
THR	1.3905880621296	0.928	0.928(232)	0(0)
THR	1.4604913320328	0.944	0.944(236)	0(0)
THR	1.530394601936	0.952	0.952(238)	0(0)
THR	1.6002978718392	0.956	0.956(239)	0(0)
THR	1.6702011417424	0.96	0.96(240)	0(0)
THR	1.7401044116456	0.96	0.96(240)	0(0)
THR	1.8100076815488	0.972	0.972(243)	0(0)
THR	1.879910951452	0.976	0.976(244)	0(0)
THR	1.9498142213552	0.976	0.976(244)	0(0)
THR	2.0197174912584	0.98	0.98(245)	0(0)
THR	2.0896207611616	0.984	0.984(246)	0(0)
THR	2.1595240310648	0.992	0.992(248)	0(0)
THR	2.229427300968	0.992	0.992(248)	0(0)
THR	2.2993305708712	0.996	0.996(249)	0(0)
THR	2.3692338407744	0.996	0.996(249)	0(0)
THR	2.4391371106776	0.996	0.996(249)	0(0)
THR	2.5090403805808	0.996	0.996(249)	0(0)
THR	2.578943650484	0.996	0.996(249)	0(0)
THR	2.6488469203872	0.996	0.996(249)	0(0)
THR	2.7187501902904	0.996	0.996(249)	0(0)
THR	2.7886534601936	0.996	0.996(249)	0(0)
THR	2.8585567300968	0.996	0.996(249)	0(0)
THR	2.92846	0.996	0.996(249)	0(0)
THR	2.9983632699032	1	1(250)	0(0)


==============================================
THR: 0.132329203871996
Missed:     41/250=0.1640
FalseAlarm: 4/1000=0.0040
----------------------------------------------
==> CostDetection: 20.0
==============================================
