BLOCK00/SES002/SA002S12	SES002	0.198561	-28.2795	-28.478
BLOCK00/SES002/SA002S13	SES002	0.321541	-28.0267	-28.3482
BLOCK00/SES002/SA002S23	SES002	0.16049	-28.3967	-28.5572
BLOCK00/SES002/SA002S26	SES002	0.203175	-28.2705	-28.4737
BLOCK00/SES002/SA002S28	SES002	0.300737	-27.9218	-28.2225
BLOCK00/SES007/SA007S14	SES007	0.246429	-27.5898	-27.8362
BLOCK00/SES007/SA007S15	SES007	-0.0367432	-27.9676	-27.9309
BLOCK00/SES007/SA007S24	SES007	0.140636	-27.6571	-27.7978
BLOCK00/SES007/SA007S27	SES007	0.0490322	-28.5643	-28.6133
BLOCK00/SES007/SA007S29	SES007	0.0633659	-27.2098	-27.2731
BLOCK00/SES008/SA008S11	SES008	0.208151	-28.3283	-28.5364
BLOCK00/SES008/SA008S12	SES008	0.250986	-28.0505	-28.3015
BLOCK00/SES008/SA008S19	SES008	0.245712	-27.6741	-27.9198
BLOCK00/SES008/SA008S22	SES008	-0.00729179	-28.5374	-28.5301
BLOCK00/SES008/SA008S29	SES008	0.559664	-27.6213	-28.181
BLOCK01/SES014/SA014S10	SES014	0.593493	-27.8224	-28.4159
BLOCK01/SES014/SA014S12	SES014	0.568541	-27.4597	-28.0282
BLOCK01/SES014/SA014S24	SES014	0.273283	-27.8821	-28.1554
BLOCK01/SES014/SA014S26	SES014	0.362762	-27.1745	-27.5372
BLOCK01/SES014/SA014S28	SES014	0.490868	-27.6209	-28.1118
BLOCK01/SES016/SA016S12	SES016	-0.129665	-29.0485	-28.9189
BLOCK01/SES016/SA016S13	SES016	0.426867	-28.1595	-28.5864
BLOCK01/SES016/SA016S22	SES016	0.122921	-28.1513	-28.2742
BLOCK01/SES016/SA016S25	SES016	0.147865	-27.847	-27.9949
BLOCK01/SES016/SA016S27	SES016	0.45966	-27.628	-28.0877
BLOCK01/SES019/SA019S13	SES019	1.06925	-29.1281	-30.1973
BLOCK01/SES019/SA019S14	SES019	0.528652	-28.9339	-29.4625
BLOCK01/SES019/SA019S22	SES019	0.558331	-28.5793	-29.1376
BLOCK01/SES019/SA019S25	SES019	0.535341	-29.115	-29.6504
BLOCK01/SES019/SA019S29	SES019	1.48255	-29.1648	-30.6474
BLOCK02/SES029/SA029S11	SES029	0.184435	-28.0169	-28.2013
BLOCK02/SES029/SA029S12	SES029	0.0571499	-27.913	-27.9702
BLOCK02/SES029/SA029S20	SES029	0.0246944	-28.6576	-28.6823
BLOCK02/SES029/SA029S25	SES029	0.00773621	-28.0817	-28.0894
BLOCK02/SES029/SA029S28	SES029	0.00587082	-28.5766	-28.5825
BLOCK04/SES042/SA042S12	SES042	0.614948	-27.6903	-28.3052
BLOCK04/SES042/SA042S15	SES042	0.488554	-27.4806	-27.9692
BLOCK04/SES042/SA042S22	SES042	1.25315	-27.2189	-28.4721
BLOCK04/SES042/SA042S25	SES042	0.577797	-28.2015	-28.7793
BLOCK04/SES042/SA042S27	SES042	0.455904	-27.6801	-28.1361
BLOCK04/SES048/SA048S11	SES048	0.192034	-27.6835	-27.8756
BLOCK04/SES048/SA048S12	SES048	-0.118641	-28.0544	-27.9357
BLOCK04/SES048/SA048S20	SES048	-0.0375309	-27.6536	-27.6161
BLOCK04/SES048/SA048S23	SES048	0.260782	-28.2386	-28.4993
BLOCK04/SES048/SA048S27	SES048	0.0413284	-27.396	-27.4373
BLOCK06/SES060/SA060S11	SES060	0.485352	-27.5753	-28.0607
BLOCK06/SES060/SA060S12	SES060	0.336273	-27.9803	-28.3166
BLOCK06/SES060/SA060S22	SES060	-0.33696	-28.7945	-28.4576
BLOCK06/SES060/SA060S24	SES060	0.218956	-27.9325	-28.1514
BLOCK06/SES060/SA060S28	SES060	0.439579	-26.8747	-27.3142
BLOCK06/SES062/SA062S10	SES062	0.0130386	-27.3809	-27.394
BLOCK06/SES062/SA062S11	SES062	0.323864	-27.2675	-27.5914
BLOCK06/SES062/SA062S21	SES062	0.526257	-26.7334	-27.2597
BLOCK06/SES062/SA062S26	SES062	0.245071	-27.2099	-27.455
BLOCK06/SES062/SA062S29	SES062	0.245491	-27.2878	-27.5333
BLOCK06/SES068/SA068S14	SES068	0.0155945	-28.0279	-28.0435
BLOCK06/SES068/SA068S15	SES068	0.051424	-27.6154	-27.6668
BLOCK06/SES068/SA068S23	SES068	0.122454	-28.4203	-28.5427
BLOCK06/SES068/SA068S27	SES068	0.527037	-27.8847	-28.4117
BLOCK06/SES068/SA068S29	SES068	0.374569	-27.7123	-28.0868
BLOCK08/SES082/SA082S12	SES082	0.195999	-28.2659	-28.4619
BLOCK08/SES082/SA082S14	SES082	0.0851994	-28.5425	-28.6277
BLOCK08/SES082/SA082S21	SES082	0.134186	-28.362	-28.4962
BLOCK08/SES082/SA082S24	SES082	-0.0151367	-28.8831	-28.868
BLOCK08/SES082/SA082S28	SES082	0.19256	-28.4819	-28.6745
BLOCK08/SES083/SA083S14	SES083	-0.227638	-27.6702	-27.4426
BLOCK08/SES083/SA083S15	SES083	0.0571785	-27.7751	-27.8323
BLOCK08/SES083/SA083S24	SES083	-0.144077	-28.1492	-28.0051
BLOCK08/SES083/SA083S26	SES083	0.0139065	-27.747	-27.7609
BLOCK08/SES083/SA083S29	SES083	-0.259996	-28.1096	-27.8496
BLOCK08/SES085/SA085S10	SES085	0.0678806	-28.2166	-28.2844
BLOCK08/SES085/SA085S13	SES085	-0.216539	-28.2163	-27.9998
BLOCK08/SES085/SA085S22	SES085	-0.310183	-28.7401	-28.4299
BLOCK08/SES085/SA085S26	SES085	0.0791664	-28.1228	-28.2019
BLOCK08/SES085/SA085S28	SES085	0.0948219	-27.925	-28.0198
BLOCK08/SES087/SA087S15	SES087	-0.00494957	-28.3398	-28.3348
BLOCK08/SES087/SA087S16	SES087	-0.120722	-28.8132	-28.6925
BLOCK08/SES087/SA087S24	SES087	-0.129305	-28.3	-28.1707
BLOCK08/SES087/SA087S26	SES087	0.0545807	-27.7682	-27.8228
BLOCK08/SES087/SA087S29	SES087	0.039011	-28.3831	-28.4221
BLOCK09/SES099/SA099S15	SES099	0.146217	-28.7556	-28.9018
BLOCK09/SES099/SA099S16	SES099	0.0851593	-28.9328	-29.0179
BLOCK09/SES099/SA099S24	SES099	0.023016	-28.344	-28.367
BLOCK09/SES099/SA099S26	SES099	0.20903	-28.6778	-28.8868
BLOCK09/SES099/SA099S29	SES099	0.158968	-28.5774	-28.7363
BLOCK10/SES101/SA101S11	SES101	0.0764046	-27.6863	-27.7627
BLOCK10/SES101/SA101S13	SES101	0.372589	-27.4198	-27.7924
BLOCK10/SES101/SA101S22	SES101	0.159328	-27.9248	-28.0842
BLOCK10/SES101/SA101S24	SES101	0.261627	-27.4681	-27.7297
BLOCK10/SES101/SA101S28	SES101	-0.0571175	-28.2532	-28.1961
BLOCK10/SES104/SA104S11	SES104	0.388594	-27.3515	-27.7401
BLOCK10/SES104/SA104S12	SES104	0.426786	-27.6888	-28.1156
BLOCK10/SES104/SA104S21	SES104	0.50704	-27.9607	-28.4678
BLOCK10/SES104/SA104S24	SES104	0.219893	-28.3033	-28.5232
BLOCK10/SES104/SA104S28	SES104	0.560499	-27.8233	-28.3838
BLOCK10/SES105/SA105S12	SES105	0.110317	-28.5416	-28.6519
BLOCK10/SES105/SA105S13	SES105	-0.0670376	-28.4153	-28.3482
BLOCK10/SES105/SA105S22	SES105	0.0184212	-28.6951	-28.7135
BLOCK10/SES105/SA105S26	SES105	0.203516	-28.3531	-28.5566
BLOCK10/SES105/SA105S29	SES105	-0.0114613	-28.2787	-28.2672
BLOCK10/SES106/SA106S09	SES106	0.209408	-28.4132	-28.6226
BLOCK10/SES106/SA106S11	SES106	0.127146	-28.0916	-28.2188
BLOCK10/SES106/SA106S22	SES106	0.693132	-28.5037	-29.1968
BLOCK10/SES106/SA106S27	SES106	0.225859	-27.8732	-28.099
BLOCK10/SES106/SA106S29	SES106	0.29517	-28.0359	-28.331
BLOCK11/SES117/SA117S12	SES117	0.04949	-28.3294	-28.3789
BLOCK11/SES117/SA117S13	SES117	0.0302906	-27.8117	-27.842
BLOCK11/SES117/SA117S23	SES117	0.522787	-28.0686	-28.5914
BLOCK11/SES117/SA117S25	SES117	0.38262	-28.2522	-28.6348
BLOCK11/SES117/SA117S28	SES117	0.109331	-28.4748	-28.5841
BLOCK12/SES120/SA120S08	SES120	0.0984497	-28.5346	-28.633
BLOCK12/SES120/SA120S11	SES120	0.123348	-28.7799	-28.9033
BLOCK12/SES120/SA120S22	SES120	0.0185585	-28.5415	-28.5601
BLOCK12/SES120/SA120S24	SES120	0.179705	-28.2058	-28.3855
BLOCK12/SES120/SA120S28	SES120	0.119095	-28.8054	-28.9245
BLOCK12/SES125/SA125S13	SES125	0.206072	-27.9445	-28.1505
BLOCK12/SES125/SA125S14	SES125	0.184326	-27.9531	-28.1374
BLOCK12/SES125/SA125S25	SES125	0.603035	-27.5887	-28.1918
BLOCK12/SES125/SA125S27	SES125	0.562119	-27.1143	-27.6764
BLOCK12/SES125/SA125S29	SES125	0.296917	-27.7828	-28.0797
BLOCK12/SES127/SA127S11	SES127	0.145578	-27.0198	-27.1653
BLOCK12/SES127/SA127S12	SES127	-0.00233078	-27.4476	-27.4453
BLOCK12/SES127/SA127S23	SES127	-0.0624294	-27.758	-27.6955
BLOCK12/SES127/SA127S25	SES127	-0.380829	-28.8265	-28.4456
BLOCK12/SES127/SA127S27	SES127	0.222687	-27.568	-27.7907
BLOCK12/SES129/SA129S11	SES129	0.39658	-26.905	-27.3015
BLOCK12/SES129/SA129S12	SES129	0.362961	-26.9472	-27.3102
BLOCK12/SES129/SA129S22	SES129	0.313274	-26.9422	-27.2555
BLOCK12/SES129/SA129S27	SES129	0.114367	-27.3585	-27.4729
BLOCK12/SES129/SA129S29	SES129	0.308201	-27.2135	-27.5217
BLOCK14/SES142/SA142S11	SES142	0.659674	-28.1961	-28.8557
BLOCK14/SES142/SA142S12	SES142	0.623461	-28.1355	-28.759
BLOCK14/SES142/SA142S24	SES142	0.738836	-28.2754	-29.0142
BLOCK14/SES142/SA142S27	SES142	0.7099	-27.9746	-28.6845
BLOCK14/SES142/SA142S29	SES142	0.648136	-27.4535	-28.1016
BLOCK14/SES143/SA143S12	SES143	0.170479	-27.7819	-27.9523
BLOCK14/SES143/SA143S13	SES143	0.119232	-27.9786	-28.0978
BLOCK14/SES143/SA143S23	SES143	0.286007	-28.0633	-28.3493
BLOCK14/SES143/SA143S25	SES143	0.248888	-27.8646	-28.1135
BLOCK14/SES143/SA143S28	SES143	0.285212	-27.0915	-27.3767
BLOCK14/SES144/SA144S09	SES144	0.0917835	-27.6436	-27.7354
BLOCK14/SES144/SA144S11	SES144	0.000795364	-28.1483	-28.1491
BLOCK14/SES144/SA144S21	SES144	-0.286636	-28.3853	-28.0987
BLOCK14/SES144/SA144S25	SES144	0.176043	-27.5517	-27.7277
BLOCK14/SES144/SA144S29	SES144	-0.0120869	-28.4463	-28.4342
BLOCK14/SES146/SA146S14	SES146	0.0156994	-28.3254	-28.3411
BLOCK14/SES146/SA146S15	SES146	-0.0574951	-27.8551	-27.7977
BLOCK14/SES146/SA146S24	SES146	0.0622807	-28.0399	-28.1022
BLOCK14/SES146/SA146S26	SES146	0.169054	-27.8091	-27.9781
BLOCK14/SES146/SA146S29	SES146	0.18335	-27.9599	-28.1433
BLOCK14/SES147/SA147S11	SES147	0.266026	-27.7328	-27.9988
BLOCK14/SES147/SA147S13	SES147	0.0685024	-27.8585	-27.927
BLOCK14/SES147/SA147S23	SES147	0.0822639	-27.9796	-28.0618
BLOCK14/SES147/SA147S26	SES147	0.177641	-28.1404	-28.318
BLOCK14/SES147/SA147S28	SES147	0.247738	-27.6053	-27.853
BLOCK14/SES148/SA148S10	SES148	0.0799942	-27.7021	-27.7821
BLOCK14/SES148/SA148S12	SES148	-0.0917625	-28.2261	-28.1343
BLOCK14/SES148/SA148S22	SES148	-0.0186367	-27.3553	-27.3367
BLOCK14/SES148/SA148S26	SES148	0.039032	-27.6312	-27.6702
BLOCK14/SES148/SA148S29	SES148	-0.0737972	-28.1985	-28.1247
BLOCK14/SES149/SA149S13	SES149	-0.0231361	-28.811	-28.7878
BLOCK14/SES149/SA149S14	SES149	-0.0185432	-28.1787	-28.1602
BLOCK14/SES149/SA149S24	SES149	0.15624	-28.2027	-28.359
BLOCK14/SES149/SA149S26	SES149	0.101564	-27.5799	-27.6814
BLOCK14/SES149/SA149S28	SES149	0.59445	-27.8419	-28.4363
BLOCK15/SES158/SA158S13	SES158	0.0468235	-28.6126	-28.6594
BLOCK15/SES158/SA158S14	SES158	0.224596	-28.5933	-28.8179
BLOCK15/SES158/SA158S23	SES158	-0.0445499	-28.787	-28.7424
BLOCK15/SES158/SA158S26	SES158	0.537172	-28.9143	-29.4515
BLOCK15/SES158/SA158S28	SES158	-0.0964661	-28.6906	-28.5941
BLOCK16/SES162/SA162S10	SES162	-0.179325	-27.5975	-27.4182
BLOCK16/SES162/SA162S11	SES162	0.0954475	-27.7034	-27.7989
BLOCK16/SES162/SA162S21	SES162	0.360865	-27.636	-27.9968
BLOCK16/SES162/SA162S24	SES162	0.159157	-27.8883	-28.0475
BLOCK16/SES162/SA162S27	SES162	0.182274	-27.8867	-28.069
BLOCK16/SES167/SA167S14	SES167	0.305811	-27.0536	-27.3594
BLOCK16/SES167/SA167S15	SES167	0.124201	-27.9138	-28.038
BLOCK16/SES167/SA167S21	SES167	0.283091	-27.0514	-27.3345
BLOCK16/SES167/SA167S25	SES167	0.187134	-27.214	-27.4011
BLOCK16/SES167/SA167S29	SES167	0.598042	-26.7713	-27.3693
BLOCK17/SES172/SA172S12	SES172	0.0420094	-28.2099	-28.2519
BLOCK17/SES172/SA172S13	SES172	0.152018	-28.3047	-28.4567
BLOCK17/SES172/SA172S23	SES172	0.0828209	-27.4092	-27.492
BLOCK17/SES172/SA172S27	SES172	-0.0788307	-28.1083	-28.0295
BLOCK17/SES172/SA172S29	SES172	0.130119	-27.9773	-28.1074
BLOCK17/SES175/SA175S11	SES175	0.274595	-28.0132	-28.2878
BLOCK17/SES175/SA175S13	SES175	0.0376034	-28.1898	-28.2274
BLOCK17/SES175/SA175S23	SES175	0.365713	-27.9759	-28.3416
BLOCK17/SES175/SA175S25	SES175	0.106827	-28.6878	-28.7946
BLOCK17/SES175/SA175S28	SES175	0.271042	-27.7073	-27.9784
BLOCK17/SES177/SA177S15	SES177	-0.131874	-28.1558	-28.024
BLOCK17/SES177/SA177S17	SES177	-0.0704193	-28.3124	-28.242
BLOCK17/SES177/SA177S23	SES177	-0.266672	-28.1523	-27.8856
BLOCK17/SES177/SA177S26	SES177	0.206322	-27.5641	-27.7704
BLOCK17/SES177/SA177S28	SES177	0.0970783	-27.7902	-27.8873
BLOCK18/SES180/SA180S13	SES180	0.0639153	-27.8687	-27.9327
BLOCK18/SES180/SA180S15	SES180	0.0256691	-27.9246	-27.9503
BLOCK18/SES180/SA180S24	SES180	0.131472	-27.4665	-27.598
BLOCK18/SES180/SA180S26	SES180	0.133228	-27.8517	-27.9849
BLOCK18/SES180/SA180S29	SES180	0.064888	-27.6285	-27.6934
BLOCK18/SES183/SA183S13	SES183	-0.0456123	-28.4515	-28.4058
BLOCK18/SES183/SA183S14	SES183	0.102386	-27.8514	-27.9538
BLOCK18/SES183/SA183S24	SES183	0.106127	-28.2404	-28.3466
BLOCK18/SES183/SA183S27	SES183	0.193411	-27.8808	-28.0743
BLOCK18/SES183/SA183S29	SES183	0.205961	-27.9283	-28.1343
BLOCK18/SES187/SA187S13	SES187	0.0494976	-28.4687	-28.5182
BLOCK18/SES187/SA187S14	SES187	-0.101358	-28.4383	-28.337
BLOCK18/SES187/SA187S24	SES187	0.212458	-27.9977	-28.2101
BLOCK18/SES187/SA187S27	SES187	0.0113773	-28.3866	-28.398
BLOCK18/SES187/SA187S29	SES187	-0.159449	-28.5659	-28.4064
BLOCK18/SES189/SA189S10	SES189	0.337538	-28.643	-28.9805
BLOCK18/SES189/SA189S13	SES189	0.266136	-29.0454	-29.3115
BLOCK18/SES189/SA189S24	SES189	0.325926	-28.5473	-28.8733
BLOCK18/SES189/SA189S26	SES189	0.294306	-28.1821	-28.4764
BLOCK18/SES189/SA189S29	SES189	0.477865	-28.5717	-29.0496
BLOCK20/SES202/SA202S12	SES202	-0.0163345	-28.0617	-28.0454
BLOCK20/SES202/SA202S14	SES202	0.398228	-27.4572	-27.8554
BLOCK20/SES202/SA202S24	SES202	0.102898	-27.9397	-28.0426
BLOCK20/SES202/SA202S27	SES202	0.234875	-27.5246	-27.7595
BLOCK20/SES202/SA202S29	SES202	0.308243	-27.153	-27.4612
BLOCK20/SES206/SA206S15	SES206	-0.170856	-28.0798	-27.9089
BLOCK20/SES206/SA206S17	SES206	0.243504	-27.6927	-27.9362
BLOCK20/SES206/SA206S24	SES206	0.450953	-27.5121	-27.9631
BLOCK20/SES206/SA206S27	SES206	0.221354	-28.4883	-28.7096
BLOCK20/SES206/SA206S29	SES206	0.407787	-27.3711	-27.7789
BLOCK22/SES226/SA226S12	SES226	-0.0494938	-28.1691	-28.1196
BLOCK22/SES226/SA226S13	SES226	0.0182724	-28.6312	-28.6494
BLOCK22/SES226/SA226S20	SES226	0.157351	-28.4434	-28.6007
BLOCK22/SES226/SA226S23	SES226	0.187279	-28.4763	-28.6635
BLOCK22/SES226/SA226S28	SES226	0.338026	-27.8727	-28.2107
BLOCK25/SES259/SA259S13	SES259	0.461216	-27.6982	-28.1594
BLOCK25/SES259/SA259S14	SES259	0.364523	-27.7893	-28.1538
BLOCK25/SES259/SA259S22	SES259	0.204464	-27.7748	-27.9793
BLOCK25/SES259/SA259S24	SES259	0.439167	-27.1912	-27.6304
BLOCK25/SES259/SA259S28	SES259	0.231268	-27.6806	-27.9118
BLOCK27/SES270/SA270S14	SES270	0.348074	-28.5951	-28.9432
BLOCK27/SES270/SA270S16	SES270	0.0611153	-28.5877	-28.6488
BLOCK27/SES270/SA270S22	SES270	0.218958	-28.3529	-28.5718
BLOCK27/SES270/SA270S26	SES270	0.427942	-28.0932	-28.5212
BLOCK27/SES270/SA270S28	SES270	0.0078373	-28.5199	-28.5277
BLOCK27/SES275/SA275S17	SES275	0.292358	-27.8901	-28.1825
BLOCK27/SES275/SA275S18	SES275	0.0920372	-28.1146	-28.2066
BLOCK27/SES275/SA275S24	SES275	-0.0567722	-28.5967	-28.5399
BLOCK27/SES275/SA275S26	SES275	0.0460339	-28.1009	-28.147
BLOCK27/SES275/SA275S28	SES275	0.197882	-27.7702	-27.968
BLOCK29/SES292/SA292S10	SES292	0.0223217	-27.4764	-27.4988
BLOCK29/SES292/SA292S12	SES292	-0.00817871	-28.3806	-28.3724
BLOCK29/SES292/SA292S22	SES292	0.0629673	-28.1444	-28.2074
BLOCK29/SES292/SA292S24	SES292	0.0480251	-27.9893	-28.0374
BLOCK29/SES292/SA292S27	SES292	0.0503178	-28.1404	-28.1907
BLOCK00/SES001/SA001S14	SES062	-0.403309	-27.8712	-27.4679
BLOCK00/SES001/SA001S14	SES082	-0.636259	-28.1042	-27.4679
BLOCK00/SES001/SA001S14	SES106	-0.270983	-27.7389	-27.4679
BLOCK00/SES001/SA001S14	SES206	-0.600309	-28.0682	-27.4679
BLOCK00/SES001/SA001S15	SES062	-0.164564	-27.2522	-27.0877
BLOCK00/SES001/SA001S15	SES104	-0.768808	-27.8565	-27.0877
BLOCK00/SES001/SA001S15	SES106	-0.49486	-27.5825	-27.0877
BLOCK00/SES001/SA001S15	SES206	-0.542061	-27.6297	-27.0877
BLOCK00/SES001/SA001S24	SES062	-0.300653	-28.2121	-27.9115
BLOCK00/SES001/SA001S24	SES082	-0.816786	-28.7283	-27.9115
BLOCK00/SES001/SA001S24	SES087	-0.459848	-28.3713	-27.9115
BLOCK00/SES001/SA001S24	SES206	-0.532583	-28.4441	-27.9115
BLOCK00/SES001/SA001S27	SES062	-0.493109	-28.3432	-27.8501
BLOCK00/SES001/SA001S27	SES082	-0.288355	-28.1385	-27.8501
BLOCK00/SES001/SA001S27	SES087	-0.176693	-28.0268	-27.8501
BLOCK00/SES001/SA001S27	SES206	-0.188768	-28.0389	-27.8501
BLOCK00/SES001/SA001S29	SES062	-0.626297	-28.5668	-27.9406
BLOCK00/SES001/SA001S29	SES082	-0.268744	-28.2093	-27.9406
BLOCK00/SES001/SA001S29	SES158	-0.61651	-28.5571	-27.9406
BLOCK00/SES001/SA001S29	SES206	-0.465679	-28.4062	-27.9406
BLOCK00/SES003/SA003S11	SES002	-0.15604	-28.4796	-28.3236
BLOCK00/SES003/SA003S11	SES019	-0.621401	-28.945	-28.3236
BLOCK00/SES003/SA003S11	SES082	-0.0567322	-28.3803	-28.3236
BLOCK00/SES003/SA003S11	SES125	-0.411959	-28.7355	-28.3236
BLOCK00/SES003/SA003S15	SES016	-0.420965	-28.5239	-28.1029
BLOCK00/SES003/SA003S15	SES019	-0.592361	-28.6953	-28.1029
BLOCK00/SES003/SA003S15	SES062	-0.37645	-28.4794	-28.1029
BLOCK00/SES003/SA003S15	SES206	-0.214981	-28.3179	-28.1029
BLOCK00/SES003/SA003S22	SES002	-0.0331745	-27.9766	-27.9434
BLOCK00/SES003/SA003S22	SES062	-0.375801	-28.3192	-27.9434
BLOCK00/SES003/SA003S22	SES082	-0.268827	-28.2122	-27.9434
BLOCK00/SES003/SA003S22	SES087	-0.43078	-28.3742	-27.9434
BLOCK00/SES003/SA003S25	SES062	-0.824587	-28.8933	-28.0687
BLOCK00/SES003/SA003S25	SES082	0.467699	-27.601	-28.0687
BLOCK00/SES003/SA003S25	SES087	-0.530117	-28.5988	-28.0687
BLOCK00/SES003/SA003S25	SES206	-0.123995	-28.1927	-28.0687
BLOCK00/SES003/SA003S29	SES002	-0.352482	-28.5356	-28.1831
BLOCK00/SES003/SA003S29	SES062	-0.790173	-28.9733	-28.1831
BLOCK00/SES003/SA003S29	SES082	-0.335999	-28.5191	-28.1831
BLOCK00/SES003/SA003S29	SES087	-0.205959	-28.3891	-28.1831
BLOCK00/SES004/SA004S12	SES083	-0.643322	-28.5967	-27.9534
BLOCK00/SES004/SA004S12	SES148	-0.523783	-28.4772	-27.9534
BLOCK00/SES004/SA004S12	SES172	-0.304424	-28.2579	-27.9534
BLOCK00/SES004/SA004S12	SES292	-0.394909	-28.3483	-27.9534
BLOCK00/SES004/SA004S17	SES083	-0.338251	-28.3432	-28.005
BLOCK00/SES004/SA004S17	SES162	-0.0860691	-28.091	-28.005
BLOCK00/SES004/SA004S17	SES172	-0.104855	-28.1098	-28.005
BLOCK00/SES004/SA004S17	SES292	-0.331339	-28.3363	-28.005
BLOCK00/SES004/SA004S24	SES083	-0.524378	-28.5844	-28.06
BLOCK00/SES004/SA004S24	SES148	-0.356403	-28.4164	-28.06
BLOCK00/SES004/SA004S24	SES172	-0.105286	-28.1653	-28.06
BLOCK00/SES004/SA004S24	SES292	-0.277418	-28.3375	-28.06
BLOCK00/SES004/SA004S26	SES083	-0.449137	-27.9223	-27.4732
BLOCK00/SES004/SA004S26	SES127	-0.0905857	-27.5638	-27.4732
BLOCK00/SES004/SA004S26	SES148	-0.309925	-27.7831	-27.4732
BLOCK00/SES004/SA004S26	SES292	-0.176949	-27.6502	-27.4732
BLOCK00/SES004/SA004S28	SES083	-0.443911	-28.3851	-27.9412
BLOCK00/SES004/SA004S28	SES127	-0.123749	-28.065	-27.9412
BLOCK00/SES004/SA004S28	SES187	-0.027317	-27.9685	-27.9412
BLOCK00/SES004/SA004S28	SES292	-0.456701	-28.3979	-27.9412
BLOCK00/SES006/SA006S10	SES014	-0.640209	-29.8277	-29.1875
BLOCK00/SES006/SA006S10	SES158	-0.477421	-29.6649	-29.1875
BLOCK00/SES006/SA006S10	SES226	-0.718647	-29.9061	-29.1875
BLOCK00/SES006/SA006S10	SES270	-0.523214	-29.7107	-29.1875
BLOCK00/SES006/SA006S11	SES158	-0.465338	-29.6793	-29.214
BLOCK00/SES006/SA006S11	SES226	-0.642118	-29.8561	-29.214
BLOCK00/SES006/SA006S11	SES270	-0.4776	-29.6916	-29.214
BLOCK00/SES006/SA006S11	SES275	-0.499607	-29.7136	-29.214
BLOCK00/SES006/SA006S23	SES062	-0.849377	-29.6181	-28.7687
BLOCK00/SES006/SA006S23	SES105	-0.471397	-29.2401	-28.7687
BLOCK00/SES006/SA006S23	SES158	-0.663958	-29.4327	-28.7687
BLOCK00/SES006/SA006S23	SES275	-0.350843	-29.1195	-28.7687
BLOCK00/SES006/SA006S26	SES104	-1.17088	-29.7905	-28.6196
BLOCK00/SES006/SA006S26	SES158	-0.2941	-28.9137	-28.6196
BLOCK00/SES006/SA006S26	SES270	-0.220739	-28.8404	-28.6196
BLOCK00/SES006/SA006S26	SES275	-0.419819	-29.0394	-28.6196
BLOCK00/SES006/SA006S28	SES007	-0.698559	-29.7326	-29.034
BLOCK00/SES006/SA006S28	SES105	-0.552757	-29.5868	-29.034
BLOCK00/SES006/SA006S28	SES158	-0.517118	-29.5511	-29.034
BLOCK00/SES006/SA006S28	SES275	-0.549858	-29.5839	-29.034
BLOCK00/SES009/SA009S12	SES083	-0.8923	-28.8449	-27.9526
BLOCK00/SES009/SA009S12	SES148	-0.249325	-28.202	-27.9526
BLOCK00/SES009/SA009S12	SES177	-0.334396	-28.287	-27.9526
BLOCK00/SES009/SA009S12	SES292	-0.248198	-28.2008	-27.9526
BLOCK00/SES009/SA009S15	SES007	0.0892525	-27.3117	-27.4009
BLOCK00/SES009/SA009S15	SES099	-0.432081	-27.833	-27.4009
BLOCK00/SES009/SA009S15	SES148	-0.242224	-27.6431	-27.4009
BLOCK00/SES009/SA009S15	SES172	-0.154179	-27.5551	-27.4009
BLOCK00/SES009/SA009S24	SES146	-0.278318	-28.2688	-27.9905
BLOCK00/SES009/SA009S24	SES148	-0.354744	-28.3452	-27.9905
BLOCK00/SES009/SA009S24	SES177	-0.215342	-28.2058	-27.9905
BLOCK00/SES009/SA009S24	SES292	-0.238865	-28.2294	-27.9905
BLOCK00/SES009/SA009S26	SES083	-0.808706	-29.2919	-28.4832
BLOCK00/SES009/SA009S26	SES101	-0.593185	-29.0764	-28.4832
BLOCK00/SES009/SA009S26	SES120	-0.206661	-28.6898	-28.4832
BLOCK00/SES009/SA009S26	SES177	-0.368286	-28.8515	-28.4832
BLOCK00/SES009/SA009S29	SES083	-0.470556	-28.45	-27.9794
BLOCK00/SES009/SA009S29	SES101	-0.464491	-28.4439	-27.9794
BLOCK00/SES009/SA009S29	SES177	-0.231756	-28.2112	-27.9794
BLOCK00/SES009/SA009S29	SES292	-0.232574	-28.212	-27.9794
BLOCK01/SES011/SA011S10	SES019	-0.491173	-29.5863	-29.0951
BLOCK01/SES011/SA011S10	SES042	0.107546	-28.9875	-29.0951
BLOCK01/SES011/SA011S10	SES082	-0.789492	-29.8846	-29.0951
BLOCK01/SES011/SA011S10	SES206	-0.0719433	-29.167	-29.0951
BLOCK01/SES011/SA011S11	SES019	-0.396841	-29.2801	-28.8832
BLOCK01/SES011/SA011S11	SES042	-0.559189	-29.4424	-28.8832
BLOCK01/SES011/SA011S11	SES082	-0.879892	-29.7631	-28.8832
BLOCK01/SES011/SA011S11	SES206	-0.673452	-29.5567	-28.8832
BLOCK01/SES011/SA011S22	SES019	-0.462156	-29.0934	-28.6313
BLOCK01/SES011/SA011S22	SES042	-0.0395107	-28.6708	-28.6313
BLOCK01/SES011/SA011S22	SES082	-0.72761	-29.3589	-28.6313
BLOCK01/SES011/SA011S22	SES206	-0.398941	-29.0302	-28.6313
BLOCK01/SES011/SA011S24	SES019	-0.607552	-29.0979	-28.4904
BLOCK01/SES011/SA011S24	SES042	0.00657654	-28.4838	-28.4904
BLOCK01/SES011/SA011S24	SES104	-0.482536	-28.9729	-28.4904
BLOCK01/SES011/SA011S24	SES206	-0.0161629	-28.5065	-28.4904
BLOCK01/SES011/SA011S27	SES082	-0.160439	-28.6765	-28.5161
BLOCK01/SES011/SA011S27	SES087	-0.435366	-28.9514	-28.5161
BLOCK01/SES011/SA011S27	SES125	-0.232803	-28.7489	-28.5161
BLOCK01/SES011/SA011S27	SES206	-0.012249	-28.5283	-28.5161
BLOCK01/SES012/SA012S11	SES007	-0.453636	-28.1464	-27.6928
BLOCK01/SES012/SA012S11	SES082	-0.398111	-28.0909	-27.6928
BLOCK01/SES012/SA012S11	SES083	-0.320894	-28.0137	-27.6928
BLOCK01/SES012/SA012S11	SES206	-0.480364	-28.1731	-27.6928
BLOCK01/SES012/SA012S14	SES082	-0.533344	-28.6322	-28.0988
BLOCK01/SES012/SA012S14	SES087	-0.597849	-28.6967	-28.0988
BLOCK01/SES012/SA012S14	SES206	-0.354952	-28.4538	-28.0988
BLOCK01/SES012/SA012S14	SES292	-0.426476	-28.5253	-28.0988
BLOCK01/SES012/SA012S24	SES082	-0.433428	-29.1739	-28.7405
BLOCK01/SES012/SA012S24	SES087	-0.398615	-29.1391	-28.7405
BLOCK01/SES012/SA012S24	SES120	-0.449389	-29.1899	-28.7405
BLOCK01/SES012/SA012S24	SES206	-0.382565	-29.123	-28.7405
BLOCK01/SES012/SA012S26	SES019	-0.846573	-29.441	-28.5944
BLOCK01/SES012/SA012S26	SES082	-0.619112	-29.2135	-28.5944
BLOCK01/SES012/SA012S26	SES206	-0.27173	-28.8662	-28.5944
BLOCK01/SES012/SA012S26	SES292	-0.366903	-28.9613	-28.5944
BLOCK01/SES012/SA012S29	SES062	-0.627609	-29.2625	-28.6349
BLOCK01/SES012/SA012S29	SES082	-0.364235	-28.9991	-28.6349
BLOCK01/SES012/SA012S29	SES083	-0.671339	-29.3062	-28.6349
BLOCK01/SES012/SA012S29	SES206	-0.323408	-28.9583	-28.6349
BLOCK01/SES013/SA013S16	SES062	-0.847452	-29.4496	-28.6022
BLOCK01/SES013/SA013S16	SES106	-0.147568	-28.7498	-28.6022
BLOCK01/SES013/SA013S16	SES206	-0.405302	-29.0075	-28.6022
BLOCK01/SES013/SA013S16	SES226	-0.378035	-28.9802	-28.6022
BLOCK01/SES013/SA013S17	SES062	-0.588978	-28.6292	-28.0402
BLOCK01/SES013/SA013S17	SES106	-0.387657	-28.4278	-28.0402
BLOCK01/SES013/SA013S17	SES206	-0.254776	-28.295	-28.0402
BLOCK01/SES013/SA013S17	SES226	-0.412199	-28.4524	-28.0402
BLOCK01/SES013/SA013S23	SES104	-0.207376	-29.1213	-28.914
BLOCK01/SES013/SA013S23	SES106	-0.0352173	-28.9492	-28.914
BLOCK01/SES013/SA013S23	SES206	-0.289303	-29.2033	-28.914
BLOCK01/SES013/SA013S23	SES270	-0.239706	-29.1537	-28.914
BLOCK01/SES013/SA013S25	SES042	-0.544748	-29.0672	-28.5225
BLOCK01/SES013/SA013S25	SES104	-0.155228	-28.6777	-28.5225
BLOCK01/SES013/SA013S25	SES106	-0.102278	-28.6248	-28.5225
BLOCK01/SES013/SA013S25	SES206	-0.355644	-28.8781	-28.5225
BLOCK01/SES013/SA013S29	SES062	-0.800425	-29.1406	-28.3401
BLOCK01/SES013/SA013S29	SES104	-0.397547	-28.7377	-28.3401
BLOCK01/SES013/SA013S29	SES106	-0.0898151	-28.43	-28.3401
BLOCK01/SES013/SA013S29	SES206	-0.387148	-28.7273	-28.3401
BLOCK02/SES021/SA021S13	SES016	-0.598175	-28.1005	-27.5024
BLOCK02/SES021/SA021S13	SES029	-0.693018	-28.1954	-27.5024
BLOCK02/SES021/SA021S13	SES087	-0.311243	-27.8136	-27.5024
BLOCK02/SES021/SA021S13	SES206	-0.059618	-27.562	-27.5024
BLOCK02/SES021/SA021S15	SES087	-0.32061	-28.0396	-27.719
BLOCK02/SES021/SA021S15	SES125	0.0887356	-27.6303	-27.719
BLOCK02/SES021/SA021S15	SES206	-0.0539684	-27.773	-27.719
BLOCK02/SES021/SA021S15	SES226	-0.396053	-28.1151	-27.719
BLOCK02/SES021/SA021S23	SES062	-1.03838	-29.5903	-28.5519
BLOCK02/SES021/SA021S23	SES087	-0.604277	-29.1562	-28.5519
BLOCK02/SES021/SA021S23	SES206	-0.595568	-29.1474	-28.5519
BLOCK02/SES021/SA021S23	SES226	-0.391405	-28.9433	-28.5519
BLOCK02/SES021/SA021S27	SES002	-0.37126	-28.5836	-28.2124
BLOCK02/SES021/SA021S27	SES016	-1.13035	-29.3427	-28.2124
BLOCK02/SES021/SA021S27	SES019	-0.576878	-28.7893	-28.2124
BLOCK02/SES021/SA021S27	SES062	-0.588066	-28.8004	-28.2124
BLOCK02/SES021/SA021S29	SES087	-0.343407	-28.352	-28.0086
BLOCK02/SES021/SA021S29	SES125	-0.27857	-28.2872	-28.0086
BLOCK02/SES021/SA021S29	SES206	0.00525093	-28.0034	-28.0086
BLOCK02/SES021/SA021S29	SES226	-0.184444	-28.1931	-28.0086
BLOCK04/SES043/SA043S09	SES083	-0.417622	-28.7874	-28.3698
BLOCK04/SES043/SA043S09	SES101	-0.48403	-28.8538	-28.3698
BLOCK04/SES043/SA043S09	SES144	-0.263548	-28.6334	-28.3698
BLOCK04/SES043/SA043S09	SES172	-0.336859	-28.7067	-28.3698
BLOCK04/SES043/SA043S11	SES083	-0.354832	-28.3352	-27.9803
BLOCK04/SES043/SA043S11	SES101	-0.314671	-28.295	-27.9803
BLOCK04/SES043/SA043S11	SES144	-0.262129	-28.2425	-27.9803
BLOCK04/SES043/SA043S11	SES172	-0.0443115	-28.0247	-27.9803
BLOCK04/SES043/SA043S23	SES083	-0.326473	-28.3265	-28.0001
BLOCK04/SES043/SA043S23	SES144	-0.136656	-28.1367	-28.0001
BLOCK04/SES043/SA043S23	SES177	-0.267374	-28.2675	-28.0001
BLOCK04/SES043/SA043S23	SES275	-0.107294	-28.1074	-28.0001
BLOCK04/SES043/SA043S26	SES083	-0.405098	-28.105	-27.6999
BLOCK04/SES043/SA043S26	SES101	-0.16452	-27.8644	-27.6999
BLOCK04/SES043/SA043S26	SES144	-0.324776	-28.0247	-27.6999
BLOCK04/SES043/SA043S26	SES177	-0.219307	-27.9192	-27.6999
BLOCK04/SES043/SA043S28	SES016	-0.544876	-28.5458	-28.0009
BLOCK04/SES043/SA043S28	SES083	-0.153204	-28.1541	-28.0009
BLOCK04/SES043/SA043S28	SES101	-0.13102	-28.1319	-28.0009
BLOCK04/SES043/SA043S28	SES144	-0.340218	-28.3411	-28.0009
BLOCK04/SES044/SA044S10	SES127	-0.958054	-29.8096	-28.8516
BLOCK04/SES044/SA044S10	SES144	-0.244267	-29.0958	-28.8516
BLOCK04/SES044/SA044S10	SES147	-0.561768	-29.4133	-28.8516
BLOCK04/SES044/SA044S10	SES148	-0.487791	-29.3393	-28.8516
BLOCK04/SES044/SA044S11	SES101	-0.285831	-28.6128	-28.3269
BLOCK04/SES044/SA044S11	SES144	-0.219152	-28.5461	-28.3269
BLOCK04/SES044/SA044S11	SES147	-0.361393	-28.6883	-28.3269
BLOCK04/SES044/SA044S11	SES177	-0.466768	-28.7937	-28.3269
BLOCK04/SES044/SA044S24	SES007	-0.262827	-28.3182	-28.0553
BLOCK04/SES044/SA044S24	SES101	-0.375662	-28.431	-28.0553
BLOCK04/SES044/SA044S24	SES147	-0.461012	-28.5164	-28.0553
BLOCK04/SES044/SA044S24	SES177	-0.464449	-28.5198	-28.0553
BLOCK04/SES044/SA044S26	SES007	-0.487553	-28.7414	-28.2538
BLOCK04/SES044/SA044S26	SES016	-0.324749	-28.5786	-28.2538
BLOCK04/SES044/SA044S26	SES101	-0.464211	-28.718	-28.2538
BLOCK04/SES044/SA044S26	SES147	-0.325827	-28.5797	-28.2538
BLOCK04/SES044/SA044S29	SES007	-0.176907	-27.5938	-27.4169
BLOCK04/SES044/SA044S29	SES101	-0.232422	-27.6493	-27.4169
BLOCK04/SES044/SA044S29	SES147	-0.281778	-27.6987	-27.4169
BLOCK04/SES044/SA044S29	SES177	-0.265551	-27.6824	-27.4169
BLOCK04/SES046/SA046S13	SES101	-0.358896	-28.5022	-28.1433
BLOCK04/SES046/SA046S13	SES144	-0.102024	-28.2454	-28.1433
BLOCK04/SES046/SA046S13	SES147	-0.233961	-28.3773	-28.1433
BLOCK04/SES046/SA046S13	SES177	-0.171556	-28.3149	-28.1433
BLOCK04/SES046/SA046S15	SES048	-0.556501	-28.2445	-27.688
BLOCK04/SES046/SA046S15	SES083	-0.131468	-27.8194	-27.688
BLOCK04/SES046/SA046S15	SES120	-0.765003	-28.453	-27.688
BLOCK04/SES046/SA046S15	SES148	-0.200779	-27.8887	-27.688
BLOCK04/SES046/SA046S22	SES101	-0.284107	-28.4819	-28.1978
BLOCK04/SES046/SA046S22	SES144	-0.128332	-28.3261	-28.1978
BLOCK04/SES046/SA046S22	SES147	-0.276077	-28.4739	-28.1978
BLOCK04/SES046/SA046S22	SES172	-0.246073	-28.4439	-28.1978
BLOCK04/SES046/SA046S25	SES083	-0.449734	-28.3191	-27.8693
BLOCK04/SES046/SA046S25	SES127	-0.425056	-28.2944	-27.8693
BLOCK04/SES046/SA046S25	SES144	-0.210064	-28.0794	-27.8693
BLOCK04/SES046/SA046S25	SES148	-0.0871201	-27.9565	-27.8693
BLOCK04/SES046/SA046S28	SES007	-0.211861	-28.3523	-28.1404
BLOCK04/SES046/SA046S28	SES105	-0.525019	-28.6654	-28.1404
BLOCK04/SES046/SA046S28	SES147	-0.182274	-28.3227	-28.1404
BLOCK04/SES046/SA046S28	SES148	-0.0889854	-28.2294	-28.1404
BLOCK04/SES049/SA049S16	SES104	-0.531235	-29.5984	-29.0672
BLOCK04/SES049/SA049S16	SES106	-0.0642357	-29.1314	-29.0672
BLOCK04/SES049/SA049S16	SES120	-0.290339	-29.3575	-29.0672
BLOCK04/SES049/SA049S16	SES206	-0.525976	-29.5931	-29.0672
BLOCK04/SES049/SA049S18	SES099	-0.321667	-29.3375	-29.0158
BLOCK04/SES049/SA049S18	SES104	-0.775831	-29.7917	-29.0158
BLOCK04/SES049/SA049S18	SES125	-0.582602	-29.5984	-29.0158
BLOCK04/SES049/SA049S18	SES206	-0.901066	-29.9169	-29.0158
BLOCK04/SES049/SA049S25	SES087	-0.498819	-29.4667	-28.9679
BLOCK04/SES049/SA049S25	SES104	-0.24247	-29.2104	-28.9679
BLOCK04/SES049/SA049S25	SES125	-0.521069	-29.489	-28.9679
BLOCK04/SES049/SA049S25	SES206	-0.336689	-29.3046	-28.9679
BLOCK04/SES049/SA049S27	SES099	-0.12183	-28.9475	-28.8257
BLOCK04/SES049/SA049S27	SES104	0.00991821	-28.8157	-28.8257
BLOCK04/SES049/SA049S27	SES125	-0.393372	-29.219	-28.8257
BLOCK04/SES049/SA049S27	SES206	-0.153948	-28.9796	-28.8257
BLOCK04/SES049/SA049S29	SES099	-0.15723	-28.2539	-28.0967
BLOCK04/SES049/SA049S29	SES104	-0.288498	-28.3852	-28.0967
BLOCK04/SES049/SA049S29	SES125	-0.347244	-28.4439	-28.0967
BLOCK04/SES049/SA049S29	SES206	-0.224792	-28.3215	-28.0967
BLOCK06/SES063/SA063S09	SES068	-0.757511	-28.5505	-27.793
BLOCK06/SES063/SA063S09	SES083	-0.401844	-28.1949	-27.793
BLOCK06/SES063/SA063S09	SES177	-0.0706482	-27.8637	-27.793
BLOCK06/SES063/SA063S09	SES187	-0.11928	-27.9123	-27.793
BLOCK06/SES063/SA063S10	SES068	-0.801695	-28.4993	-27.6976
BLOCK06/SES063/SA063S10	SES083	-0.359701	-28.0573	-27.6976
BLOCK06/SES063/SA063S10	SES172	-0.1828	-27.8804	-27.6976
BLOCK06/SES063/SA063S10	SES187	-0.247869	-27.9454	-27.6976
BLOCK06/SES063/SA063S20	SES068	-0.646185	-28.2233	-27.5771
BLOCK06/SES063/SA063S20	SES083	-0.385546	-27.9627	-27.5771
BLOCK06/SES063/SA063S20	SES172	-0.167343	-27.7445	-27.5771
BLOCK06/SES063/SA063S20	SES187	-0.084341	-27.6615	-27.5771
BLOCK06/SES063/SA063S24	SES029	-0.477739	-27.3327	-26.8549
BLOCK06/SES063/SA063S24	SES083	-0.199377	-27.0543	-26.8549
BLOCK06/SES063/SA063S24	SES177	-0.282982	-27.1379	-26.8549
BLOCK06/SES063/SA063S24	SES189	-0.486382	-27.3413	-26.8549
BLOCK06/SES063/SA063S27	SES083	-0.234219	-28.0337	-27.7995
BLOCK06/SES063/SA063S27	SES172	-0.110264	-27.9097	-27.7995
BLOCK06/SES063/SA063S27	SES187	-0.261663	-28.0611	-27.7995
BLOCK06/SES063/SA063S27	SES292	-0.418715	-28.2182	-27.7995
BLOCK06/SES067/SA067S12	SES083	-0.303514	-28.1247	-27.8212
BLOCK06/SES067/SA067S12	SES172	-0.315153	-28.1363	-27.8212
BLOCK06/SES067/SA067S12	SES202	0.0576935	-27.7635	-27.8212
BLOCK06/SES067/SA067S12	SES292	-0.488403	-28.3096	-27.8212
BLOCK06/SES067/SA067S14	SES085	-0.27161	-28.1611	-27.8895
BLOCK06/SES067/SA067S14	SES177	-0.230341	-28.1198	-27.8895
BLOCK06/SES067/SA067S14	SES183	-0.00260353	-27.8921	-27.8895
BLOCK06/SES067/SA067S14	SES202	0.0628052	-27.8267	-27.8895
BLOCK06/SES067/SA067S21	SES144	0.117401	-28.2745	-28.3919
BLOCK06/SES067/SA067S21	SES177	0.0379333	-28.354	-28.3919
BLOCK06/SES067/SA067S21	SES183	-0.289259	-28.6812	-28.3919
BLOCK06/SES067/SA067S21	SES189	-0.128317	-28.5202	-28.3919
BLOCK06/SES067/SA067S25	SES085	-0.282614	-28.2862	-28.0036
BLOCK06/SES067/SA067S25	SES177	-0.152847	-28.1564	-28.0036
BLOCK06/SES067/SA067S25	SES183	-0.0783291	-28.0819	-28.0036
BLOCK06/SES067/SA067S25	SES202	0.000349045	-28.0032	-28.0036
BLOCK06/SES067/SA067S29	SES085	-0.264057	-28.2234	-27.9594
BLOCK06/SES067/SA067S29	SES177	-0.103188	-28.0626	-27.9594
BLOCK06/SES067/SA067S29	SES183	0.0383034	-27.9211	-27.9594
BLOCK06/SES067/SA067S29	SES202	0.148178	-27.8112	-27.9594
BLOCK06/SES069/SA069S12	SES029	-0.477558	-29.1397	-28.6622
BLOCK06/SES069/SA069S12	SES082	-0.156559	-28.8187	-28.6622
BLOCK06/SES069/SA069S12	SES087	-0.2687	-28.9309	-28.6622
BLOCK06/SES069/SA069S12	SES206	-0.0713329	-28.7335	-28.6622
BLOCK06/SES069/SA069S13	SES029	-0.574749	-28.9311	-28.3563
BLOCK06/SES069/SA069S13	SES087	-0.161848	-28.5182	-28.3563
BLOCK06/SES069/SA069S13	SES206	-0.425037	-28.7814	-28.3563
BLOCK06/SES069/SA069S13	SES226	-0.387499	-28.7438	-28.3563
BLOCK06/SES069/SA069S23	SES029	-0.551046	-27.9771	-27.4261
BLOCK06/SES069/SA069S23	SES087	-0.114193	-27.5403	-27.4261
BLOCK06/SES069/SA069S23	SES206	-0.239489	-27.6656	-27.4261
BLOCK06/SES069/SA069S23	SES226	-0.135691	-27.5618	-27.4261
BLOCK06/SES069/SA069S25	SES087	-0.358524	-27.9066	-27.5481
BLOCK06/SES069/SA069S25	SES206	-0.533581	-28.0817	-27.5481
BLOCK06/SES069/SA069S25	SES226	-0.109314	-27.6574	-27.5481
BLOCK06/SES069/SA069S25	SES270	-0.379271	-27.9274	-27.5481
BLOCK06/SES069/SA069S27	SES087	-0.629189	-28.9395	-28.3103
BLOCK06/SES069/SA069S27	SES206	-0.125883	-28.4362	-28.3103
BLOCK06/SES069/SA069S27	SES226	-0.262522	-28.5728	-28.3103
BLOCK06/SES069/SA069S27	SES270	-0.391178	-28.7015	-28.3103
BLOCK08/SES081/SA081S11	SES060	-0.291346	-28.6058	-28.3145
BLOCK08/SES081/SA081S11	SES062	-0.497286	-28.8117	-28.3145
BLOCK08/SES081/SA081S11	SES117	-0.754759	-29.0692	-28.3145
BLOCK08/SES081/SA081S11	SES162	-0.527866	-28.8423	-28.3145
BLOCK08/SES081/SA081S13	SES016	-0.479429	-28.3754	-27.896
BLOCK08/SES081/SA081S13	SES060	-0.165606	-28.0616	-27.896
BLOCK08/SES081/SA081S13	SES068	-0.420851	-28.3169	-27.896
BLOCK08/SES081/SA081S13	SES129	-0.693686	-28.5897	-27.896
BLOCK08/SES081/SA081S24	SES060	-0.0364246	-28.1946	-28.1581
BLOCK08/SES081/SA081S24	SES068	-0.0348721	-28.193	-28.1581
BLOCK08/SES081/SA081S24	SES117	-0.673504	-28.8317	-28.1581
BLOCK08/SES081/SA081S24	SES275	-0.409134	-28.5673	-28.1581
BLOCK08/SES081/SA081S27	SES007	-0.215828	-28.3262	-28.1104
BLOCK08/SES081/SA081S27	SES060	-0.309553	-28.4199	-28.1104
BLOCK08/SES081/SA081S27	SES117	-0.242701	-28.3531	-28.1104
BLOCK08/SES081/SA081S27	SES275	-0.484558	-28.5949	-28.1104
BLOCK08/SES081/SA081S29	SES007	-0.183344	-28.3138	-28.1305
BLOCK08/SES081/SA081S29	SES060	-0.0967197	-28.2272	-28.1305
BLOCK08/SES081/SA081S29	SES117	-0.517694	-28.6482	-28.1305
BLOCK08/SES081/SA081S29	SES275	-0.469734	-28.6002	-28.1305
BLOCK08/SES086/SA086S11	SES029	-0.675573	-29.6688	-28.9933
BLOCK08/SES086/SA086S11	SES082	-0.257854	-29.2511	-28.9933
BLOCK08/SES086/SA086S11	SES087	-0.231764	-29.225	-28.9933
BLOCK08/SES086/SA086S11	SES206	-0.511721	-29.505	-28.9933
BLOCK08/SES086/SA086S12	SES029	-0.530153	-29.3305	-28.8003
BLOCK08/SES086/SA086S12	SES082	-0.317253	-29.1176	-28.8003
BLOCK08/SES086/SA086S12	SES087	-0.0178547	-28.8182	-28.8003
BLOCK08/SES086/SA086S12	SES206	-0.102989	-28.9033	-28.8003
BLOCK08/SES086/SA086S20	SES029	-0.686464	-28.8846	-28.1982
BLOCK08/SES086/SA086S20	SES082	-0.760782	-28.959	-28.1982
BLOCK08/SES086/SA086S20	SES087	-0.273016	-28.4712	-28.1982
BLOCK08/SES086/SA086S20	SES206	-0.0438957	-28.2421	-28.1982
BLOCK08/SES086/SA086S24	SES087	-0.17308	-29.0106	-28.8375
BLOCK08/SES086/SA086S24	SES104	-0.550097	-29.3876	-28.8375
BLOCK08/SES086/SA086S24	SES120	-0.379345	-29.2168	-28.8375
BLOCK08/SES086/SA086S24	SES206	-0.0762672	-28.9137	-28.8375
BLOCK08/SES086/SA086S28	SES029	-0.608572	-28.917	-28.3084
BLOCK08/SES086/SA086S28	SES082	-0.617891	-28.9263	-28.3084
BLOCK08/SES086/SA086S28	SES087	-0.151255	-28.4596	-28.3084
BLOCK08/SES086/SA086S28	SES206	-0.256506	-28.5649	-28.3084
BLOCK08/SES089/SA089S13	SES087	-0.419031	-28.5431	-28.1241
BLOCK08/SES089/SA089S13	SES206	-0.374289	-28.4984	-28.1241
BLOCK08/SES089/SA089S13	SES226	-0.253576	-28.3777	-28.1241
BLOCK08/SES089/SA089S13	SES270	-0.528925	-28.653	-28.1241
BLOCK08/SES089/SA089S14	SES062	-0.601988	-28.4633	-27.8613
BLOCK08/SES089/SA089S14	SES087	-0.247599	-28.1089	-27.8613
BLOCK08/SES089/SA089S14	SES206	-0.315809	-28.1771	-27.8613
BLOCK08/SES089/SA089S14	SES226	-0.269588	-28.1309	-27.8613
BLOCK08/SES089/SA089S23	SES087	-0.172338	-28.2948	-28.1225
BLOCK08/SES089/SA089S23	SES206	-0.127968	-28.2504	-28.1225
BLOCK08/SES089/SA089S23	SES226	-0.278927	-28.4014	-28.1225
BLOCK08/SES089/SA089S23	SES270	-0.754539	-28.877	-28.1225
BLOCK08/SES089/SA089S25	SES062	-0.619211	-28.3606	-27.7414
BLOCK08/SES089/SA089S25	SES087	-0.24654	-27.9879	-27.7414
BLOCK08/SES089/SA089S25	SES206	-0.306656	-28.048	-27.7414
BLOCK08/SES089/SA089S25	SES226	-0.015337	-27.7567	-27.7414
BLOCK08/SES089/SA089S28	SES062	-0.466982	-28.032	-27.565
BLOCK08/SES089/SA089S28	SES087	-0.291349	-27.8564	-27.565
BLOCK08/SES089/SA089S28	SES206	-0.238163	-27.8032	-27.565
BLOCK08/SES089/SA089S28	SES226	-0.029211	-27.5943	-27.565
BLOCK09/SES097/SA097S11	SES099	-0.162203	-28.3415	-28.1793
BLOCK09/SES097/SA097S11	SES125	-0.395117	-28.5745	-28.1793
BLOCK09/SES097/SA097S11	SES206	-0.540342	-28.7197	-28.1793
BLOCK09/SES097/SA097S11	SES226	-0.448565	-28.6279	-28.1793
BLOCK09/SES097/SA097S14	SES062	-0.608976	-28.8842	-28.2752
BLOCK09/SES097/SA097S14	SES099	-0.260529	-28.5358	-28.2752
BLOCK09/SES097/SA097S14	SES104	-0.506838	-28.7821	-28.2752
BLOCK09/SES097/SA097S14	SES206	-0.621265	-28.8965	-28.2752
BLOCK09/SES097/SA097S22	SES099	0.0446854	-28.9158	-28.9605
BLOCK09/SES097/SA097S22	SES206	-0.493092	-29.4536	-28.9605
BLOCK09/SES097/SA097S22	SES226	-0.953983	-29.9145	-28.9605
BLOCK09/SES097/SA097S22	SES270	0.143244	-28.8172	-28.9605
BLOCK09/SES097/SA097S26	SES099	-0.0690536	-28.5499	-28.4808
BLOCK09/SES097/SA097S26	SES120	-0.528769	-29.0096	-28.4808
BLOCK09/SES097/SA097S26	SES206	-0.703232	-29.1841	-28.4808
BLOCK09/SES097/SA097S26	SES226	-0.670408	-29.1512	-28.4808
BLOCK09/SES097/SA097S28	SES099	-0.297831	-28.6866	-28.3888
BLOCK09/SES097/SA097S28	SES120	-0.569561	-28.9584	-28.3888
BLOCK09/SES097/SA097S28	SES206	-0.68128	-29.0701	-28.3888
BLOCK09/SES097/SA097S28	SES226	-0.729902	-29.1187	-28.3888
BLOCK09/SES098/SA098S11	SES127	-1.03808	-30.1765	-29.1384
BLOCK09/SES098/SA098S11	SES144	-0.291603	-29.43	-29.1384
BLOCK09/SES098/SA098S11	SES147	-0.169256	-29.3077	-29.1384
BLOCK09/SES098/SA098S11	SES148	-0.724205	-29.8626	-29.1384
BLOCK09/SES098/SA098S12	SES127	-1.37794	-31.3701	-29.9921
BLOCK09/SES098/SA098S12	SES144	-0.343578	-30.3357	-29.9921
BLOCK09/SES098/SA098S12	SES147	-0.189465	-30.1816	-29.9921
BLOCK09/SES098/SA098S12	SES189	-0.435553	-30.4277	-29.9921
BLOCK09/SES098/SA098S20	SES127	-1.16525	-30.3838	-29.2186
BLOCK09/SES098/SA098S20	SES147	-0.476391	-29.695	-29.2186
BLOCK09/SES098/SA098S20	SES148	-0.631464	-29.85	-29.2186
BLOCK09/SES098/SA098S20	SES292	-0.62957	-29.8482	-29.2186
BLOCK09/SES098/SA098S23	SES127	-0.82373	-29.7863	-28.9626
BLOCK09/SES098/SA098S23	SES147	-0.199978	-29.1626	-28.9626
BLOCK09/SES098/SA098S23	SES187	-0.267595	-29.2302	-28.9626
BLOCK09/SES098/SA098S23	SES292	-0.660751	-29.6233	-28.9626
BLOCK09/SES098/SA098S27	SES127	-1.12412	-30.1676	-29.0434
BLOCK09/SES098/SA098S27	SES147	-0.328777	-29.3722	-29.0434
BLOCK09/SES098/SA098S27	SES148	-0.765409	-29.8088	-29.0434
BLOCK09/SES098/SA098S27	SES292	-0.614134	-29.6576	-29.0434
BLOCK10/SES102/SA102S13	SES101	-0.297464	-28.2948	-27.9973
BLOCK10/SES102/SA102S13	SES105	-0.271225	-28.2685	-27.9973
BLOCK10/SES102/SA102S13	SES120	-0.319012	-28.3163	-27.9973
BLOCK10/SES102/SA102S13	SES158	-0.295404	-28.2927	-27.9973
BLOCK10/SES102/SA102S14	SES007	0.050293	-28.0783	-28.1286
BLOCK10/SES102/SA102S14	SES101	0.0119362	-28.1166	-28.1286
BLOCK10/SES102/SA102S14	SES105	-0.211716	-28.3403	-28.1286
BLOCK10/SES102/SA102S14	SES147	-0.758953	-28.8875	-28.1286
BLOCK10/SES102/SA102S22	SES007	-0.247658	-28.2703	-28.0227
BLOCK10/SES102/SA102S22	SES101	-0.281351	-28.304	-28.0227
BLOCK10/SES102/SA102S22	SES105	-0.288145	-28.3108	-28.0227
BLOCK10/SES102/SA102S22	SES158	-0.391933	-28.4146	-28.0227
BLOCK10/SES102/SA102S25	SES007	-0.31085	-28.1377	-27.8269
BLOCK10/SES102/SA102S25	SES101	-0.0450153	-27.8719	-27.8269
BLOCK10/SES102/SA102S25	SES105	-0.207638	-28.0345	-27.8269
BLOCK10/SES102/SA102S25	SES147	-0.529591	-28.3565	-27.8269
BLOCK10/SES102/SA102S27	SES007	-0.307425	-28.8159	-28.5085
BLOCK10/SES102/SA102S27	SES101	-0.171213	-28.6797	-28.5085
BLOCK10/SES102/SA102S27	SES105	-0.251989	-28.7605	-28.5085
BLOCK10/SES102/SA102S27	SES147	-0.707909	-29.2164	-28.5085
BLOCK10/SES103/SA103S14	SES105	-0.179874	-28.5245	-28.3446
BLOCK10/SES103/SA103S14	SES106	-0.307379	-28.652	-28.3446
BLOCK10/SES103/SA103S14	SES120	-0.478041	-28.8227	-28.3446
BLOCK10/SES103/SA103S14	SES206	-0.4708	-28.8154	-28.3446
BLOCK10/SES103/SA103S15	SES099	-0.271336	-29.4729	-29.2015
BLOCK10/SES103/SA103S15	SES101	-0.659147	-29.8607	-29.2015
BLOCK10/SES103/SA103S15	SES104	-0.399395	-29.6009	-29.2015
BLOCK10/SES103/SA103S15	SES125	-0.62645	-29.828	-29.2015
BLOCK10/SES103/SA103S24	SES104	-0.58637	-29.2993	-28.7129
BLOCK10/SES103/SA103S24	SES125	-0.820446	-29.5334	-28.7129
BLOCK10/SES103/SA103S24	SES148	-0.404472	-29.1174	-28.7129
BLOCK10/SES103/SA103S24	SES158	-0.45352	-29.1665	-28.7129
BLOCK10/SES103/SA103S26	SES104	-0.523565	-28.9685	-28.4449
BLOCK10/SES103/SA103S26	SES106	-0.218231	-28.6631	-28.4449
BLOCK10/SES103/SA103S26	SES125	-0.712996	-29.1579	-28.4449
BLOCK10/SES103/SA103S26	SES148	-0.40081	-28.8457	-28.4449
BLOCK10/SES103/SA103S28	SES104	-0.827433	-30.0245	-29.197
BLOCK10/SES103/SA103S28	SES106	-0.423414	-29.6204	-29.197
BLOCK10/SES103/SA103S28	SES125	-0.889622	-30.0866	-29.197
BLOCK10/SES103/SA103S28	SES206	-0.857662	-30.0547	-29.197
BLOCK12/SES121/SA121S12	SES042	-0.585461	-30.0359	-29.4505
BLOCK12/SES121/SA121S12	SES087	-0.183462	-29.6339	-29.4505
BLOCK12/SES121/SA121S12	SES105	-0.104525	-29.555	-29.4505
BLOCK12/SES121/SA121S12	SES206	-0.731928	-30.1824	-29.4505
BLOCK12/SES121/SA121S14	SES007	-0.492212	-29.9553	-29.4631
BLOCK12/SES121/SA121S14	SES105	-0.216953	-29.6801	-29.4631
BLOCK12/SES121/SA121S14	SES106	-0.503868	-29.967	-29.4631
BLOCK12/SES121/SA121S14	SES206	-0.502645	-29.9657	-29.4631
BLOCK12/SES121/SA121S23	SES105	-0.155542	-29.7788	-29.6232
BLOCK12/SES121/SA121S23	SES106	-0.511028	-30.1343	-29.6232
BLOCK12/SES121/SA121S23	SES120	-0.716461	-30.3397	-29.6232
BLOCK12/SES121/SA121S23	SES206	-0.215092	-29.8383	-29.6232
BLOCK12/SES121/SA121S25	SES007	-0.450708	-30.3279	-29.8772
BLOCK12/SES121/SA121S25	SES105	-0.317848	-30.195	-29.8772
BLOCK12/SES121/SA121S25	SES106	-0.555777	-30.433	-29.8772
BLOCK12/SES121/SA121S25	SES206	-0.831762	-30.709	-29.8772
BLOCK12/SES121/SA121S27	SES087	-0.244284	-29.9816	-29.7373
BLOCK12/SES121/SA121S27	SES105	-0.460266	-30.1976	-29.7373
BLOCK12/SES121/SA121S27	SES120	-0.424763	-30.1621	-29.7373
BLOCK12/SES121/SA121S27	SES206	-0.585768	-30.3231	-29.7373
BLOCK12/SES124/SA124S16	SES042	-0.106445	-28.2626	-28.1562
BLOCK12/SES124/SA124S16	SES082	-0.407585	-28.5638	-28.1562
BLOCK12/SES124/SA124S16	SES183	-0.415356	-28.5715	-28.1562
BLOCK12/SES124/SA124S16	SES206	-0.176622	-28.3328	-28.1562
BLOCK12/SES124/SA124S17	SES105	-0.264177	-29.0103	-28.7461
BLOCK12/SES124/SA124S17	SES149	-0.52763	-29.2738	-28.7461
BLOCK12/SES124/SA124S17	SES158	-0.631197	-29.3773	-28.7461
BLOCK12/SES124/SA124S17	SES275	-0.564997	-29.3111	-28.7461
BLOCK12/SES124/SA124S23	SES105	-0.282869	-27.8969	-27.614
BLOCK12/SES124/SA124S23	SES125	-0.0344734	-27.6485	-27.614
BLOCK12/SES124/SA124S23	SES129	-0.259943	-27.8739	-27.614
BLOCK12/SES124/SA124S23	SES158	-0.158787	-27.7728	-27.614
BLOCK12/SES124/SA124S26	SES105	-0.234842	-28.2991	-28.0643
BLOCK12/SES124/SA124S26	SES125	0.04883	-28.0154	-28.0643
BLOCK12/SES124/SA124S26	SES129	-0.654291	-28.7185	-28.0643
BLOCK12/SES124/SA124S26	SES158	-0.358788	-28.423	-28.0643
BLOCK12/SES124/SA124S28	SES104	-0.0594463	-27.6788	-27.6193
BLOCK12/SES124/SA124S28	SES106	-0.107838	-27.7272	-27.6193
BLOCK12/SES124/SA124S28	SES125	-0.0650806	-27.6844	-27.6193
BLOCK12/SES124/SA124S28	SES275	-0.400162	-28.0195	-27.6193
BLOCK12/SES126/SA126S13	SES007	-0.129669	-28.7614	-28.6318
BLOCK12/SES126/SA126S13	SES162	-0.305168	-28.9369	-28.6318
BLOCK12/SES126/SA126S13	SES177	-0.150051	-28.7818	-28.6318
BLOCK12/SES126/SA126S13	SES180	-0.294861	-28.9266	-28.6318
BLOCK12/SES126/SA126S14	SES144	-0.115135	-27.8069	-27.6917
BLOCK12/SES126/SA126S14	SES148	-0.158188	-27.8499	-27.6917
BLOCK12/SES126/SA126S14	SES177	-0.0566883	-27.7484	-27.6917
BLOCK12/SES126/SA126S14	SES180	-0.00164223	-27.6934	-27.6917
BLOCK12/SES126/SA126S20	SES007	-0.248558	-28.6164	-28.3679
BLOCK12/SES126/SA126S20	SES162	-0.17906	-28.5469	-28.3679
BLOCK12/SES126/SA126S20	SES172	-0.447338	-28.8152	-28.3679
BLOCK12/SES126/SA126S20	SES180	-0.208273	-28.5761	-28.3679
BLOCK12/SES126/SA126S24	SES120	-0.246628	-28.4172	-28.1706
BLOCK12/SES126/SA126S24	SES162	-0.359207	-28.5298	-28.1706
BLOCK12/SES126/SA126S24	SES177	-0.0492973	-28.2199	-28.1706
BLOCK12/SES126/SA126S24	SES180	-0.0678043	-28.2384	-28.1706
BLOCK12/SES126/SA126S26	SES120	-0.3547	-28.8363	-28.4816
BLOCK12/SES126/SA126S26	SES177	-0.214005	-28.6956	-28.4816
BLOCK12/SES126/SA126S26	SES180	0.104038	-28.3775	-28.4816
BLOCK12/SES126/SA126S26	SES202	0.0634136	-28.4182	-28.4816
BLOCK12/SES128/SA128S10	SES087	-0.737806	-28.8188	-28.081
BLOCK12/SES128/SA128S10	SES206	-0.483322	-28.5643	-28.081
BLOCK12/SES128/SA128S10	SES226	-0.23151	-28.3125	-28.081
BLOCK12/SES128/SA128S10	SES270	-0.474491	-28.5555	-28.081
BLOCK12/SES128/SA128S12	SES120	-0.199142	-28.8348	-28.6356
BLOCK12/SES128/SA128S12	SES158	-0.647532	-29.2832	-28.6356
BLOCK12/SES128/SA128S12	SES206	-0.38018	-29.0158	-28.6356
BLOCK12/SES128/SA128S12	SES226	-0.460493	-29.0961	-28.6356
BLOCK12/SES128/SA128S21	SES106	-0.549887	-29.4301	-28.8802
BLOCK12/SES128/SA128S21	SES120	-0.436066	-29.3163	-28.8802
BLOCK12/SES128/SA128S21	SES206	-0.667824	-29.548	-28.8802
BLOCK12/SES128/SA128S21	SES226	-0.585712	-29.4659	-28.8802
BLOCK12/SES128/SA128S24	SES087	-0.616089	-28.7658	-28.1497
BLOCK12/SES128/SA128S24	SES120	-0.186518	-28.3363	-28.1497
BLOCK12/SES128/SA128S24	SES206	-0.34296	-28.4927	-28.1497
BLOCK12/SES128/SA128S24	SES226	-0.374689	-28.5244	-28.1497
BLOCK12/SES128/SA128S27	SES099	-0.274471	-27.9215	-27.6471
BLOCK12/SES128/SA128S27	SES120	-0.234856	-27.8819	-27.6471
BLOCK12/SES128/SA128S27	SES206	-0.322956	-27.97	-27.6471
BLOCK12/SES128/SA128S27	SES226	-0.0513573	-27.6984	-27.6471
BLOCK13/SES130/SA130S13	SES143	0.000637054	-28.3905	-28.3911
BLOCK13/SES130/SA130S13	SES144	0.123985	-28.2671	-28.3911
BLOCK13/SES130/SA130S13	SES146	-0.198181	-28.5893	-28.3911
BLOCK13/SES130/SA130S13	SES275	-0.50691	-28.898	-28.3911
BLOCK13/SES130/SA130S15	SES143	-0.252998	-28.2473	-27.9943
BLOCK13/SES130/SA130S15	SES144	0.0322399	-27.962	-27.9943
BLOCK13/SES130/SA130S15	SES146	-0.196041	-28.1903	-27.9943
BLOCK13/SES130/SA130S15	SES275	-0.336046	-28.3303	-27.9943
BLOCK13/SES130/SA130S23	SES127	-0.236877	-28.2032	-27.9663
BLOCK13/SES130/SA130S23	SES144	-0.0137749	-27.9801	-27.9663
BLOCK13/SES130/SA130S23	SES146	-0.234312	-28.2006	-27.9663
BLOCK13/SES130/SA130S23	SES162	-0.139065	-28.1054	-27.9663
BLOCK13/SES130/SA130S25	SES127	-0.29715	-28.0467	-27.7495
BLOCK13/SES130/SA130S25	SES144	0.0672989	-27.6822	-27.7495
BLOCK13/SES130/SA130S25	SES146	-0.227329	-27.9769	-27.7495
BLOCK13/SES130/SA130S25	SES275	-0.395918	-28.1455	-27.7495
BLOCK13/SES130/SA130S28	SES127	-0.442551	-28.4723	-28.0297
BLOCK13/SES130/SA130S28	SES144	-0.40303	-28.4327	-28.0297
BLOCK13/SES130/SA130S28	SES146	-0.207602	-28.2373	-28.0297
BLOCK13/SES130/SA130S28	SES275	-0.280857	-28.3106	-28.0297
BLOCK13/SES131/SA131S13	SES002	-0.528141	-29.9207	-29.3926
BLOCK13/SES131/SA131S13	SES007	-0.429506	-29.8221	-29.3926
BLOCK13/SES131/SA131S13	SES099	-0.586849	-29.9794	-29.3926
BLOCK13/SES131/SA131S13	SES105	-0.216177	-29.6087	-29.3926
BLOCK13/SES131/SA131S14	SES104	-0.34495	-28.9411	-28.5962
BLOCK13/SES131/SA131S14	SES106	-0.200893	-28.7971	-28.5962
BLOCK13/SES131/SA131S14	SES125	-0.59343	-29.1896	-28.5962
BLOCK13/SES131/SA131S14	SES148	-0.508818	-29.105	-28.5962
BLOCK13/SES131/SA131S20	SES104	-0.290747	-29.5249	-29.2341
BLOCK13/SES131/SA131S20	SES106	-0.327578	-29.5617	-29.2341
BLOCK13/SES131/SA131S20	SES125	-0.654099	-29.8882	-29.2341
BLOCK13/SES131/SA131S20	SES148	-0.746984	-29.9811	-29.2341
BLOCK13/SES131/SA131S22	SES099	-0.283337	-28.6783	-28.395
BLOCK13/SES131/SA131S22	SES104	-0.435358	-28.8303	-28.395
BLOCK13/SES131/SA131S22	SES125	-0.53681	-28.9318	-28.395
BLOCK13/SES131/SA131S22	SES206	-0.480066	-28.875	-28.395
BLOCK13/SES131/SA131S29	SES087	-0.494236	-29.4771	-28.9829
BLOCK13/SES131/SA131S29	SES104	-0.739037	-29.7219	-28.9829
BLOCK13/SES131/SA131S29	SES125	-0.514317	-29.4972	-28.9829
BLOCK13/SES131/SA131S29	SES206	-0.505795	-29.4886	-28.9829
BLOCK13/SES132/SA132S11	SES083	-0.184385	-28.0207	-27.8363
BLOCK13/SES132/SA132S11	SES120	-0.136374	-27.9727	-27.8363
BLOCK13/SES132/SA132S11	SES127	-0.26203	-28.0983	-27.8363
BLOCK13/SES132/SA132S11	SES275	-0.288868	-28.1252	-27.8363
BLOCK13/SES132/SA132S12	SES083	-0.200037	-27.8613	-27.6613
BLOCK13/SES132/SA132S12	SES143	-0.41193	-28.0732	-27.6613
BLOCK13/SES132/SA132S12	SES144	-0.00535965	-27.6667	-27.6613
BLOCK13/SES132/SA132S12	SES148	-0.159382	-27.8207	-27.6613
BLOCK13/SES132/SA132S22	SES062	-0.246359	-28.1477	-27.9014
BLOCK13/SES132/SA132S22	SES083	-0.45783	-28.3592	-27.9014
BLOCK13/SES132/SA132S22	SES127	-0.400965	-28.3024	-27.9014
BLOCK13/SES132/SA132S22	SES275	-0.201307	-28.1027	-27.9014
BLOCK13/SES132/SA132S24	SES007	0.073103	-27.4871	-27.5602
BLOCK13/SES132/SA132S24	SES083	-0.341522	-27.9017	-27.5602
BLOCK13/SES132/SA132S24	SES127	-0.440834	-28.001	-27.5602
BLOCK13/SES132/SA132S24	SES275	-0.129538	-27.6897	-27.5602
BLOCK13/SES132/SA132S27	SES083	-0.62064	-29.062	-28.4414
BLOCK13/SES132/SA132S27	SES120	0.0146332	-28.4267	-28.4414
BLOCK13/SES132/SA132S27	SES127	-0.876429	-29.3178	-28.4414
BLOCK13/SES132/SA132S27	SES275	-0.389277	-28.8307	-28.4414
BLOCK14/SES141/SA141S09	SES143	-0.0263195	-27.9795	-27.9532
BLOCK14/SES141/SA141S09	SES144	-0.126322	-28.0795	-27.9532
BLOCK14/SES141/SA141S09	SES162	-0.041029	-27.9942	-27.9532
BLOCK14/SES141/SA141S09	SES180	-0.191198	-28.1444	-27.9532
BLOCK14/SES141/SA141S15	SES127	-0.146713	-27.7921	-27.6454
BLOCK14/SES141/SA141S15	SES144	-0.047617	-27.693	-27.6454
BLOCK14/SES141/SA141S15	SES162	-0.0650654	-27.7104	-27.6454
BLOCK14/SES141/SA141S15	SES180	0.0477371	-27.5976	-27.6454
BLOCK14/SES141/SA141S24	SES127	-0.253658	-28.1032	-27.8495
BLOCK14/SES141/SA141S24	SES144	-0.221764	-28.0713	-27.8495
BLOCK14/SES141/SA141S24	SES162	-0.207066	-28.0566	-27.8495
BLOCK14/SES141/SA141S24	SES183	-0.48148	-28.331	-27.8495
BLOCK14/SES141/SA141S26	SES142	0.203276	-27.7989	-28.0021
BLOCK14/SES141/SA141S26	SES144	-0.143639	-28.1458	-28.0021
BLOCK14/SES141/SA141S26	SES172	-0.431076	-28.4332	-28.0021
BLOCK14/SES141/SA141S26	SES180	-0.137756	-28.1399	-28.0021
BLOCK14/SES141/SA141S29	SES127	-0.184032	-27.9355	-27.7514
BLOCK14/SES141/SA141S29	SES142	-0.148811	-27.9002	-27.7514
BLOCK14/SES141/SA141S29	SES144	-0.262035	-28.0135	-27.7514
BLOCK14/SES141/SA141S29	SES180	-0.184275	-27.9357	-27.7514
BLOCK15/SES157/SA157S08	SES083	-0.400003	-27.9464	-27.5464
BLOCK15/SES157/SA157S08	SES127	-0.548498	-28.0949	-27.5464
BLOCK15/SES157/SA157S08	SES148	-0.174505	-27.7209	-27.5464
BLOCK15/SES157/SA157S08	SES292	-0.380791	-27.9272	-27.5464
BLOCK15/SES157/SA157S11	SES083	-0.410238	-28.3122	-27.902
BLOCK15/SES157/SA157S11	SES127	-0.597523	-28.4995	-27.902
BLOCK15/SES157/SA157S11	SES148	-0.11297	-28.015	-27.902
BLOCK15/SES157/SA157S11	SES292	-0.262714	-28.1647	-27.902
BLOCK15/SES157/SA157S21	SES127	-0.428911	-28.233	-27.8041
BLOCK15/SES157/SA157S21	SES148	-0.0951958	-27.8993	-27.8041
BLOCK15/SES157/SA157S21	SES158	-0.636127	-28.4402	-27.8041
BLOCK15/SES157/SA157S21	SES292	-0.311073	-28.1151	-27.8041
BLOCK15/SES157/SA157S24	SES127	-0.223465	-27.4109	-27.1874
BLOCK15/SES157/SA157S24	SES148	-0.126179	-27.3136	-27.1874
BLOCK15/SES157/SA157S24	SES183	-0.273653	-27.4611	-27.1874
BLOCK15/SES157/SA157S24	SES292	-0.190763	-27.3782	-27.1874
BLOCK15/SES157/SA157S26	SES007	-0.184078	-27.5193	-27.3352
BLOCK15/SES157/SA157S26	SES127	-0.23065	-27.5659	-27.3352
BLOCK15/SES157/SA157S26	SES147	-0.281063	-27.6163	-27.3352
BLOCK15/SES157/SA157S26	SES148	-0.197598	-27.5328	-27.3352
BLOCK16/SES161/SA161S10	SES007	-0.519896	-29.4621	-28.9422
BLOCK16/SES161/SA161S10	SES105	-0.302298	-29.2445	-28.9422
BLOCK16/SES161/SA161S10	SES158	-0.445251	-29.3874	-28.9422
BLOCK16/SES161/SA161S10	SES275	-0.296267	-29.2384	-28.9422
BLOCK16/SES161/SA161S12	SES007	-0.241512	-28.3874	-28.1459
BLOCK16/SES161/SA161S12	SES105	-0.346035	-28.4919	-28.1459
BLOCK16/SES161/SA161S12	SES158	-0.739599	-28.8855	-28.1459
BLOCK16/SES161/SA161S12	SES275	-0.214476	-28.3604	-28.1459
BLOCK16/SES161/SA161S20	SES007	-0.429605	-29.5172	-29.0876
BLOCK16/SES161/SA161S20	SES105	-0.394146	-29.4817	-29.0876
BLOCK16/SES161/SA161S20	SES158	-0.653496	-29.7411	-29.0876
BLOCK16/SES161/SA161S20	SES275	-0.358316	-29.4459	-29.0876
BLOCK16/SES161/SA161S23	SES007	-0.517956	-29.2131	-28.6952
BLOCK16/SES161/SA161S23	SES105	-0.253143	-28.9483	-28.6952
BLOCK16/SES161/SA161S23	SES148	-0.319002	-29.0142	-28.6952
BLOCK16/SES161/SA161S23	SES158	-0.738657	-29.4338	-28.6952
BLOCK16/SES161/SA161S28	SES007	-0.414585	-29.1451	-28.7305
BLOCK16/SES161/SA161S28	SES105	-0.32576	-29.0563	-28.7305
BLOCK16/SES161/SA161S28	SES158	-0.410536	-29.141	-28.7305
BLOCK16/SES161/SA161S28	SES206	-0.464424	-29.1949	-28.7305
BLOCK16/SES164/SA164S11	SES104	-0.576275	-28.8215	-28.2453
BLOCK16/SES164/SA164S11	SES125	-0.150497	-28.3958	-28.2453
BLOCK16/SES164/SA164S11	SES158	0.0306435	-28.2146	-28.2453
BLOCK16/SES164/SA164S11	SES206	-0.61891	-28.8642	-28.2453
BLOCK16/SES164/SA164S13	SES099	-0.297413	-29.6675	-29.3701
BLOCK16/SES164/SA164S13	SES104	-0.723722	-30.0938	-29.3701
BLOCK16/SES164/SA164S13	SES125	-0.675013	-30.0451	-29.3701
BLOCK16/SES164/SA164S13	SES206	-0.911301	-30.2814	-29.3701
BLOCK16/SES164/SA164S24	SES002	0.363453	-27.9628	-28.3263
BLOCK16/SES164/SA164S24	SES099	-0.107042	-28.4333	-28.3263
BLOCK16/SES164/SA164S24	SES125	-0.129847	-28.4561	-28.3263
BLOCK16/SES164/SA164S24	SES226	0.193054	-28.1332	-28.3263
BLOCK16/SES164/SA164S27	SES087	-0.48913	-29.0731	-28.584
BLOCK16/SES164/SA164S27	SES125	-0.351904	-28.9359	-28.584
BLOCK16/SES164/SA164S27	SES206	-0.709688	-29.2937	-28.584
BLOCK16/SES164/SA164S27	SES226	-0.319078	-28.9031	-28.584
BLOCK16/SES164/SA164S29	SES002	-0.145142	-28.5827	-28.4376
BLOCK16/SES164/SA164S29	SES019	-0.521368	-28.9589	-28.4376
BLOCK16/SES164/SA164S29	SES125	-0.193735	-28.6313	-28.4376
BLOCK16/SES164/SA164S29	SES226	-0.39802	-28.8356	-28.4376
BLOCK16/SES169/SA169S13	SES117	-0.341179	-28.4493	-28.1081
BLOCK16/SES169/SA169S13	SES144	-0.245003	-28.3531	-28.1081
BLOCK16/SES169/SA169S13	SES146	-0.199379	-28.3075	-28.1081
BLOCK16/SES169/SA169S13	SES162	-0.193285	-28.3014	-28.1081
BLOCK16/SES169/SA169S14	SES144	-0.272512	-27.6755	-27.403
BLOCK16/SES169/SA169S14	SES148	-0.0352516	-27.4383	-27.403
BLOCK16/SES169/SA169S14	SES177	-0.111797	-27.5148	-27.403
BLOCK16/SES169/SA169S14	SES180	-0.214176	-27.6172	-27.403
BLOCK16/SES169/SA169S24	SES117	-0.264812	-28.3402	-28.0754
BLOCK16/SES169/SA169S24	SES144	-0.0932388	-28.1686	-28.0754
BLOCK16/SES169/SA169S24	SES146	-0.104733	-28.1801	-28.0754
BLOCK16/SES169/SA169S24	SES162	-0.141644	-28.2171	-28.0754
BLOCK16/SES169/SA169S27	SES127	-0.363867	-27.8677	-27.5039
BLOCK16/SES169/SA169S27	SES129	-0.200548	-27.7044	-27.5039
BLOCK16/SES169/SA169S27	SES144	-0.115461	-27.6193	-27.5039
BLOCK16/SES169/SA169S27	SES146	-0.0749817	-27.5789	-27.5039
BLOCK16/SES169/SA169S29	SES144	-0.154049	-27.537	-27.383
BLOCK16/SES169/SA169S29	SES162	-0.247408	-27.6304	-27.383
BLOCK16/SES169/SA169S29	SES177	-0.226997	-27.61	-27.383
BLOCK16/SES169/SA169S29	SES180	-0.182653	-27.5656	-27.383
BLOCK17/SES171/SA171S12	SES083	-0.444094	-28.9315	-28.4874
BLOCK17/SES171/SA171S12	SES148	-0.314514	-28.802	-28.4874
BLOCK17/SES171/SA171S12	SES172	-0.330244	-28.8177	-28.4874
BLOCK17/SES171/SA171S12	SES292	-0.626102	-29.1135	-28.4874
BLOCK17/SES171/SA171S15	SES148	-0.284588	-29.0958	-28.8112
BLOCK17/SES171/SA171S15	SES177	-0.199358	-29.0106	-28.8112
BLOCK17/SES171/SA171S15	SES180	-0.535639	-29.3469	-28.8112
BLOCK17/SES171/SA171S15	SES292	-0.740995	-29.5522	-28.8112
BLOCK17/SES171/SA171S22	SES007	-0.17555	-28.0005	-27.825
BLOCK17/SES171/SA171S22	SES148	-0.148081	-27.9731	-27.825
BLOCK17/SES171/SA171S22	SES177	-0.2423	-28.0673	-27.825
BLOCK17/SES171/SA171S22	SES180	-0.633163	-28.4582	-27.825
BLOCK17/SES171/SA171S25	SES101	-0.578279	-30.0147	-29.4364
BLOCK17/SES171/SA171S25	SES120	-0.90486	-30.3412	-29.4364
BLOCK17/SES171/SA171S25	SES177	-0.356934	-29.7933	-29.4364
BLOCK17/SES171/SA171S25	SES180	-0.582615	-30.019	-29.4364
BLOCK17/SES171/SA171S27	SES177	-0.232151	-29.0204	-28.7882
BLOCK17/SES171/SA171S27	SES180	-0.516882	-29.3051	-28.7882
BLOCK17/SES171/SA171S27	SES189	-0.169672	-28.9579	-28.7882
BLOCK17/SES171/SA171S27	SES292	-0.696684	-29.4849	-28.7882
BLOCK17/SES173/SA173S13	SES162	-0.266626	-28.5742	-28.3076
BLOCK17/SES173/SA173S13	SES177	-0.2173	-28.5249	-28.3076
BLOCK17/SES173/SA173S13	SES180	-0.386318	-28.6939	-28.3076
BLOCK17/SES173/SA173S13	SES292	-0.296471	-28.6041	-28.3076
BLOCK17/SES173/SA173S14	SES007	-0.363968	-29.4295	-29.0655
BLOCK17/SES173/SA173S14	SES162	-0.559027	-29.6246	-29.0655
BLOCK17/SES173/SA173S14	SES177	-0.26366	-29.3292	-29.0655
BLOCK17/SES173/SA173S14	SES180	-0.686005	-29.7515	-29.0655
BLOCK17/SES173/SA173S24	SES144	-0.414167	-29.8224	-29.4083
BLOCK17/SES173/SA173S24	SES162	-0.592855	-30.0011	-29.4083
BLOCK17/SES173/SA173S24	SES177	-0.362564	-29.7708	-29.4083
BLOCK17/SES173/SA173S24	SES180	-0.52322	-29.9315	-29.4083
BLOCK17/SES173/SA173S27	SES162	-0.258268	-28.6964	-28.4381
BLOCK17/SES173/SA173S27	SES177	-0.0634365	-28.5016	-28.4381
BLOCK17/SES173/SA173S27	SES180	-0.111609	-28.5497	-28.4381
BLOCK17/SES173/SA173S27	SES292	-0.364319	-28.8025	-28.4381
BLOCK17/SES173/SA173S29	SES162	-0.464397	-29.6835	-29.2191
BLOCK17/SES173/SA173S29	SES175	-0.120258	-29.3394	-29.2191
BLOCK17/SES173/SA173S29	SES177	-0.148087	-29.3672	-29.2191
BLOCK17/SES173/SA173S29	SES292	-0.710312	-29.9294	-29.2191
BLOCK18/SES182/SA182S10	SES144	-0.102699	-28.0264	-27.9237
BLOCK18/SES182/SA182S10	SES177	-0.0861435	-28.0098	-27.9237
BLOCK18/SES182/SA182S10	SES180	-0.463514	-28.3872	-27.9237
BLOCK18/SES182/SA182S10	SES275	-0.160736	-28.0844	-27.9237
BLOCK18/SES182/SA182S12	SES144	0.147013	-27.4619	-27.6089
BLOCK18/SES182/SA182S12	SES177	0.050499	-27.5584	-27.6089
BLOCK18/SES182/SA182S12	SES180	-0.0866756	-27.6956	-27.6089
BLOCK18/SES182/SA182S12	SES275	-0.173609	-27.7825	-27.6089
BLOCK18/SES182/SA182S21	SES117	-0.394581	-28.9692	-28.5746
BLOCK18/SES182/SA182S21	SES144	-0.119955	-28.6945	-28.5746
BLOCK18/SES182/SA182S21	SES162	-0.156496	-28.7311	-28.5746
BLOCK18/SES182/SA182S21	SES180	-0.420349	-28.9949	-28.5746
BLOCK18/SES182/SA182S23	SES117	-0.547028	-28.951	-28.404
BLOCK18/SES182/SA182S23	SES144	-0.421741	-28.8257	-28.404
BLOCK18/SES182/SA182S23	SES180	-0.749424	-29.1534	-28.404
BLOCK18/SES182/SA182S23	SES275	-0.157377	-28.5613	-28.404
BLOCK18/SES182/SA182S25	SES007	-0.00136566	-28.7749	-28.7736
BLOCK18/SES182/SA182S25	SES162	-0.303547	-29.0771	-28.7736
BLOCK18/SES182/SA182S25	SES177	-0.186705	-28.9603	-28.7736
BLOCK18/SES182/SA182S25	SES180	-0.50791	-29.2815	-28.7736
BLOCK18/SES184/SA184S12	SES177	-0.442526	-28.5228	-28.0803
BLOCK18/SES184/SA184S12	SES180	-0.341375	-28.4217	-28.0803
BLOCK18/SES184/SA184S12	SES189	-0.293509	-28.3738	-28.0803
BLOCK18/SES184/SA184S12	SES292	-0.444592	-28.5249	-28.0803
BLOCK18/SES184/SA184S13	SES101	-0.321451	-28.2069	-27.8854
BLOCK18/SES184/SA184S13	SES177	-0.272341	-28.1577	-27.8854
BLOCK18/SES184/SA184S13	SES180	-0.260992	-28.1464	-27.8854
BLOCK18/SES184/SA184S13	SES292	-0.315044	-28.2004	-27.8854
BLOCK18/SES184/SA184S22	SES177	-0.421944	-28.3959	-27.974
BLOCK18/SES184/SA184S22	SES180	-0.0634251	-28.0374	-27.974
BLOCK18/SES184/SA184S22	SES189	-0.382414	-28.3564	-27.974
BLOCK18/SES184/SA184S22	SES292	-0.280483	-28.2545	-27.974
BLOCK18/SES184/SA184S25	SES101	-0.300514	-27.5205	-27.22
BLOCK18/SES184/SA184S25	SES177	-0.214821	-27.4348	-27.22
BLOCK18/SES184/SA184S25	SES180	-0.0709496	-27.291	-27.22
BLOCK18/SES184/SA184S25	SES292	-0.261202	-27.4812	-27.22
BLOCK18/SES184/SA184S27	SES083	-0.382702	-28.0136	-27.6309
BLOCK18/SES184/SA184S27	SES177	-0.287815	-27.9187	-27.6309
BLOCK18/SES184/SA184S27	SES202	-0.0598011	-27.6907	-27.6309
BLOCK18/SES184/SA184S27	SES292	-0.275713	-27.9066	-27.6309
BLOCK20/SES204/SA204S12	SES062	-0.612404	-28.8252	-28.2128
BLOCK20/SES204/SA204S12	SES083	-0.616098	-28.8289	-28.2128
BLOCK20/SES204/SA204S12	SES206	-0.634815	-28.8476	-28.2128
BLOCK20/SES204/SA204S12	SES226	-0.785362	-28.9981	-28.2128
BLOCK20/SES204/SA204S14	SES068	-0.261822	-27.8958	-27.634
BLOCK20/SES204/SA204S14	SES087	-0.380524	-28.0145	-27.634
BLOCK20/SES204/SA204S14	SES206	-0.755964	-28.39	-27.634
BLOCK20/SES204/SA204S14	SES226	-0.818703	-28.4527	-27.634
BLOCK20/SES204/SA204S22	SES068	-0.15996	-28.4571	-28.2972
BLOCK20/SES204/SA204S22	SES082	-1.02435	-29.3215	-28.2972
BLOCK20/SES204/SA204S22	SES083	-0.622334	-28.9195	-28.2972
BLOCK20/SES204/SA204S22	SES206	-0.627964	-28.9251	-28.2972
BLOCK20/SES204/SA204S25	SES062	-0.727041	-28.9886	-28.2616
BLOCK20/SES204/SA204S25	SES083	-0.60607	-28.8677	-28.2616
BLOCK20/SES204/SA204S25	SES206	-0.757189	-29.0188	-28.2616
BLOCK20/SES204/SA204S25	SES226	-0.876486	-29.1381	-28.2616
BLOCK20/SES204/SA204S27	SES068	-0.338432	-28.8122	-28.4738
BLOCK20/SES204/SA204S27	SES082	-0.903423	-29.3772	-28.4738
BLOCK20/SES204/SA204S27	SES087	-0.631367	-29.1052	-28.4738
BLOCK20/SES204/SA204S27	SES206	-0.721382	-29.1952	-28.4738
BLOCK20/SES207/SA207S10	SES127	-0.763399	-28.4552	-27.6918
BLOCK20/SES207/SA207S10	SES183	-0.414005	-28.1058	-27.6918
BLOCK20/SES207/SA207S10	SES189	-0.420048	-28.1118	-27.6918
BLOCK20/SES207/SA207S10	SES292	-0.188282	-27.8801	-27.6918
BLOCK20/SES207/SA207S11	SES127	-0.894983	-29.019	-28.124
BLOCK20/SES207/SA207S11	SES183	-0.358507	-28.4825	-28.124
BLOCK20/SES207/SA207S11	SES187	-0.424349	-28.5483	-28.124
BLOCK20/SES207/SA207S11	SES292	-0.372232	-28.4962	-28.124
BLOCK20/SES207/SA207S25	SES068	-0.462526	-28.5492	-28.0867
BLOCK20/SES207/SA207S25	SES083	-0.632832	-28.7195	-28.0867
BLOCK20/SES207/SA207S25	SES127	-0.552633	-28.6393	-28.0867
BLOCK20/SES207/SA207S25	SES187	-0.319376	-28.4061	-28.0867
BLOCK20/SES207/SA207S27	SES127	-0.50037	-28.7007	-28.2003
BLOCK20/SES207/SA207S27	SES183	-0.436399	-28.6367	-28.2003
BLOCK20/SES207/SA207S27	SES187	-0.271313	-28.4716	-28.2003
BLOCK20/SES207/SA207S27	SES292	-0.401358	-28.6016	-28.2003
BLOCK20/SES207/SA207S29	SES083	-0.509222	-28.5169	-28.0077
BLOCK20/SES207/SA207S29	SES085	-0.392321	-28.4	-28.0077
BLOCK20/SES207/SA207S29	SES172	-0.282038	-28.2897	-28.0077
BLOCK20/SES207/SA207S29	SES189	-0.501146	-28.5088	-28.0077
BLOCK22/SES221/SA221S12	SES068	-0.262953	-28.6054	-28.3424
BLOCK22/SES221/SA221S12	SES143	-0.438107	-28.7805	-28.3424
BLOCK22/SES221/SA221S12	SES175	-0.171747	-28.5142	-28.3424
BLOCK22/SES221/SA221S12	SES202	0.00850677	-28.3339	-28.3424
BLOCK22/SES221/SA221S15	SES085	-0.252907	-29.1598	-28.9069
BLOCK22/SES221/SA221S15	SES143	-0.408012	-29.3149	-28.9069
BLOCK22/SES221/SA221S15	SES175	-0.162113	-29.069	-28.9069
BLOCK22/SES221/SA221S15	SES187	-0.182362	-29.0893	-28.9069
BLOCK22/SES221/SA221S23	SES068	-0.161938	-28.6416	-28.4797
BLOCK22/SES221/SA221S23	SES143	-0.423708	-28.9034	-28.4797
BLOCK22/SES221/SA221S23	SES175	-0.279097	-28.7588	-28.4797
BLOCK22/SES221/SA221S23	SES189	-0.0661812	-28.5458	-28.4797
BLOCK22/SES221/SA221S27	SES085	-0.0510254	-28.6453	-28.5943
BLOCK22/SES221/SA221S27	SES143	-0.400656	-28.995	-28.5943
BLOCK22/SES221/SA221S27	SES175	-0.285086	-28.8794	-28.5943
BLOCK22/SES221/SA221S27	SES189	0.249229	-28.3451	-28.5943
BLOCK22/SES221/SA221S29	SES085	-0.0542221	-28.9228	-28.8686
BLOCK22/SES221/SA221S29	SES143	-0.159264	-29.0278	-28.8686
BLOCK22/SES221/SA221S29	SES175	0.0128384	-28.8557	-28.8686
BLOCK22/SES221/SA221S29	SES187	-0.0266361	-28.8952	-28.8686
BLOCK22/SES223/SA223S11	SES143	-0.379122	-29.1088	-28.7296
BLOCK22/SES223/SA223S11	SES144	-0.337187	-29.0668	-28.7296
BLOCK22/SES223/SA223S11	SES175	-0.362944	-29.0926	-28.7296
BLOCK22/SES223/SA223S11	SES187	-0.3204	-29.05	-28.7296
BLOCK22/SES223/SA223S13	SES068	-0.175344	-29.1821	-29.0068
BLOCK22/SES223/SA223S13	SES143	-0.485744	-29.4925	-29.0068
BLOCK22/SES223/SA223S13	SES146	-0.464083	-29.4709	-29.0068
BLOCK22/SES223/SA223S13	SES202	-0.163067	-29.1698	-29.0068
BLOCK22/SES223/SA223S22	SES143	-0.322861	-29.2229	-28.9
BLOCK22/SES223/SA223S22	SES144	-0.368797	-29.2688	-28.9
BLOCK22/SES223/SA223S22	SES175	-0.224726	-29.1247	-28.9
BLOCK22/SES223/SA223S22	SES187	-0.218815	-29.1188	-28.9
BLOCK22/SES223/SA223S25	SES068	-0.108871	-29.1855	-29.0767
BLOCK22/SES223/SA223S25	SES143	-0.287352	-29.364	-29.0767
BLOCK22/SES223/SA223S25	SES175	-0.0577278	-29.1344	-29.0767
BLOCK22/SES223/SA223S25	SES187	-0.155985	-29.2326	-29.0767
BLOCK22/SES223/SA223S27	SES143	-0.187479	-28.7204	-28.5329
BLOCK22/SES223/SA223S27	SES146	-0.227486	-28.7604	-28.5329
BLOCK22/SES223/SA223S27	SES187	-0.186991	-28.7199	-28.5329
BLOCK22/SES223/SA223S27	SES292	-0.44466	-28.9776	-28.5329
BLOCK27/SES273/SA273S12	SES099	-0.0888386	-28.0416	-27.9528
BLOCK27/SES273/SA273S12	SES104	-0.172028	-28.1248	-27.9528
BLOCK27/SES273/SA273S12	SES125	-0.459435	-28.4122	-27.9528
BLOCK27/SES273/SA273S12	SES206	-0.119572	-28.0723	-27.9528
BLOCK27/SES273/SA273S13	SES099	-0.314775	-28.1617	-27.8469
BLOCK27/SES273/SA273S13	SES104	-0.446123	-28.2931	-27.8469
BLOCK27/SES273/SA273S13	SES206	-0.498549	-28.3455	-27.8469
BLOCK27/SES273/SA273S13	SES292	-0.515413	-28.3624	-27.8469
BLOCK27/SES273/SA273S21	SES099	-0.334969	-27.9978	-27.6629
BLOCK27/SES273/SA273S21	SES148	-0.324732	-27.9876	-27.6629
BLOCK27/SES273/SA273S21	SES149	-0.318993	-27.9819	-27.6629
BLOCK27/SES273/SA273S21	SES177	-0.398836	-28.0617	-27.6629
BLOCK27/SES273/SA273S25	SES104	-0.294415	-28.6151	-28.3207
BLOCK27/SES273/SA273S25	SES125	-0.563713	-28.8844	-28.3207
BLOCK27/SES273/SA273S25	SES158	-0.275038	-28.5957	-28.3207
BLOCK27/SES273/SA273S25	SES206	-0.170692	-28.4914	-28.3207
BLOCK27/SES273/SA273S27	SES099	-0.0995426	-28.2096	-28.1101
BLOCK27/SES273/SA273S27	SES104	-0.469873	-28.5799	-28.1101
BLOCK27/SES273/SA273S27	SES149	-0.426044	-28.5361	-28.1101
BLOCK27/SES273/SA273S27	SES275	-0.416656	-28.5267	-28.1101
BLOCK27/SES274/SA274S10	SES105	-0.627401	-28.2265	-27.5991
BLOCK27/SES274/SA274S10	SES125	-0.345438	-27.9445	-27.5991
BLOCK27/SES274/SA274S10	SES129	-0.446541	-28.0456	-27.5991
BLOCK27/SES274/SA274S10	SES158	-0.644352	-28.2434	-27.5991
BLOCK27/SES274/SA274S11	SES105	-0.443104	-28.0381	-27.595
BLOCK27/SES274/SA274S11	SES149	-0.367729	-27.9627	-27.595
BLOCK27/SES274/SA274S11	SES158	-0.539988	-28.1349	-27.595
BLOCK27/SES274/SA274S11	SES275	-0.18317	-27.7781	-27.595
BLOCK27/SES274/SA274S21	SES105	-0.378387	-27.6707	-27.2923
BLOCK27/SES274/SA274S21	SES129	-0.131968	-27.4242	-27.2923
BLOCK27/SES274/SA274S21	SES149	-0.52046	-27.8127	-27.2923
BLOCK27/SES274/SA274S21	SES158	-0.687349	-27.9796	-27.2923
BLOCK27/SES274/SA274S24	SES105	-0.407185	-28.0547	-27.6475
BLOCK27/SES274/SA274S24	SES129	-0.204258	-27.8517	-27.6475
BLOCK27/SES274/SA274S24	SES149	-0.578402	-28.2259	-27.6475
BLOCK27/SES274/SA274S24	SES158	-0.57814	-28.2256	-27.6475
BLOCK27/SES274/SA274S29	SES105	-0.384834	-28.0475	-27.6627
BLOCK27/SES274/SA274S29	SES106	-0.791153	-28.4538	-27.6627
BLOCK27/SES274/SA274S29	SES120	-0.395582	-28.0583	-27.6627
BLOCK27/SES274/SA274S29	SES275	-0.150635	-27.8133	-27.6627
BLOCK27/SES276/SA276S16	SES148	-0.310652	-28.2176	-27.9069
BLOCK27/SES276/SA276S16	SES172	-0.333168	-28.2401	-27.9069
BLOCK27/SES276/SA276S16	SES180	-0.107637	-28.0145	-27.9069
BLOCK27/SES276/SA276S16	SES292	-0.24334	-28.1502	-27.9069
BLOCK27/SES276/SA276S17	SES101	-0.218491	-28.2802	-28.0617
BLOCK27/SES276/SA276S17	SES177	-0.466524	-28.5282	-28.0617
BLOCK27/SES276/SA276S17	SES180	-0.497231	-28.5589	-28.0617
BLOCK27/SES276/SA276S17	SES292	-0.348579	-28.4103	-28.0617
BLOCK27/SES276/SA276S24	SES101	-0.275946	-27.9608	-27.6849
BLOCK27/SES276/SA276S24	SES177	-0.373659	-28.0585	-27.6849
BLOCK27/SES276/SA276S24	SES180	-0.487658	-28.1725	-27.6849
BLOCK27/SES276/SA276S24	SES292	-0.514116	-28.199	-27.6849
BLOCK27/SES276/SA276S26	SES101	-0.454967	-28.4515	-27.9966
BLOCK27/SES276/SA276S26	SES177	-0.387913	-28.3845	-27.9966
BLOCK27/SES276/SA276S26	SES180	-0.20027	-28.1968	-27.9966
BLOCK27/SES276/SA276S26	SES292	-0.211456	-28.208	-27.9966
BLOCK27/SES276/SA276S28	SES101	-0.193232	-28.0239	-27.8306
BLOCK27/SES276/SA276S28	SES177	-0.440134	-28.2708	-27.8306
BLOCK27/SES276/SA276S28	SES180	-0.215609	-28.0463	-27.8306
BLOCK27/SES276/SA276S28	SES292	-0.351778	-28.1824	-27.8306
BLOCK27/SES277/SA277S12	SES101	-0.188345	-28.9048	-28.7164
BLOCK27/SES277/SA277S12	SES177	-0.330561	-29.047	-28.7164
BLOCK27/SES277/SA277S12	SES180	-0.845783	-29.5622	-28.7164
BLOCK27/SES277/SA277S12	SES292	-0.592539	-29.309	-28.7164
BLOCK27/SES277/SA277S14	SES177	-0.412992	-29.0264	-28.6134
BLOCK27/SES277/SA277S14	SES180	-0.830065	-29.4435	-28.6134
BLOCK27/SES277/SA277S14	SES189	-0.190325	-28.8038	-28.6134
BLOCK27/SES277/SA277S14	SES292	-0.62097	-29.2344	-28.6134
BLOCK27/SES277/SA277S21	SES177	-0.247919	-28.3755	-28.1276
BLOCK27/SES277/SA277S21	SES180	-0.522825	-28.6504	-28.1276
BLOCK27/SES277/SA277S21	SES189	-0.105354	-28.2329	-28.1276
BLOCK27/SES277/SA277S21	SES292	-0.601061	-28.7286	-28.1276
BLOCK27/SES277/SA277S24	SES144	-0.18931	-28.9489	-28.7596
BLOCK27/SES277/SA277S24	SES177	-0.334686	-29.0943	-28.7596
BLOCK27/SES277/SA277S24	SES180	-0.559284	-29.3189	-28.7596
BLOCK27/SES277/SA277S24	SES189	-0.175993	-28.9356	-28.7596
BLOCK27/SES277/SA277S29	SES177	-0.100698	-28.2859	-28.1852
BLOCK27/SES277/SA277S29	SES180	-0.37701	-28.5622	-28.1852
BLOCK27/SES277/SA277S29	SES202	-0.24999	-28.4352	-28.1852
BLOCK27/SES277/SA277S29	SES292	-0.582247	-28.7674	-28.1852
BLOCK27/SES279/SA279S09	SES120	-0.368303	-28.4207	-28.0524
BLOCK27/SES279/SA279S09	SES146	-0.551327	-28.6037	-28.0524
BLOCK27/SES279/SA279S09	SES206	-0.525936	-28.5783	-28.0524
BLOCK27/SES279/SA279S09	SES226	-0.545061	-28.5975	-28.0524
BLOCK27/SES279/SA279S10	SES099	-0.247917	-28.1287	-27.8808
BLOCK27/SES279/SA279S10	SES206	-0.507206	-28.388	-27.8808
BLOCK27/SES279/SA279S10	SES226	-0.361725	-28.2425	-27.8808
BLOCK27/SES279/SA279S10	SES292	-0.180708	-28.0615	-27.8808
BLOCK27/SES279/SA279S20	SES099	-0.367439	-28.7088	-28.3413
BLOCK27/SES279/SA279S20	SES206	-0.297203	-28.6385	-28.3413
BLOCK27/SES279/SA279S20	SES226	-0.665495	-29.0068	-28.3413
BLOCK27/SES279/SA279S20	SES292	-0.144062	-28.4854	-28.3413
BLOCK27/SES279/SA279S26	SES099	-0.318308	-28.6272	-28.3089
BLOCK27/SES279/SA279S26	SES206	-0.337233	-28.6461	-28.3089
BLOCK27/SES279/SA279S26	SES226	-0.306105	-28.615	-28.3089
BLOCK27/SES279/SA279S26	SES292	-0.28989	-28.5988	-28.3089
BLOCK27/SES279/SA279S28	SES099	-0.235638	-27.7374	-27.5017
BLOCK27/SES279/SA279S28	SES120	-0.530224	-28.0319	-27.5017
BLOCK27/SES279/SA279S28	SES177	-0.423914	-27.9256	-27.5017
BLOCK27/SES279/SA279S28	SES206	-0.342726	-27.8444	-27.5017
BLOCK29/SES290/SA290S12	SES162	-0.192198	-27.953	-27.7608
BLOCK29/SES290/SA290S12	SES177	-0.148153	-27.909	-27.7608
BLOCK29/SES290/SA290S12	SES180	-0.22298	-27.9838	-27.7608
BLOCK29/SES290/SA290S12	SES292	-0.432295	-28.1931	-27.7608
BLOCK29/SES290/SA290S13	SES007	-0.440596	-29.1886	-28.748
BLOCK29/SES290/SA290S13	SES162	-0.640379	-29.3884	-28.748
BLOCK29/SES290/SA290S13	SES177	-0.524849	-29.2728	-28.748
BLOCK29/SES290/SA290S13	SES180	-0.349348	-29.0973	-28.748
BLOCK29/SES290/SA290S22	SES177	-0.197046	-28.2123	-28.0153
BLOCK29/SES290/SA290S22	SES180	-0.0817585	-28.097	-28.0153
BLOCK29/SES290/SA290S22	SES202	-0.158665	-28.174	-28.0153
BLOCK29/SES290/SA290S22	SES292	-0.224325	-28.2396	-28.0153
BLOCK29/SES290/SA290S25	SES162	-0.354399	-28.1574	-27.803
BLOCK29/SES290/SA290S25	SES177	-0.219791	-28.0228	-27.803
BLOCK29/SES290/SA290S25	SES180	-0.373322	-28.1763	-27.803
BLOCK29/SES290/SA290S25	SES292	-0.304968	-28.1079	-27.803
BLOCK29/SES290/SA290S29	SES177	-0.203806	-27.928	-27.7242
BLOCK29/SES290/SA290S29	SES180	-0.413307	-28.1375	-27.7242
BLOCK29/SES290/SA290S29	SES275	-0.502899	-28.2271	-27.7242
BLOCK29/SES290/SA290S29	SES292	-0.158653	-27.8829	-27.7242
BLOCK29/SES291/SA291S11	SES105	-0.529514	-29.3596	-28.8301
BLOCK29/SES291/SA291S11	SES125	-0.287271	-29.1173	-28.8301
BLOCK29/SES291/SA291S11	SES158	-0.206736	-29.0368	-28.8301
BLOCK29/SES291/SA291S11	SES275	-0.533285	-29.3633	-28.8301
BLOCK29/SES291/SA291S12	SES158	-0.0695477	-28.377	-28.3075
BLOCK29/SES291/SA291S12	SES226	-0.423008	-28.7305	-28.3075
BLOCK29/SES291/SA291S12	SES270	-0.0960026	-28.4035	-28.3075
BLOCK29/SES291/SA291S12	SES275	-0.466331	-28.7738	-28.3075
BLOCK29/SES291/SA291S22	SES082	-0.426397	-28.9157	-28.4893
BLOCK29/SES291/SA291S22	SES158	-0.288292	-28.7776	-28.4893
BLOCK29/SES291/SA291S22	SES259	-0.313221	-28.8025	-28.4893
BLOCK29/SES291/SA291S22	SES275	-0.518108	-29.0074	-28.4893
BLOCK29/SES291/SA291S24	SES104	-0.00240135	-28.4703	-28.4679
BLOCK29/SES291/SA291S24	SES125	-0.0671482	-28.5351	-28.4679
BLOCK29/SES291/SA291S24	SES158	-0.343884	-28.8118	-28.4679
BLOCK29/SES291/SA291S24	SES275	-0.395056	-28.863	-28.4679
BLOCK29/SES291/SA291S27	SES158	0.0760899	-28.6463	-28.7224
BLOCK29/SES291/SA291S27	SES172	-0.803764	-29.5262	-28.7224
BLOCK29/SES291/SA291S27	SES275	-0.703236	-29.4256	-28.7224
BLOCK29/SES291/SA291S27	SES292	-0.503857	-29.2262	-28.7224
Threshold search:
THR	-1.37794286049	9	0(0)	1(1000)
THR	-1.3493379318851	8.991	0(0)	0.999(999)
THR	-1.3207330032802	8.991	0(0)	0.999(999)
THR	-1.2921280746753	8.991	0(0)	0.999(999)
THR	-1.2635231460704	8.991	0(0)	0.999(999)
THR	-1.2349182174655	8.991	0(0)	0.999(999)
THR	-1.2063132888606	8.991	0(0)	0.999(999)
THR	-1.1777083602557	8.991	0(0)	0.999(999)
THR	-1.1491034316508	8.973	0(0)	0.997(997)
THR	-1.1204985030459	8.955	0(0)	0.995(995)
THR	-1.091893574441	8.955	0(0)	0.995(995)
THR	-1.0632886458361	8.955	0(0)	0.995(995)
THR	-1.0346837172312	8.937	0(0)	0.993(993)
THR	-1.0060787886263	8.928	0(0)	0.992(992)
THR	-0.977473860021401	8.928	0(0)	0.992(992)
THR	-0.948868931416501	8.91	0(0)	0.99(990)
THR	-0.920264002811601	8.91	0(0)	0.99(990)
THR	-0.891659074206701	8.856	0(0)	0.984(984)
THR	-0.8630541456018	8.82	0(0)	0.98(980)
THR	-0.8344492169969	8.775	0(0)	0.975(975)
THR	-0.805844288392	8.694	0(0)	0.966(966)
THR	-0.7772393597871	8.631	0(0)	0.959(959)
THR	-0.7486344311822	8.514	0(0)	0.946(946)
THR	-0.7200295025773	8.397	0(0)	0.933(933)
THR	-0.6914245739724	8.289	0(0)	0.921(921)
THR	-0.6628196453675	8.172	0(0)	0.908(908)
THR	-0.6342147167626	8.037	0(0)	0.893(893)
THR	-0.6056097881577	7.758	0(0)	0.862(862)
THR	-0.5770048595528	7.524	0(0)	0.836(836)
THR	-0.5483999309479	7.344	0(0)	0.816(816)
THR	-0.519795002343	7.002	0(0)	0.778(778)
THR	-0.4911900737381	6.705	0(0)	0.745(745)
THR	-0.4625851451332	6.336	0(0)	0.704(704)
THR	-0.4339802165283	6.003	0(0)	0.667(667)
THR	-0.4053752879234	5.598	0(0)	0.622(622)
THR	-0.3767703593185	5.125	0.004(1)	0.569(569)
THR	-0.3481654307136	4.729	0.004(1)	0.525(525)
THR	-0.3195605021087	4.337	0.008(2)	0.481(481)
THR	-0.2909555735038	3.909	0.012(3)	0.433(433)
THR	-0.2623506448989	3.341	0.02(5)	0.369(369)
THR	-0.233745716294	2.868	0.024(6)	0.316(316)
THR	-0.2051407876891	2.435	0.032(8)	0.267(267)
THR	-0.1765358590842	1.971	0.036(9)	0.215(215)
THR	-0.1479309304793	1.502	0.044(11)	0.162(162)
THR	-0.1193260018744	1.261	0.064(16)	0.133(133)
THR	-0.0907210732695	0.998	0.08(20)	0.102(102)
THR	-0.0621161446646	0.775	0.1(25)	0.075(75)
THR	-0.0335112160597	0.609	0.132(33)	0.053(53)
THR	-0.00490628745480002	0.55	0.172(43)	0.042(42)
THR	0.0236986411501	0.493	0.232(58)	0.029(29)
THR	0.052303569755	0.476	0.296(74)	0.02(20)
THR	0.0809084983599	0.478	0.352(88)	0.014(14)
THR	0.1095134269648	0.506	0.416(104)	0.01(10)
THR	0.1381183555697	0.54	0.468(117)	0.008(8)
THR	0.1667232841746	0.557	0.512(128)	0.005(5)
THR	0.1953282127795	0.604	0.568(142)	0.004(4)
THR	0.2239331413844	0.667	0.64(160)	0.003(3)
THR	0.2525380699893	0.706	0.688(172)	0.002(2)
THR	0.2811429985942	0.734	0.716(179)	0.002(2)
THR	0.3097479271991	0.778	0.76(190)	0.002(2)
THR	0.338352855804	0.806	0.788(197)	0.002(2)
THR	0.3669577844089	0.821	0.812(203)	0.001(1)
THR	0.3955627130138	0.837	0.828(207)	0.001(1)
THR	0.4241676416187	0.849	0.84(210)	0.001(1)
THR	0.4527725702236	0.873	0.864(216)	0.001(1)
THR	0.4813774988285	0.88	0.88(220)	0(0)
THR	0.5099824274334	0.896	0.896(224)	0(0)
THR	0.5385873560383	0.92	0.92(230)	0(0)
THR	0.5671922846432	0.936	0.936(234)	0(0)
THR	0.5957972132481	0.952	0.952(238)	0(0)
THR	0.624402141853	0.968	0.968(242)	0(0)
THR	0.6530070704579	0.972	0.972(243)	0(0)
THR	0.6816119990628	0.976	0.976(244)	0(0)
THR	0.7102169276677	0.984	0.984(246)	0(0)
THR	0.7388218562726	0.984	0.984(246)	0(0)
THR	0.7674267848775	0.988	0.988(247)	0(0)
THR	0.7960317134824	0.988	0.988(247)	0(0)
THR	0.8246366420873	0.988	0.988(247)	0(0)
THR	0.853241570692201	0.988	0.988(247)	0(0)
THR	0.881846499297101	0.988	0.988(247)	0(0)
THR	0.910451427902001	0.988	0.988(247)	0(0)
THR	0.939056356506901	0.988	0.988(247)	0(0)
THR	0.967661285111801	0.988	0.988(247)	0(0)
THR	0.996266213716701	0.988	0.988(247)	0(0)
THR	1.0248711423216	0.988	0.988(247)	0(0)
THR	1.0534760709265	0.988	0.988(247)	0(0)
THR	1.0820809995314	0.992	0.992(248)	0(0)
THR	1.1106859281363	0.992	0.992(248)	0(0)
THR	1.1392908567412	0.992	0.992(248)	0(0)
THR	1.1678957853461	0.992	0.992(248)	0(0)
THR	1.196500713951	0.992	0.992(248)	0(0)
THR	1.2251056425559	0.992	0.992(248)	0(0)
THR	1.2537105711608	0.996	0.996(249)	0(0)
THR	1.2823154997657	0.996	0.996(249)	0(0)
THR	1.3109204283706	0.996	0.996(249)	0(0)
THR	1.3395253569755	0.996	0.996(249)	0(0)
THR	1.3681302855804	0.996	0.996(249)	0(0)
THR	1.3967352141853	0.996	0.996(249)	0(0)
THR	1.4253401427902	0.996	0.996(249)	0(0)
THR	1.4539450713951	0.996	0.996(249)	0(0)
THR	1.48255	0.996	0.996(249)	0(0)
THR	1.5111549286049	1	1(250)	0(0)


==============================================
THR: 0.052303569755
Missed:     74/250=0.2960
FalseAlarm: 20/1000=0.0200
----------------------------------------------
==> CostDetection: 47.6
==============================================
